<?xml version="1.0" encoding="UTF-8" ?>
<testsuites name="vitest tests" tests="876" failures="0" errors="0" time="77.405">
    <testsuite name="test/alerts-evaluate.spec.ts" timestamp="2026-01-01T10:46:50.783Z" hostname="sngvahmed" tests="6" failures="0" errors="0" skipped="0" time="0.597">
        <testcase classname="test/alerts-evaluate.spec.ts" name="evaluateAlerts &gt; notifies only when direction condition transitions from false to true" time="0.037">
        </testcase>
        <testcase classname="test/alerts-evaluate.spec.ts" name="evaluateAlerts &gt; resets state when price falls back below threshold" time="0.094">
        </testcase>
        <testcase classname="test/alerts-evaluate.spec.ts" name="evaluateAlerts &gt; skips alerts that lack a price" time="0.036">
        </testcase>
        <testcase classname="test/alerts-evaluate.spec.ts" name="evaluateAlerts &gt; notifies on significant price change after initial trigger (2% change)" time="0.098">
        </testcase>
        <testcase classname="test/alerts-evaluate.spec.ts" name="evaluateAlerts &gt; suppresses notifications during cooldown period" time="0.099">
        </testcase>
        <testcase classname="test/alerts-evaluate.spec.ts" name="evaluateAlerts &gt; handles &apos;below&apos; direction correctly" time="0.039">
        </testcase>
    </testsuite>
    <testsuite name="test/alerts-handler.spec.ts" timestamp="2026-01-01T10:46:50.792Z" hostname="sngvahmed" tests="5" failures="0" errors="0" skipped="0" time="0.13">
        <testcase classname="test/alerts-handler.spec.ts" name="alerts handler &gt; lists alerts" time="0.03">
        </testcase>
        <testcase classname="test/alerts-handler.spec.ts" name="alerts handler &gt; creates an alert when payload is valid" time="0.026">
        </testcase>
        <testcase classname="test/alerts-handler.spec.ts" name="alerts handler &gt; returns 404 when an alert is missing" time="0.018">
        </testcase>
        <testcase classname="test/alerts-handler.spec.ts" name="alerts handler &gt; updates alerts via PUT" time="0.014">
        </testcase>
        <testcase classname="test/alerts-handler.spec.ts" name="alerts handler &gt; deletes alerts" time="0.018">
        </testcase>
    </testsuite>
    <testsuite name="test/alerts-storage.spec.ts" timestamp="2026-01-01T10:46:50.797Z" hostname="sngvahmed" tests="19" failures="0" errors="0" skipped="0" time="1.634">
        <testcase classname="test/alerts-storage.spec.ts" name="alerts storage queries &gt; lists alerts" time="0.036">
        </testcase>
        <testcase classname="test/alerts-storage.spec.ts" name="alerts storage queries &gt; creates and returns an alert" time="0.123">
            <system-out>
Creating alert with username: testuser, symbol: AAPL

Alert created successfully: id=generated-id, username=testuser, symbol=AAPL

            </system-out>
        </testcase>
        <testcase classname="test/alerts-storage.spec.ts" name="alerts storage queries &gt; throws validation error for invalid data" time="0.232">
            <system-out>
Creating alert with username: u, symbol: BAD

            </system-out>
        </testcase>
        <testcase classname="test/alerts-storage.spec.ts" name="alerts storage queries &gt; throws missing data error" time="0.114">
            <system-out>
Creating alert with username: u, symbol: 

            </system-out>
        </testcase>
        <testcase classname="test/alerts-storage.spec.ts" name="alerts storage queries &gt; throws if alert creation cannot be verified" time="0.127">
            <system-out>
Creating alert with username: u, symbol: A

            </system-out>
        </testcase>
        <testcase classname="test/alerts-storage.spec.ts" name="alerts storage queries &gt; throws if created alert has mismatched username" time="0.083">
            <system-out>
Creating alert with username: me, symbol: A

            </system-out>
        </testcase>
        <testcase classname="test/alerts-storage.spec.ts" name="alerts storage queries &gt; updates alerts with provided fields" time="0.045">
        </testcase>
        <testcase classname="test/alerts-storage.spec.ts" name="alerts storage queries &gt; deletes alerts" time="0.1">
        </testcase>
        <testcase classname="test/alerts-storage.spec.ts" name="alerts storage queries &gt; lists active alerts" time="0.085">
        </testcase>
        <testcase classname="test/alerts-storage.spec.ts" name="alerts storage queries &gt; lists all alerts for admin (null username)" time="0.049">
        </testcase>
        <testcase classname="test/alerts-storage.spec.ts" name="alerts storage queries &gt; throws specific error on unique constraint violation" time="0.081">
            <system-out>
Creating alert with username: testuser, symbol: AAPL

            </system-out>
        </testcase>
        <testcase classname="test/alerts-storage.spec.ts" name="alerts storage queries &gt; lists active alerts for specific user" time="0.03">
        </testcase>
        <testcase classname="test/alerts-storage.spec.ts" name="alerts storage queries &gt; admin updates alert (null username)" time="0.086">
        </testcase>
        <testcase classname="test/alerts-storage.spec.ts" name="alerts storage queries &gt; admin deletes alert (null username)" time="0.034">
        </testcase>
        <testcase classname="test/alerts-storage.spec.ts" name="alerts storage queries &gt; updates all alert fields" time="0.082">
        </testcase>
        <testcase classname="test/alerts-storage.spec.ts" name="alerts state KV &gt; reads and writes state snapshots" time="0.032">
            <system-out>
[KV Cache] Queued state update for alert 1 (1 pending writes)

            </system-out>
        </testcase>
        <testcase classname="test/alerts-storage.spec.ts" name="alerts state KV &gt; reads state from KV when cache misses" time="0.038">
        </testcase>
        <testcase classname="test/alerts-storage.spec.ts" name="alerts state KV &gt; deletes state" time="0.055">
            <system-out>
[KV Cache] Queued state update for alert 1 (1 pending writes)

            </system-out>
        </testcase>
        <testcase classname="test/alerts-storage.spec.ts" name="alerts state KV &gt; handles JSON parse errors in state gracefully" time="0.031">
        </testcase>
    </testsuite>
    <testsuite name="test/alerts-validation.spec.ts" timestamp="2026-01-01T10:46:50.806Z" hostname="sngvahmed" tests="10" failures="0" errors="0" skipped="0" time="1.096">
        <testcase classname="test/alerts-validation.spec.ts" name="alert validation &gt; validates creation payloads" time="0.027">
        </testcase>
        <testcase classname="test/alerts-validation.spec.ts" name="alert validation &gt; validation handles minimal valid payload" time="0.106">
        </testcase>
        <testcase classname="test/alerts-validation.spec.ts" name="alert validation &gt; rejects invalid creation payloads" time="0.102">
        </testcase>
        <testcase classname="test/alerts-validation.spec.ts" name="alert validation &gt; rejects invalid enum values for creation" time="0.099">
        </testcase>
        <testcase classname="test/alerts-validation.spec.ts" name="alert validation &gt; validates updates" time="0.042">
        </testcase>
        <testcase classname="test/alerts-validation.spec.ts" name="alert validation &gt; validates full update success" time="0.131">
        </testcase>
        <testcase classname="test/alerts-validation.spec.ts" name="alert validation &gt; validates partial updates" time="0.129">
        </testcase>
        <testcase classname="test/alerts-validation.spec.ts" name="alert validation &gt; validates clearing notes" time="0.09">
        </testcase>
        <testcase classname="test/alerts-validation.spec.ts" name="alert validation &gt; rejects invalid update values" time="0.105">
        </testcase>
        <testcase classname="test/alerts-validation.spec.ts" name="alert validation &gt; requires at least one field on update" time="0.111">
        </testcase>
    </testsuite>
    <testsuite name="test/api-comprehensive.spec.ts" timestamp="2026-01-01T10:46:50.808Z" hostname="sngvahmed" tests="38" failures="0" errors="0" skipped="0" time="0.748">
        <testcase classname="test/api-comprehensive.spec.ts" name="API - Health Check &gt; GET /v1/api/health returns OK status" time="0.006">
        </testcase>
        <testcase classname="test/api-comprehensive.spec.ts" name="API - Get Single Stock &gt; GET /v1/api/get-stock returns stock data with all required fields" time="0.024">
            <system-out>
{&quot;timestamp&quot;:&quot;2026-01-01T10:46:48.500Z&quot;,&quot;service&quot;:&quot;stockly-api-test&quot;,&quot;level&quot;:&quot;DEBUG&quot;,&quot;traceId&quot;:&quot;test-trace-id&quot;,&quot;userId&quot;:null,&quot;path&quot;:&quot;/test&quot;,&quot;message&quot;:&quot;D1 first: SELECT symbol, price, day_low, day_high, volume, timestamp\n       FROM stock_prices\n       WHERE symbol = ?\n       ORDER BY timestamp DESC\n       LIMIT 1&quot;,&quot;type&quot;:&quot;data_operation&quot;,&quot;operation&quot;:&quot;d1&quot;,&quot;query&quot;:&quot;SELECT symbol, price, day_low, day_high, volume, timestamp\n       FROM stock_prices\n       WHERE symbol = ?\n       ORDER BY timestamp DESC\n       LIMIT 1&quot;,&quot;latencyMs&quot;:0,&quot;cacheStatus&quot;:&quot;N/A&quot;}

{&quot;timestamp&quot;:&quot;2026-01-01T10:46:48.502Z&quot;,&quot;service&quot;:&quot;stockly-api-test&quot;,&quot;level&quot;:&quot;DEBUG&quot;,&quot;traceId&quot;:&quot;test-trace-id&quot;,&quot;userId&quot;:null,&quot;path&quot;:&quot;/test&quot;,&quot;message&quot;:&quot;D1 first: SELECT * FROM api_endpoints WHERE id = ?&quot;,&quot;type&quot;:&quot;data_operation&quot;,&quot;operation&quot;:&quot;d1&quot;,&quot;query&quot;:&quot;SELECT * FROM api_endpoints WHERE id = ?&quot;,&quot;latencyMs&quot;:0,&quot;cacheStatus&quot;:&quot;N/A&quot;}

{&quot;timestamp&quot;:&quot;2026-01-01T10:46:48.504Z&quot;,&quot;service&quot;:&quot;stockly-api-test&quot;,&quot;level&quot;:&quot;DEBUG&quot;,&quot;traceId&quot;:&quot;test-trace-id&quot;,&quot;userId&quot;:null,&quot;path&quot;:&quot;/test&quot;,&quot;message&quot;:&quot;D1 first: SELECT * FROM api_endpoints WHERE id = ?&quot;,&quot;type&quot;:&quot;data_operation&quot;,&quot;operation&quot;:&quot;d1&quot;,&quot;query&quot;:&quot;SELECT * FROM api_endpoints WHERE id = ?&quot;,&quot;latencyMs&quot;:0,&quot;cacheStatus&quot;:&quot;N/A&quot;}

{&quot;timestamp&quot;:&quot;2026-01-01T10:46:48.507Z&quot;,&quot;service&quot;:&quot;stockly-api-test&quot;,&quot;level&quot;:&quot;DEBUG&quot;,&quot;traceId&quot;:&quot;test-trace-id&quot;,&quot;userId&quot;:null,&quot;path&quot;:&quot;/test&quot;,&quot;message&quot;:&quot;D1 run: INSERT INTO stock_prices (symbol, price, day_low, day_high, volume, timestamp)\n       VALUES (?, ?, ?, ?, ?, ?)&quot;,&quot;type&quot;:&quot;data_operation&quot;,&quot;operation&quot;:&quot;d1&quot;,&quot;query&quot;:&quot;INSERT INTO stock_prices (symbol, price, day_low, day_high, volume, timestamp)\n       VALUES (?, ?, ?, ?, ?, ?)&quot;,&quot;latencyMs&quot;:0,&quot;cacheStatus&quot;:&quot;N/A&quot;}

            </system-out>
            <system-err>
{&quot;timestamp&quot;:&quot;2026-01-01T10:46:48.502Z&quot;,&quot;service&quot;:&quot;stockly-api-test&quot;,&quot;level&quot;:&quot;WARN&quot;,&quot;traceId&quot;:&quot;test-trace-id&quot;,&quot;userId&quot;:null,&quot;path&quot;:&quot;/test&quot;,&quot;message&quot;:&quot;Datalake adapter not available for endpoint quote, will fallback to direct FMP&quot;,&quot;type&quot;:&quot;general&quot;}

{&quot;timestamp&quot;:&quot;2026-01-01T10:46:48.504Z&quot;,&quot;service&quot;:&quot;stockly-api-test&quot;,&quot;level&quot;:&quot;WARN&quot;,&quot;traceId&quot;:&quot;test-trace-id&quot;,&quot;userId&quot;:null,&quot;path&quot;:&quot;/test&quot;,&quot;message&quot;:&quot;Datalake adapter not available for endpoint profile, will fallback to direct FMP&quot;,&quot;type&quot;:&quot;general&quot;}

            </system-err>
        </testcase>
        <testcase classname="test/api-comprehensive.spec.ts" name="API - Get Single Stock &gt; GET /v1/api/get-stock returns 400 when symbol is missing" time="0.007">
        </testcase>
        <testcase classname="test/api-comprehensive.spec.ts" name="API - Get Multiple Stocks &gt; GET /v1/api/get-stocks returns array of stocks with all fields" time="0.017">
            <system-out>
{&quot;timestamp&quot;:&quot;2026-01-01T10:46:48.522Z&quot;,&quot;service&quot;:&quot;stockly-api-test&quot;,&quot;level&quot;:&quot;DEBUG&quot;,&quot;traceId&quot;:&quot;test-trace-id&quot;,&quot;userId&quot;:null,&quot;path&quot;:&quot;/test&quot;,&quot;message&quot;:&quot;D1 first: SELECT symbol, price, day_low, day_high, volume, timestamp\n       FROM stock_prices\n       WHERE symbol = ?\n       ORDER BY timestamp DESC\n       LIMIT 1&quot;,&quot;type&quot;:&quot;data_operation&quot;,&quot;operation&quot;:&quot;d1&quot;,&quot;query&quot;:&quot;SELECT symbol, price, day_low, day_high, volume, timestamp\n       FROM stock_prices\n       WHERE symbol = ?\n       ORDER BY timestamp DESC\n       LIMIT 1&quot;,&quot;latencyMs&quot;:0,&quot;cacheStatus&quot;:&quot;N/A&quot;}

{&quot;timestamp&quot;:&quot;2026-01-01T10:46:48.522Z&quot;,&quot;service&quot;:&quot;stockly-api-test&quot;,&quot;level&quot;:&quot;DEBUG&quot;,&quot;traceId&quot;:&quot;test-trace-id&quot;,&quot;userId&quot;:null,&quot;path&quot;:&quot;/test&quot;,&quot;message&quot;:&quot;D1 first: SELECT symbol, price, day_low, day_high, volume, timestamp\n       FROM stock_prices\n       WHERE symbol = ?\n       ORDER BY timestamp DESC\n       LIMIT 1&quot;,&quot;type&quot;:&quot;data_operation&quot;,&quot;operation&quot;:&quot;d1&quot;,&quot;query&quot;:&quot;SELECT symbol, price, day_low, day_high, volume, timestamp\n       FROM stock_prices\n       WHERE symbol = ?\n       ORDER BY timestamp DESC\n       LIMIT 1&quot;,&quot;latencyMs&quot;:0,&quot;cacheStatus&quot;:&quot;N/A&quot;}

{&quot;timestamp&quot;:&quot;2026-01-01T10:46:48.523Z&quot;,&quot;service&quot;:&quot;stockly-api-test&quot;,&quot;level&quot;:&quot;DEBUG&quot;,&quot;traceId&quot;:&quot;test-trace-id&quot;,&quot;userId&quot;:null,&quot;path&quot;:&quot;/test&quot;,&quot;message&quot;:&quot;D1 first: SELECT * FROM api_endpoints WHERE id = ?&quot;,&quot;type&quot;:&quot;data_operation&quot;,&quot;operation&quot;:&quot;d1&quot;,&quot;query&quot;:&quot;SELECT * FROM api_endpoints WHERE id = ?&quot;,&quot;latencyMs&quot;:0,&quot;cacheStatus&quot;:&quot;N/A&quot;}
{&quot;timestamp&quot;:&quot;2026-01-01T10:46:48.523Z&quot;,&quot;service&quot;:&quot;stockly-api-test&quot;,&quot;level&quot;:&quot;DEBUG&quot;,&quot;traceId&quot;:&quot;test-trace-id&quot;,&quot;userId&quot;:null,&quot;path&quot;:&quot;/test&quot;,&quot;message&quot;:&quot;D1 first: SELECT * FROM api_endpoints WHERE id = ?&quot;,&quot;type&quot;:&quot;data_operation&quot;,&quot;operation&quot;:&quot;d1&quot;,&quot;query&quot;:&quot;SELECT * FROM api_endpoints WHERE id = ?&quot;,&quot;latencyMs&quot;:0,&quot;cacheStatus&quot;:&quot;N/A&quot;}

{&quot;timestamp&quot;:&quot;2026-01-01T10:46:48.530Z&quot;,&quot;service&quot;:&quot;stockly-api-test&quot;,&quot;level&quot;:&quot;DEBUG&quot;,&quot;traceId&quot;:&quot;test-trace-id&quot;,&quot;userId&quot;:null,&quot;path&quot;:&quot;/test&quot;,&quot;message&quot;:&quot;D1 first: SELECT * FROM api_endpoints WHERE id = ?&quot;,&quot;type&quot;:&quot;data_operation&quot;,&quot;operation&quot;:&quot;d1&quot;,&quot;query&quot;:&quot;SELECT * FROM api_endpoints WHERE id = ?&quot;,&quot;latencyMs&quot;:0,&quot;cacheStatus&quot;:&quot;N/A&quot;}

{&quot;timestamp&quot;:&quot;2026-01-01T10:46:48.531Z&quot;,&quot;service&quot;:&quot;stockly-api-test&quot;,&quot;level&quot;:&quot;DEBUG&quot;,&quot;traceId&quot;:&quot;test-trace-id&quot;,&quot;userId&quot;:null,&quot;path&quot;:&quot;/test&quot;,&quot;message&quot;:&quot;D1 first: SELECT * FROM api_endpoints WHERE id = ?&quot;,&quot;type&quot;:&quot;data_operation&quot;,&quot;operation&quot;:&quot;d1&quot;,&quot;query&quot;:&quot;SELECT * FROM api_endpoints WHERE id = ?&quot;,&quot;latencyMs&quot;:0,&quot;cacheStatus&quot;:&quot;N/A&quot;}

{&quot;timestamp&quot;:&quot;2026-01-01T10:46:48.533Z&quot;,&quot;service&quot;:&quot;stockly-api-test&quot;,&quot;level&quot;:&quot;DEBUG&quot;,&quot;traceId&quot;:&quot;test-trace-id&quot;,&quot;userId&quot;:null,&quot;path&quot;:&quot;/test&quot;,&quot;message&quot;:&quot;D1 run: INSERT INTO stock_prices (symbol, price, day_low, day_high, volume, timestamp)\n       VALUES (?, ?, ?, ?, ?, ?)&quot;,&quot;type&quot;:&quot;data_operation&quot;,&quot;operation&quot;:&quot;d1&quot;,&quot;query&quot;:&quot;INSERT INTO stock_prices (symbol, price, day_low, day_high, volume, timestamp)\n       VALUES (?, ?, ?, ?, ?, ?)&quot;,&quot;latencyMs&quot;:0,&quot;cacheStatus&quot;:&quot;N/A&quot;}
{&quot;timestamp&quot;:&quot;2026-01-01T10:46:48.533Z&quot;,&quot;service&quot;:&quot;stockly-api-test&quot;,&quot;level&quot;:&quot;DEBUG&quot;,&quot;traceId&quot;:&quot;test-trace-id&quot;,&quot;userId&quot;:null,&quot;path&quot;:&quot;/test&quot;,&quot;message&quot;:&quot;D1 run: INSERT INTO stock_prices (symbol, price, day_low, day_high, volume, timestamp)\n       VALUES (?, ?, ?, ?, ?, ?)&quot;,&quot;type&quot;:&quot;data_operation&quot;,&quot;operation&quot;:&quot;d1&quot;,&quot;query&quot;:&quot;INSERT INTO stock_prices (symbol, price, day_low, day_high, volume, timestamp)\n       VALUES (?, ?, ?, ?, ?, ?)&quot;,&quot;latencyMs&quot;:0,&quot;cacheStatus&quot;:&quot;N/A&quot;}

            </system-out>
            <system-err>
{&quot;timestamp&quot;:&quot;2026-01-01T10:46:48.523Z&quot;,&quot;service&quot;:&quot;stockly-api-test&quot;,&quot;level&quot;:&quot;WARN&quot;,&quot;traceId&quot;:&quot;test-trace-id&quot;,&quot;userId&quot;:null,&quot;path&quot;:&quot;/test&quot;,&quot;message&quot;:&quot;Datalake adapter not available for endpoint quote, will fallback to direct FMP&quot;,&quot;type&quot;:&quot;general&quot;}
{&quot;timestamp&quot;:&quot;2026-01-01T10:46:48.523Z&quot;,&quot;service&quot;:&quot;stockly-api-test&quot;,&quot;level&quot;:&quot;WARN&quot;,&quot;traceId&quot;:&quot;test-trace-id&quot;,&quot;userId&quot;:null,&quot;path&quot;:&quot;/test&quot;,&quot;message&quot;:&quot;Datalake adapter not available for endpoint quote, will fallback to direct FMP&quot;,&quot;type&quot;:&quot;general&quot;}

{&quot;timestamp&quot;:&quot;2026-01-01T10:46:48.530Z&quot;,&quot;service&quot;:&quot;stockly-api-test&quot;,&quot;level&quot;:&quot;WARN&quot;,&quot;traceId&quot;:&quot;test-trace-id&quot;,&quot;userId&quot;:null,&quot;path&quot;:&quot;/test&quot;,&quot;message&quot;:&quot;Datalake adapter not available for endpoint profile, will fallback to direct FMP&quot;,&quot;type&quot;:&quot;general&quot;}

{&quot;timestamp&quot;:&quot;2026-01-01T10:46:48.531Z&quot;,&quot;service&quot;:&quot;stockly-api-test&quot;,&quot;level&quot;:&quot;WARN&quot;,&quot;traceId&quot;:&quot;test-trace-id&quot;,&quot;userId&quot;:null,&quot;path&quot;:&quot;/test&quot;,&quot;message&quot;:&quot;Datalake adapter not available for endpoint profile, will fallback to direct FMP&quot;,&quot;type&quot;:&quot;general&quot;}

{&quot;timestamp&quot;:&quot;2026-01-01T10:46:48.534Z&quot;,&quot;service&quot;:&quot;stockly-api-test&quot;,&quot;level&quot;:&quot;WARN&quot;,&quot;traceId&quot;:&quot;test-trace-id&quot;,&quot;userId&quot;:null,&quot;path&quot;:&quot;/test&quot;,&quot;message&quot;:&quot;Market cache refresh failed (non-blocking)&quot;,&quot;type&quot;:&quot;general&quot;}

            </system-err>
        </testcase>
        <testcase classname="test/api-comprehensive.spec.ts" name="API - Get Multiple Stocks &gt; GET /v1/api/get-stocks returns 400 when symbols parameter is missing" time="0.005">
        </testcase>
        <testcase classname="test/api-comprehensive.spec.ts" name="API - Search Stocks &gt; GET /v1/api/search-stock returns matching stocks" time="0.009">
            <system-out>
{&quot;timestamp&quot;:&quot;2026-01-01T10:46:48.549Z&quot;,&quot;service&quot;:&quot;stockly-api-test&quot;,&quot;level&quot;:&quot;DEBUG&quot;,&quot;traceId&quot;:&quot;test-trace-id&quot;,&quot;userId&quot;:null,&quot;path&quot;:&quot;/test&quot;,&quot;message&quot;:&quot;D1 first: SELECT results, timestamp\n           FROM search_cache\n           WHERE query = ?\n           ORDER BY timestamp DESC\n           LIMIT 1&quot;,&quot;type&quot;:&quot;data_operation&quot;,&quot;operation&quot;:&quot;d1&quot;,&quot;query&quot;:&quot;SELECT results, timestamp\n           FROM search_cache\n           WHERE query = ?\n           ORDER BY timestamp DESC\n           LIMIT 1&quot;,&quot;latencyMs&quot;:0,&quot;cacheStatus&quot;:&quot;N/A&quot;}

{&quot;timestamp&quot;:&quot;2026-01-01T10:46:48.549Z&quot;,&quot;service&quot;:&quot;stockly-api-test&quot;,&quot;level&quot;:&quot;DEBUG&quot;,&quot;traceId&quot;:&quot;test-trace-id&quot;,&quot;userId&quot;:null,&quot;path&quot;:&quot;/test&quot;,&quot;message&quot;:&quot;D1 first: SELECT * FROM api_endpoints WHERE id = ?&quot;,&quot;type&quot;:&quot;data_operation&quot;,&quot;operation&quot;:&quot;d1&quot;,&quot;query&quot;:&quot;SELECT * FROM api_endpoints WHERE id = ?&quot;,&quot;latencyMs&quot;:0,&quot;cacheStatus&quot;:&quot;N/A&quot;}

{&quot;timestamp&quot;:&quot;2026-01-01T10:46:48.549Z&quot;,&quot;service&quot;:&quot;stockly-api-test&quot;,&quot;level&quot;:&quot;DEBUG&quot;,&quot;traceId&quot;:&quot;test-trace-id&quot;,&quot;userId&quot;:null,&quot;path&quot;:&quot;/test&quot;,&quot;message&quot;:&quot;D1 first: SELECT * FROM api_endpoints WHERE id = ?&quot;,&quot;type&quot;:&quot;data_operation&quot;,&quot;operation&quot;:&quot;d1&quot;,&quot;query&quot;:&quot;SELECT * FROM api_endpoints WHERE id = ?&quot;,&quot;latencyMs&quot;:0,&quot;cacheStatus&quot;:&quot;N/A&quot;}

{&quot;timestamp&quot;:&quot;2026-01-01T10:46:48.552Z&quot;,&quot;service&quot;:&quot;stockly-api-test&quot;,&quot;level&quot;:&quot;DEBUG&quot;,&quot;traceId&quot;:&quot;test-trace-id&quot;,&quot;userId&quot;:null,&quot;path&quot;:&quot;/test&quot;,&quot;message&quot;:&quot;D1 run: INSERT INTO search_cache (query, results, timestamp) VALUES (?, ?, ?)&quot;,&quot;type&quot;:&quot;data_operation&quot;,&quot;operation&quot;:&quot;d1&quot;,&quot;query&quot;:&quot;INSERT INTO search_cache (query, results, timestamp) VALUES (?, ?, ?)&quot;,&quot;latencyMs&quot;:0,&quot;cacheStatus&quot;:&quot;N/A&quot;}

            </system-out>
            <system-err>
{&quot;timestamp&quot;:&quot;2026-01-01T10:46:48.549Z&quot;,&quot;service&quot;:&quot;stockly-api-test&quot;,&quot;level&quot;:&quot;WARN&quot;,&quot;traceId&quot;:&quot;test-trace-id&quot;,&quot;userId&quot;:null,&quot;path&quot;:&quot;/test&quot;,&quot;message&quot;:&quot;Datalake adapter not available for endpoint search-name, will fallback to direct FMP&quot;,&quot;type&quot;:&quot;general&quot;}

{&quot;timestamp&quot;:&quot;2026-01-01T10:46:48.550Z&quot;,&quot;service&quot;:&quot;stockly-api-test&quot;,&quot;level&quot;:&quot;WARN&quot;,&quot;traceId&quot;:&quot;test-trace-id&quot;,&quot;userId&quot;:null,&quot;path&quot;:&quot;/test&quot;,&quot;message&quot;:&quot;Datalake adapter not available for endpoint search-symbol, will fallback to direct FMP&quot;,&quot;type&quot;:&quot;general&quot;}

{&quot;timestamp&quot;:&quot;2026-01-01T10:46:48.550Z&quot;,&quot;service&quot;:&quot;stockly-api-test&quot;,&quot;level&quot;:&quot;WARN&quot;,&quot;traceId&quot;:&quot;test-trace-id&quot;,&quot;userId&quot;:null,&quot;path&quot;:&quot;/test&quot;,&quot;message&quot;:&quot;Datalake adapters not available for search endpoints, falling back to direct FMP&quot;,&quot;type&quot;:&quot;general&quot;}

            </system-err>
        </testcase>
        <testcase classname="test/api-comprehensive.spec.ts" name="API - Search Stocks &gt; GET /v1/api/search-stock returns empty array when query is missing" time="0.003">
        </testcase>
        <testcase classname="test/api-comprehensive.spec.ts" name="API - Get Historical &gt; GET /v1/api/get-historical returns historical data" time="0.509">
            <system-out>
[getHistoricalPricesByDateRange] Querying database for AAPL from 2025-07-05 to 2026-01-01

[getHistoricalPricesByDateRange] Found 2 records for AAPL in date range 2025-07-05 to 2026-01-01

[fetchAndSaveHistoricalPrice] Starting fetch for AAPL from FMP API
[fetchAndSaveHistoricalPrice] Fetching from: https://financialmodelingprep.com/stable/historical-chart/30min?symbol=AAPL&amp;apikey=***&amp;from=2025-07-05&amp;to=2026-01-01

[fetchAndSaveHistoricalPrice] Received 2 1-hour OHLC records from FMP API
[fetchAndSaveHistoricalPrice] FMP API returned 2 records for AAPL
[fetchAndSaveHistoricalPrice] Sample record structure: {
  date: undefined,
  hasOpen: false,
  hasHigh: false,
  hasLow: false,
  hasClose: false,
  hasPrice: false,
  keys: [ &apos;symbol&apos;, &apos;name&apos;, &apos;currency&apos;, &apos;stockExchange&apos; ]
}
Saved 0 daily candles (aggregated from 2 1-hour records) for AAPL with OHLC data

[getHistoricalPricesByDateRange] Querying database for AAPL from 2025-07-05 to 2026-01-01

[getHistoricalPricesByDateRange] Found 2 records for AAPL in date range 2025-07-05 to 2026-01-01

            </system-out>
            <system-err>
[fetchAndSaveHistoricalPrice] Failed to parse date from timestamp undefined, skipping record
[fetchAndSaveHistoricalPrice] Failed to parse date from timestamp undefined, skipping record

            </system-err>
        </testcase>
        <testcase classname="test/api-comprehensive.spec.ts" name="API - Get Historical &gt; GET /v1/api/get-historical returns 400 when symbol is missing" time="0.006">
        </testcase>
        <testcase classname="test/api-comprehensive.spec.ts" name="API - Alerts &gt; GET /v1/api/alerts lists all alerts" time="0.004">
        </testcase>
        <testcase classname="test/api-comprehensive.spec.ts" name="API - Alerts &gt; POST /v1/api/alerts creates a new alert" time="0.004">
        </testcase>
        <testcase classname="test/api-comprehensive.spec.ts" name="API - Alerts &gt; GET /v1/api/alerts/:id gets a specific alert" time="0.004">
        </testcase>
        <testcase classname="test/api-comprehensive.spec.ts" name="API - Alerts &gt; PUT /v1/api/alerts/:id updates an alert" time="0.004">
        </testcase>
        <testcase classname="test/api-comprehensive.spec.ts" name="API - Alerts &gt; DELETE /v1/api/alerts/:id deletes an alert" time="0.003">
        </testcase>
        <testcase classname="test/api-comprehensive.spec.ts" name="API - Push Token &gt; POST /v1/api/push-token registers a new push token" time="0.006">
            <system-out>
✅ FCM token validation passed: length=30, format valid

{&quot;timestamp&quot;:&quot;2026-01-01T10:46:49.107Z&quot;,&quot;service&quot;:&quot;stockly-api-test&quot;,&quot;level&quot;:&quot;INFO&quot;,&quot;traceId&quot;:&quot;test-trace-id&quot;,&quot;userId&quot;:&quot;user-123&quot;,&quot;path&quot;:&quot;/test&quot;,&quot;message&quot;:&quot;Creating new device&quot;,&quot;type&quot;:&quot;general&quot;,&quot;username&quot;:&quot;testuser&quot;,&quot;deviceType&quot;:&quot;ios&quot;,&quot;deviceIdentifier&quot;:&quot;1e1a84cb769ec001...&quot;}

{&quot;timestamp&quot;:&quot;2026-01-01T10:46:49.107Z&quot;,&quot;service&quot;:&quot;stockly-api-test&quot;,&quot;level&quot;:&quot;INFO&quot;,&quot;traceId&quot;:&quot;test-trace-id&quot;,&quot;userId&quot;:&quot;user-123&quot;,&quot;path&quot;:&quot;/test&quot;,&quot;message&quot;:&quot;Creating new push token&quot;,&quot;type&quot;:&quot;general&quot;,&quot;username&quot;:&quot;testuser&quot;,&quot;deviceId&quot;:1,&quot;tokenPreview&quot;:&quot;fcm-token-1234567890...&quot;}

{&quot;timestamp&quot;:&quot;2026-01-01T10:46:49.107Z&quot;,&quot;service&quot;:&quot;stockly-api-test&quot;,&quot;level&quot;:&quot;INFO&quot;,&quot;traceId&quot;:&quot;test-trace-id&quot;,&quot;userId&quot;:&quot;user-123&quot;,&quot;path&quot;:&quot;/test&quot;,&quot;message&quot;:&quot;Push token registered successfully&quot;,&quot;type&quot;:&quot;general&quot;,&quot;username&quot;:&quot;testuser&quot;,&quot;deviceId&quot;:1,&quot;deviceType&quot;:&quot;ios&quot;}

            </system-out>
        </testcase>
        <testcase classname="test/api-comprehensive.spec.ts" name="API - Push Token &gt; POST /v1/api/push-token updates existing push token" time="0.007">
            <system-out>
✅ FCM token validation passed: length=30, format valid

{&quot;timestamp&quot;:&quot;2026-01-01T10:46:49.113Z&quot;,&quot;service&quot;:&quot;stockly-api-test&quot;,&quot;level&quot;:&quot;INFO&quot;,&quot;traceId&quot;:&quot;test-trace-id&quot;,&quot;userId&quot;:&quot;user-123&quot;,&quot;path&quot;:&quot;/test&quot;,&quot;message&quot;:&quot;Updating existing device&quot;,&quot;type&quot;:&quot;general&quot;,&quot;username&quot;:&quot;testuser&quot;,&quot;deviceId&quot;:1,&quot;deviceType&quot;:&quot;ios&quot;}

{&quot;timestamp&quot;:&quot;2026-01-01T10:46:49.114Z&quot;,&quot;service&quot;:&quot;stockly-api-test&quot;,&quot;level&quot;:&quot;INFO&quot;,&quot;traceId&quot;:&quot;test-trace-id&quot;,&quot;userId&quot;:&quot;user-123&quot;,&quot;path&quot;:&quot;/test&quot;,&quot;message&quot;:&quot;Updating existing push token&quot;,&quot;type&quot;:&quot;general&quot;,&quot;username&quot;:&quot;testuser&quot;,&quot;deviceId&quot;:1}

{&quot;timestamp&quot;:&quot;2026-01-01T10:46:49.114Z&quot;,&quot;service&quot;:&quot;stockly-api-test&quot;,&quot;level&quot;:&quot;INFO&quot;,&quot;traceId&quot;:&quot;test-trace-id&quot;,&quot;userId&quot;:&quot;user-123&quot;,&quot;path&quot;:&quot;/test&quot;,&quot;message&quot;:&quot;Push token registered successfully&quot;,&quot;type&quot;:&quot;general&quot;,&quot;username&quot;:&quot;testuser&quot;,&quot;deviceId&quot;:1,&quot;deviceType&quot;:&quot;ios&quot;}

            </system-out>
        </testcase>
        <testcase classname="test/api-comprehensive.spec.ts" name="API - Push Token &gt; POST /v1/api/push-token returns 400 for invalid token format" time="0.003">
        </testcase>
        <testcase classname="test/api-comprehensive.spec.ts" name="API - Push Token &gt; GET /v1/api/push-token gets a user&apos;s push token" time="0.004">
        </testcase>
        <testcase classname="test/api-comprehensive.spec.ts" name="API - Push Token &gt; GET /v1/api/push-token returns 404 when token not found" time="0.005">
        </testcase>
        <testcase classname="test/api-comprehensive.spec.ts" name="API - Push Token &gt; GET /v1/api/push-token?check=true&amp;token=XXX returns registered status for specific token" time="0.004">
            <system-out>
{&quot;timestamp&quot;:&quot;2026-01-01T10:46:49.132Z&quot;,&quot;service&quot;:&quot;stockly-api-test&quot;,&quot;level&quot;:&quot;DEBUG&quot;,&quot;traceId&quot;:&quot;test-trace-id&quot;,&quot;userId&quot;:&quot;user-123&quot;,&quot;path&quot;:&quot;/test&quot;,&quot;message&quot;:&quot;Device registration check&quot;,&quot;type&quot;:&quot;general&quot;,&quot;username&quot;:&quot;testuser&quot;,&quot;pushToken&quot;:&quot;fcm-token-1234567890...&quot;,&quot;registered&quot;:true}

            </system-out>
        </testcase>
        <testcase classname="test/api-comprehensive.spec.ts" name="API - Push Token &gt; GET /v1/api/push-token?check=true&amp;token=XXX returns registered=false when token not found" time="0.005">
            <system-out>
{&quot;timestamp&quot;:&quot;2026-01-01T10:46:49.136Z&quot;,&quot;service&quot;:&quot;stockly-api-test&quot;,&quot;level&quot;:&quot;DEBUG&quot;,&quot;traceId&quot;:&quot;test-trace-id&quot;,&quot;userId&quot;:&quot;user-123&quot;,&quot;path&quot;:&quot;/test&quot;,&quot;message&quot;:&quot;Device registration check&quot;,&quot;type&quot;:&quot;general&quot;,&quot;username&quot;:&quot;testuser&quot;,&quot;pushToken&quot;:&quot;fcm-token-unregister...&quot;,&quot;registered&quot;:false}

            </system-out>
        </testcase>
        <testcase classname="test/api-comprehensive.spec.ts" name="API - Push Token &gt; GET /v1/api/push-token?check=true returns 400 when token parameter missing" time="0.005">
        </testcase>
        <testcase classname="test/api-comprehensive.spec.ts" name="API - Preferences &gt; GET /v1/api/preferences gets user preferences" time="0.005">
        </testcase>
        <testcase classname="test/api-comprehensive.spec.ts" name="API - Preferences &gt; GET /v1/api/preferences returns default preferences when not found" time="0.004">
        </testcase>
        <testcase classname="test/api-comprehensive.spec.ts" name="API - Preferences &gt; PUT /v1/api/preferences updates user preferences" time="0.005">
        </testcase>
        <testcase classname="test/api-comprehensive.spec.ts" name="API - Settings &gt; GET /v1/api/settings gets user settings" time="0.004">
        </testcase>
        <testcase classname="test/api-comprehensive.spec.ts" name="API - Settings &gt; GET /v1/api/settings returns default settings when not found" time="0.006">
        </testcase>
        <testcase classname="test/api-comprehensive.spec.ts" name="API - Settings &gt; PUT /v1/api/settings updates user settings" time="0.004">
        </testcase>
        <testcase classname="test/api-comprehensive.spec.ts" name="API - Notifications &gt; GET /v1/api/notifications/recent returns recent notifications" time="0.003">
        </testcase>
        <testcase classname="test/api-comprehensive.spec.ts" name="API - Notifications &gt; GET /v1/api/notifications/failed returns failed notifications" time="0.004">
        </testcase>
        <testcase classname="test/api-comprehensive.spec.ts" name="API - Notifications &gt; POST /v1/api/notifications/retry/:logId retries a failed notification" time="0.004">
        </testcase>
        <testcase classname="test/api-comprehensive.spec.ts" name="API - Devices &gt; GET /v1/api/devices returns all devices" time="0.003">
        </testcase>
        <testcase classname="test/api-comprehensive.spec.ts" name="API - Devices &gt; DELETE /v1/api/devices deletes a device" time="0.003">
            <system-out>
{&quot;timestamp&quot;:&quot;2026-01-01T10:46:49.199Z&quot;,&quot;service&quot;:&quot;stockly-api-test&quot;,&quot;level&quot;:&quot;INFO&quot;,&quot;traceId&quot;:&quot;test-trace-id&quot;,&quot;userId&quot;:null,&quot;path&quot;:&quot;/test&quot;,&quot;message&quot;:&quot;Device deleted successfully&quot;,&quot;type&quot;:&quot;general&quot;,&quot;deletedPushToken&quot;:&quot;fcm-token-1234567890...&quot;,&quot;deletedUserId&quot;:&quot;user-123&quot;,&quot;deletedBy&quot;:&quot;testuser&quot;,&quot;isAdmin&quot;:true}

            </system-out>
        </testcase>
        <testcase classname="test/api-comprehensive.spec.ts" name="API - Admin Config &gt; GET /config/get returns admin configuration" time="0.002">
        </testcase>
        <testcase classname="test/api-comprehensive.spec.ts" name="API - Admin Config &gt; POST /config/update updates admin configuration" time="0.003">
        </testcase>
        <testcase classname="test/api-comprehensive.spec.ts" name="API - Admin Config &gt; POST /v1/api/simulate-provider-failure enables simulation mode" time="0.003">
        </testcase>
        <testcase classname="test/api-comprehensive.spec.ts" name="API - Admin Config &gt; POST /v1/api/disable-provider-failure disables simulation mode" time="0.002">
        </testcase>
        <testcase classname="test/api-comprehensive.spec.ts" name="API - OpenAPI &gt; GET /openapi.json returns OpenAPI specification" time="0.004">
        </testcase>
    </testsuite>
    <testsuite name="test/api-integration.spec.ts" timestamp="2026-01-01T10:46:50.814Z" hostname="sngvahmed" tests="41" failures="0" errors="0" skipped="0" time="1.88">
        <testcase classname="test/api-integration.spec.ts" name="API Integration - Health Check &gt; health endpoint returns OK status" time="0.009">
        </testcase>
        <testcase classname="test/api-integration.spec.ts" name="API Integration - Get Stock &gt; successfully fetches and returns stock data with all required fields" time="0.062">
            <system-out>
{&quot;timestamp&quot;:&quot;2026-01-01T10:46:48.419Z&quot;,&quot;service&quot;:&quot;stockly-api-test&quot;,&quot;level&quot;:&quot;DEBUG&quot;,&quot;traceId&quot;:&quot;test-trace-id&quot;,&quot;userId&quot;:null,&quot;path&quot;:&quot;/test&quot;,&quot;message&quot;:&quot;D1 first: SELECT symbol, price, day_low, day_high, volume, timestamp\n       FROM stock_prices\n       WHERE symbol = ?\n       ORDER BY timestamp DESC\n       LIMIT 1&quot;,&quot;type&quot;:&quot;data_operation&quot;,&quot;operation&quot;:&quot;d1&quot;,&quot;query&quot;:&quot;SELECT symbol, price, day_low, day_high, volume, timestamp\n       FROM stock_prices\n       WHERE symbol = ?\n       ORDER BY timestamp DESC\n       LIMIT 1&quot;,&quot;latencyMs&quot;:0,&quot;cacheStatus&quot;:&quot;N/A&quot;}

{&quot;timestamp&quot;:&quot;2026-01-01T10:46:48.420Z&quot;,&quot;service&quot;:&quot;stockly-api-test&quot;,&quot;level&quot;:&quot;DEBUG&quot;,&quot;traceId&quot;:&quot;test-trace-id&quot;,&quot;userId&quot;:null,&quot;path&quot;:&quot;/test&quot;,&quot;message&quot;:&quot;D1 first: SELECT * FROM api_endpoints WHERE id = ?&quot;,&quot;type&quot;:&quot;data_operation&quot;,&quot;operation&quot;:&quot;d1&quot;,&quot;query&quot;:&quot;SELECT * FROM api_endpoints WHERE id = ?&quot;,&quot;latencyMs&quot;:0,&quot;cacheStatus&quot;:&quot;N/A&quot;}

{&quot;timestamp&quot;:&quot;2026-01-01T10:46:48.423Z&quot;,&quot;service&quot;:&quot;stockly-api-test&quot;,&quot;level&quot;:&quot;DEBUG&quot;,&quot;traceId&quot;:&quot;test-trace-id&quot;,&quot;userId&quot;:null,&quot;path&quot;:&quot;/test&quot;,&quot;message&quot;:&quot;D1 first: SELECT * FROM api_endpoints WHERE id = ?&quot;,&quot;type&quot;:&quot;data_operation&quot;,&quot;operation&quot;:&quot;d1&quot;,&quot;query&quot;:&quot;SELECT * FROM api_endpoints WHERE id = ?&quot;,&quot;latencyMs&quot;:0,&quot;cacheStatus&quot;:&quot;N/A&quot;}

{&quot;timestamp&quot;:&quot;2026-01-01T10:46:48.426Z&quot;,&quot;service&quot;:&quot;stockly-api-test&quot;,&quot;level&quot;:&quot;DEBUG&quot;,&quot;traceId&quot;:&quot;test-trace-id&quot;,&quot;userId&quot;:null,&quot;path&quot;:&quot;/test&quot;,&quot;message&quot;:&quot;D1 run: INSERT INTO stock_prices (symbol, price, day_low, day_high, volume, timestamp)\n       VALUES (?, ?, ?, ?, ?, ?)&quot;,&quot;type&quot;:&quot;data_operation&quot;,&quot;operation&quot;:&quot;d1&quot;,&quot;query&quot;:&quot;INSERT INTO stock_prices (symbol, price, day_low, day_high, volume, timestamp)\n       VALUES (?, ?, ?, ?, ?, ?)&quot;,&quot;latencyMs&quot;:0,&quot;cacheStatus&quot;:&quot;N/A&quot;}

            </system-out>
            <system-err>
{&quot;timestamp&quot;:&quot;2026-01-01T10:46:48.420Z&quot;,&quot;service&quot;:&quot;stockly-api-test&quot;,&quot;level&quot;:&quot;WARN&quot;,&quot;traceId&quot;:&quot;test-trace-id&quot;,&quot;userId&quot;:null,&quot;path&quot;:&quot;/test&quot;,&quot;message&quot;:&quot;Datalake adapter not available for endpoint quote, will fallback to direct FMP&quot;,&quot;type&quot;:&quot;general&quot;}

{&quot;timestamp&quot;:&quot;2026-01-01T10:46:48.423Z&quot;,&quot;service&quot;:&quot;stockly-api-test&quot;,&quot;level&quot;:&quot;WARN&quot;,&quot;traceId&quot;:&quot;test-trace-id&quot;,&quot;userId&quot;:null,&quot;path&quot;:&quot;/test&quot;,&quot;message&quot;:&quot;Datalake adapter not available for endpoint profile, will fallback to direct FMP&quot;,&quot;type&quot;:&quot;general&quot;}

            </system-err>
        </testcase>
        <testcase classname="test/api-integration.spec.ts" name="API Integration - Get Stock &gt; returns error when symbol is missing" time="0.007">
        </testcase>
        <testcase classname="test/api-integration.spec.ts" name="API Integration - Get Stock &gt; uses cache when available" time="0.007">
            <system-out>
{&quot;timestamp&quot;:&quot;2026-01-01T10:46:48.441Z&quot;,&quot;service&quot;:&quot;stockly-api-test&quot;,&quot;level&quot;:&quot;INFO&quot;,&quot;traceId&quot;:&quot;test-trace-id&quot;,&quot;userId&quot;:null,&quot;path&quot;:&quot;/test&quot;,&quot;message&quot;:&quot;Cache hit for MSFT&quot;,&quot;type&quot;:&quot;general&quot;,&quot;ageSeconds&quot;:0,&quot;pollingIntervalSec&quot;:30,&quot;cacheStatus&quot;:&quot;HIT&quot;}

            </system-out>
        </testcase>
        <testcase classname="test/api-integration.spec.ts" name="API Integration - Get Stocks &gt; successfully fetches multiple stocks with all required fields" time="0.02">
            <system-out>
{&quot;timestamp&quot;:&quot;2026-01-01T10:46:48.456Z&quot;,&quot;service&quot;:&quot;stockly-api-test&quot;,&quot;level&quot;:&quot;DEBUG&quot;,&quot;traceId&quot;:&quot;test-trace-id&quot;,&quot;userId&quot;:null,&quot;path&quot;:&quot;/test&quot;,&quot;message&quot;:&quot;D1 first: SELECT symbol, price, day_low, day_high, volume, timestamp\n       FROM stock_prices\n       WHERE symbol = ?\n       ORDER BY timestamp DESC\n       LIMIT 1&quot;,&quot;type&quot;:&quot;data_operation&quot;,&quot;operation&quot;:&quot;d1&quot;,&quot;query&quot;:&quot;SELECT symbol, price, day_low, day_high, volume, timestamp\n       FROM stock_prices\n       WHERE symbol = ?\n       ORDER BY timestamp DESC\n       LIMIT 1&quot;,&quot;latencyMs&quot;:0,&quot;cacheStatus&quot;:&quot;N/A&quot;}

{&quot;timestamp&quot;:&quot;2026-01-01T10:46:48.456Z&quot;,&quot;service&quot;:&quot;stockly-api-test&quot;,&quot;level&quot;:&quot;DEBUG&quot;,&quot;traceId&quot;:&quot;test-trace-id&quot;,&quot;userId&quot;:null,&quot;path&quot;:&quot;/test&quot;,&quot;message&quot;:&quot;D1 first: SELECT symbol, price, day_low, day_high, volume, timestamp\n       FROM stock_prices\n       WHERE symbol = ?\n       ORDER BY timestamp DESC\n       LIMIT 1&quot;,&quot;type&quot;:&quot;data_operation&quot;,&quot;operation&quot;:&quot;d1&quot;,&quot;query&quot;:&quot;SELECT symbol, price, day_low, day_high, volume, timestamp\n       FROM stock_prices\n       WHERE symbol = ?\n       ORDER BY timestamp DESC\n       LIMIT 1&quot;,&quot;latencyMs&quot;:0,&quot;cacheStatus&quot;:&quot;N/A&quot;}

{&quot;timestamp&quot;:&quot;2026-01-01T10:46:48.456Z&quot;,&quot;service&quot;:&quot;stockly-api-test&quot;,&quot;level&quot;:&quot;DEBUG&quot;,&quot;traceId&quot;:&quot;test-trace-id&quot;,&quot;userId&quot;:null,&quot;path&quot;:&quot;/test&quot;,&quot;message&quot;:&quot;D1 first: SELECT * FROM api_endpoints WHERE id = ?&quot;,&quot;type&quot;:&quot;data_operation&quot;,&quot;operation&quot;:&quot;d1&quot;,&quot;query&quot;:&quot;SELECT * FROM api_endpoints WHERE id = ?&quot;,&quot;latencyMs&quot;:0,&quot;cacheStatus&quot;:&quot;N/A&quot;}
{&quot;timestamp&quot;:&quot;2026-01-01T10:46:48.457Z&quot;,&quot;service&quot;:&quot;stockly-api-test&quot;,&quot;level&quot;:&quot;DEBUG&quot;,&quot;traceId&quot;:&quot;test-trace-id&quot;,&quot;userId&quot;:null,&quot;path&quot;:&quot;/test&quot;,&quot;message&quot;:&quot;D1 first: SELECT * FROM api_endpoints WHERE id = ?&quot;,&quot;type&quot;:&quot;data_operation&quot;,&quot;operation&quot;:&quot;d1&quot;,&quot;query&quot;:&quot;SELECT * FROM api_endpoints WHERE id = ?&quot;,&quot;latencyMs&quot;:1,&quot;cacheStatus&quot;:&quot;N/A&quot;}

{&quot;timestamp&quot;:&quot;2026-01-01T10:46:48.461Z&quot;,&quot;service&quot;:&quot;stockly-api-test&quot;,&quot;level&quot;:&quot;DEBUG&quot;,&quot;traceId&quot;:&quot;test-trace-id&quot;,&quot;userId&quot;:null,&quot;path&quot;:&quot;/test&quot;,&quot;message&quot;:&quot;D1 first: SELECT * FROM api_endpoints WHERE id = ?&quot;,&quot;type&quot;:&quot;data_operation&quot;,&quot;operation&quot;:&quot;d1&quot;,&quot;query&quot;:&quot;SELECT * FROM api_endpoints WHERE id = ?&quot;,&quot;latencyMs&quot;:0,&quot;cacheStatus&quot;:&quot;N/A&quot;}

{&quot;timestamp&quot;:&quot;2026-01-01T10:46:48.462Z&quot;,&quot;service&quot;:&quot;stockly-api-test&quot;,&quot;level&quot;:&quot;DEBUG&quot;,&quot;traceId&quot;:&quot;test-trace-id&quot;,&quot;userId&quot;:null,&quot;path&quot;:&quot;/test&quot;,&quot;message&quot;:&quot;D1 first: SELECT * FROM api_endpoints WHERE id = ?&quot;,&quot;type&quot;:&quot;data_operation&quot;,&quot;operation&quot;:&quot;d1&quot;,&quot;query&quot;:&quot;SELECT * FROM api_endpoints WHERE id = ?&quot;,&quot;latencyMs&quot;:0,&quot;cacheStatus&quot;:&quot;N/A&quot;}

{&quot;timestamp&quot;:&quot;2026-01-01T10:46:48.465Z&quot;,&quot;service&quot;:&quot;stockly-api-test&quot;,&quot;level&quot;:&quot;DEBUG&quot;,&quot;traceId&quot;:&quot;test-trace-id&quot;,&quot;userId&quot;:null,&quot;path&quot;:&quot;/test&quot;,&quot;message&quot;:&quot;D1 run: INSERT INTO stock_prices (symbol, price, day_low, day_high, volume, timestamp)\n       VALUES (?, ?, ?, ?, ?, ?)&quot;,&quot;type&quot;:&quot;data_operation&quot;,&quot;operation&quot;:&quot;d1&quot;,&quot;query&quot;:&quot;INSERT INTO stock_prices (symbol, price, day_low, day_high, volume, timestamp)\n       VALUES (?, ?, ?, ?, ?, ?)&quot;,&quot;latencyMs&quot;:0,&quot;cacheStatus&quot;:&quot;N/A&quot;}
{&quot;timestamp&quot;:&quot;2026-01-01T10:46:48.465Z&quot;,&quot;service&quot;:&quot;stockly-api-test&quot;,&quot;level&quot;:&quot;DEBUG&quot;,&quot;traceId&quot;:&quot;test-trace-id&quot;,&quot;userId&quot;:null,&quot;path&quot;:&quot;/test&quot;,&quot;message&quot;:&quot;D1 run: INSERT INTO stock_prices (symbol, price, day_low, day_high, volume, timestamp)\n       VALUES (?, ?, ?, ?, ?, ?)&quot;,&quot;type&quot;:&quot;data_operation&quot;,&quot;operation&quot;:&quot;d1&quot;,&quot;query&quot;:&quot;INSERT INTO stock_prices (symbol, price, day_low, day_high, volume, timestamp)\n       VALUES (?, ?, ?, ?, ?, ?)&quot;,&quot;latencyMs&quot;:0,&quot;cacheStatus&quot;:&quot;N/A&quot;}

            </system-out>
            <system-err>
{&quot;timestamp&quot;:&quot;2026-01-01T10:46:48.457Z&quot;,&quot;service&quot;:&quot;stockly-api-test&quot;,&quot;level&quot;:&quot;WARN&quot;,&quot;traceId&quot;:&quot;test-trace-id&quot;,&quot;userId&quot;:null,&quot;path&quot;:&quot;/test&quot;,&quot;message&quot;:&quot;Datalake adapter not available for endpoint quote, will fallback to direct FMP&quot;,&quot;type&quot;:&quot;general&quot;}
{&quot;timestamp&quot;:&quot;2026-01-01T10:46:48.457Z&quot;,&quot;service&quot;:&quot;stockly-api-test&quot;,&quot;level&quot;:&quot;WARN&quot;,&quot;traceId&quot;:&quot;test-trace-id&quot;,&quot;userId&quot;:null,&quot;path&quot;:&quot;/test&quot;,&quot;message&quot;:&quot;Datalake adapter not available for endpoint quote, will fallback to direct FMP&quot;,&quot;type&quot;:&quot;general&quot;}

{&quot;timestamp&quot;:&quot;2026-01-01T10:46:48.461Z&quot;,&quot;service&quot;:&quot;stockly-api-test&quot;,&quot;level&quot;:&quot;WARN&quot;,&quot;traceId&quot;:&quot;test-trace-id&quot;,&quot;userId&quot;:null,&quot;path&quot;:&quot;/test&quot;,&quot;message&quot;:&quot;Datalake adapter not available for endpoint profile, will fallback to direct FMP&quot;,&quot;type&quot;:&quot;general&quot;}

{&quot;timestamp&quot;:&quot;2026-01-01T10:46:48.462Z&quot;,&quot;service&quot;:&quot;stockly-api-test&quot;,&quot;level&quot;:&quot;WARN&quot;,&quot;traceId&quot;:&quot;test-trace-id&quot;,&quot;userId&quot;:null,&quot;path&quot;:&quot;/test&quot;,&quot;message&quot;:&quot;Datalake adapter not available for endpoint profile, will fallback to direct FMP&quot;,&quot;type&quot;:&quot;general&quot;}

{&quot;timestamp&quot;:&quot;2026-01-01T10:46:48.466Z&quot;,&quot;service&quot;:&quot;stockly-api-test&quot;,&quot;level&quot;:&quot;WARN&quot;,&quot;traceId&quot;:&quot;test-trace-id&quot;,&quot;userId&quot;:null,&quot;path&quot;:&quot;/test&quot;,&quot;message&quot;:&quot;Market cache refresh failed (non-blocking)&quot;,&quot;type&quot;:&quot;general&quot;}

            </system-err>
        </testcase>
        <testcase classname="test/api-integration.spec.ts" name="API Integration - Get Stocks &gt; returns error when symbols parameter is missing" time="0.009">
        </testcase>
        <testcase classname="test/api-integration.spec.ts" name="API Integration - Get Stocks &gt; handles empty symbols list" time="0.006">
        </testcase>
        <testcase classname="test/api-integration.spec.ts" name="API Integration - Search Stock &gt; successfully searches and returns matching stocks" time="0.029">
            <system-out>
{&quot;timestamp&quot;:&quot;2026-01-01T10:46:48.509Z&quot;,&quot;service&quot;:&quot;stockly-api-test&quot;,&quot;level&quot;:&quot;DEBUG&quot;,&quot;traceId&quot;:&quot;test-trace-id&quot;,&quot;userId&quot;:null,&quot;path&quot;:&quot;/test&quot;,&quot;message&quot;:&quot;D1 first: SELECT results, timestamp\n           FROM search_cache\n           WHERE query = ?\n           ORDER BY timestamp DESC\n           LIMIT 1&quot;,&quot;type&quot;:&quot;data_operation&quot;,&quot;operation&quot;:&quot;d1&quot;,&quot;query&quot;:&quot;SELECT results, timestamp\n           FROM search_cache\n           WHERE query = ?\n           ORDER BY timestamp DESC\n           LIMIT 1&quot;,&quot;latencyMs&quot;:0,&quot;cacheStatus&quot;:&quot;N/A&quot;}

{&quot;timestamp&quot;:&quot;2026-01-01T10:46:48.509Z&quot;,&quot;service&quot;:&quot;stockly-api-test&quot;,&quot;level&quot;:&quot;DEBUG&quot;,&quot;traceId&quot;:&quot;test-trace-id&quot;,&quot;userId&quot;:null,&quot;path&quot;:&quot;/test&quot;,&quot;message&quot;:&quot;D1 first: SELECT * FROM api_endpoints WHERE id = ?&quot;,&quot;type&quot;:&quot;data_operation&quot;,&quot;operation&quot;:&quot;d1&quot;,&quot;query&quot;:&quot;SELECT * FROM api_endpoints WHERE id = ?&quot;,&quot;latencyMs&quot;:0,&quot;cacheStatus&quot;:&quot;N/A&quot;}

{&quot;timestamp&quot;:&quot;2026-01-01T10:46:48.509Z&quot;,&quot;service&quot;:&quot;stockly-api-test&quot;,&quot;level&quot;:&quot;DEBUG&quot;,&quot;traceId&quot;:&quot;test-trace-id&quot;,&quot;userId&quot;:null,&quot;path&quot;:&quot;/test&quot;,&quot;message&quot;:&quot;D1 first: SELECT * FROM api_endpoints WHERE id = ?&quot;,&quot;type&quot;:&quot;data_operation&quot;,&quot;operation&quot;:&quot;d1&quot;,&quot;query&quot;:&quot;SELECT * FROM api_endpoints WHERE id = ?&quot;,&quot;latencyMs&quot;:0,&quot;cacheStatus&quot;:&quot;N/A&quot;}

{&quot;timestamp&quot;:&quot;2026-01-01T10:46:48.511Z&quot;,&quot;service&quot;:&quot;stockly-api-test&quot;,&quot;level&quot;:&quot;DEBUG&quot;,&quot;traceId&quot;:&quot;test-trace-id&quot;,&quot;userId&quot;:null,&quot;path&quot;:&quot;/test&quot;,&quot;message&quot;:&quot;D1 run: INSERT INTO search_cache (query, results, timestamp) VALUES (?, ?, ?)&quot;,&quot;type&quot;:&quot;data_operation&quot;,&quot;operation&quot;:&quot;d1&quot;,&quot;query&quot;:&quot;INSERT INTO search_cache (query, results, timestamp) VALUES (?, ?, ?)&quot;,&quot;latencyMs&quot;:0,&quot;cacheStatus&quot;:&quot;N/A&quot;}

            </system-out>
            <system-err>
{&quot;timestamp&quot;:&quot;2026-01-01T10:46:48.509Z&quot;,&quot;service&quot;:&quot;stockly-api-test&quot;,&quot;level&quot;:&quot;WARN&quot;,&quot;traceId&quot;:&quot;test-trace-id&quot;,&quot;userId&quot;:null,&quot;path&quot;:&quot;/test&quot;,&quot;message&quot;:&quot;Datalake adapter not available for endpoint search-name, will fallback to direct FMP&quot;,&quot;type&quot;:&quot;general&quot;}

{&quot;timestamp&quot;:&quot;2026-01-01T10:46:48.509Z&quot;,&quot;service&quot;:&quot;stockly-api-test&quot;,&quot;level&quot;:&quot;WARN&quot;,&quot;traceId&quot;:&quot;test-trace-id&quot;,&quot;userId&quot;:null,&quot;path&quot;:&quot;/test&quot;,&quot;message&quot;:&quot;Datalake adapter not available for endpoint search-symbol, will fallback to direct FMP&quot;,&quot;type&quot;:&quot;general&quot;}

{&quot;timestamp&quot;:&quot;2026-01-01T10:46:48.509Z&quot;,&quot;service&quot;:&quot;stockly-api-test&quot;,&quot;level&quot;:&quot;WARN&quot;,&quot;traceId&quot;:&quot;test-trace-id&quot;,&quot;userId&quot;:null,&quot;path&quot;:&quot;/test&quot;,&quot;message&quot;:&quot;Datalake adapters not available for search endpoints, falling back to direct FMP&quot;,&quot;type&quot;:&quot;general&quot;}

            </system-err>
        </testcase>
        <testcase classname="test/api-integration.spec.ts" name="API Integration - Search Stock &gt; returns empty array when query parameter is missing" time="0.005">
        </testcase>
        <testcase classname="test/api-integration.spec.ts" name="API Integration - Get Historical &gt; successfully fetches historical price data" time="1.563">
            <system-out>
[getHistoricalPricesByDateRange] Querying database for AAPL from 2025-07-05 to 2026-01-01

[getHistoricalPricesByDateRange] Found 3 records for AAPL in date range 2025-07-05 to 2026-01-01

[fetchAndSaveHistoricalPrice] Starting fetch for AAPL from FMP API
[fetchAndSaveHistoricalPrice] Fetching from: https://financialmodelingprep.com/stable/historical-chart/30min?symbol=AAPL&amp;apikey=***&amp;from=2025-07-05&amp;to=2026-01-01

[fetchAndSaveHistoricalPrice] Received 254 1-hour OHLC records from FMP API
[fetchAndSaveHistoricalPrice] FMP API returned 254 records for AAPL
[fetchAndSaveHistoricalPrice] Sample record structure: {
  date: &apos;2025-12-31 15:30:00&apos;,
  hasOpen: true,
  hasHigh: true,
  hasLow: true,
  hasClose: true,
  hasPrice: false,
  keys: [ &apos;date&apos;, &apos;open&apos;, &apos;low&apos;, &apos;high&apos;, &apos;close&apos;, &apos;volume&apos; ]
}

[fetchAndSaveHistoricalPrice] Saved daily candle for AAPL on 2025-12-03 with OHLC: open=286.17, high=288.61, low=283.26, close=284.16

[fetchAndSaveHistoricalPrice] Saved daily candle for AAPL on 2025-12-04 with OHLC: open=284.12, high=284.71, low=278.6, close=280.69

[fetchAndSaveHistoricalPrice] Saved daily candle for AAPL on 2025-12-05 with OHLC: open=280.54, high=281.13, low=278.05, close=278.78

[fetchAndSaveHistoricalPrice] Saved daily candle for AAPL on 2025-12-08 with OHLC: open=278.1, high=279.65, low=276.15, close=277.97

[fetchAndSaveHistoricalPrice] Saved daily candle for AAPL on 2025-12-09 with OHLC: open=278.16, high=280.03, low=276.93, close=277.25

[fetchAndSaveHistoricalPrice] Saved daily candle for AAPL on 2025-12-10 with OHLC: open=277.87, high=279.74, low=276.44, close=278.72

[fetchAndSaveHistoricalPrice] Saved daily candle for AAPL on 2025-12-11 with OHLC: open=279.15, high=279.59, low=273.82, close=278.1

[fetchAndSaveHistoricalPrice] Saved daily candle for AAPL on 2025-12-12 with OHLC: open=278.01, high=279.21, low=276.88, close=278.35

[fetchAndSaveHistoricalPrice] Saved daily candle for AAPL on 2025-12-15 with OHLC: open=280.15, high=280.28, low=272.84, close=274.15

[fetchAndSaveHistoricalPrice] Saved daily candle for AAPL on 2025-12-16 with OHLC: open=272.99, high=275.5, low=271.79, close=274.49

[fetchAndSaveHistoricalPrice] Saved daily candle for AAPL on 2025-12-17 with OHLC: open=275, high=276.15, low=271.69, close=271.82

[fetchAndSaveHistoricalPrice] Saved daily candle for AAPL on 2025-12-18 with OHLC: open=273.5, high=273.62, low=266.96, close=272.14

[fetchAndSaveHistoricalPrice] Saved daily candle for AAPL on 2025-12-19 with OHLC: open=272.25, high=274.97, low=269.9, close=274.25

[fetchAndSaveHistoricalPrice] Saved daily candle for AAPL on 2025-12-22 with OHLC: open=272.8, high=273.88, low=270.23, close=270.83

[fetchAndSaveHistoricalPrice] Saved daily candle for AAPL on 2025-12-23 with OHLC: open=270, high=272.45, low=269.56, close=272.24

[fetchAndSaveHistoricalPrice] Saved daily candle for AAPL on 2025-12-24 with OHLC: open=272.29, high=275.43, low=272.17, close=273.88

[fetchAndSaveHistoricalPrice] Saved daily candle for AAPL on 2025-12-26 with OHLC: open=274.18, high=275.37, low=272.86, close=273.36

[fetchAndSaveHistoricalPrice] Saved daily candle for AAPL on 2025-12-29 with OHLC: open=272.7, high=274.36, low=272.37, close=273.74

[fetchAndSaveHistoricalPrice] Saved daily candle for AAPL on 2025-12-30 with OHLC: open=272.82, high=274.06, low=272.28, close=273

[fetchAndSaveHistoricalPrice] Saved daily candle for AAPL on 2025-12-31 with OHLC: open=273.05, high=273.67, low=271.77, close=271.91
Saved 20 daily candles (aggregated from 254 1-hour records) for AAPL with OHLC data

[getHistoricalPricesByDateRange] Querying database for AAPL from 2025-07-05 to 2026-01-01

[getHistoricalPricesByDateRange] Found 3 records for AAPL in date range 2025-07-05 to 2026-01-01

            </system-out>
        </testcase>
        <testcase classname="test/api-integration.spec.ts" name="API Integration - Get Historical &gt; returns error when symbol is missing" time="0.005">
        </testcase>
        <testcase classname="test/api-integration.spec.ts" name="API Integration - Get Historical &gt; validates days parameter" time="0.004">
        </testcase>
        <testcase classname="test/api-integration.spec.ts" name="API Integration - Alerts &gt; successfully lists all alerts" time="0.004">
        </testcase>
        <testcase classname="test/api-integration.spec.ts" name="API Integration - Alerts &gt; successfully creates an alert" time="0.002">
        </testcase>
        <testcase classname="test/api-integration.spec.ts" name="API Integration - Alerts &gt; successfully updates an alert" time="0.003">
        </testcase>
        <testcase classname="test/api-integration.spec.ts" name="API Integration - Alerts &gt; successfully deletes an alert" time="0.003">
        </testcase>
        <testcase classname="test/api-integration.spec.ts" name="API Integration - Alerts &gt; returns 404 when alert not found" time="0.002">
        </testcase>
        <testcase classname="test/api-integration.spec.ts" name="API Integration - Market Endpoints &gt; GET /v1/api/market/gainers &gt; successfully fetches and returns gainers data" time="0.003">
        </testcase>
        <testcase classname="test/api-integration.spec.ts" name="API Integration - Market Endpoints &gt; GET /v1/api/market/gainers &gt; respects limit parameter" time="0.003">
        </testcase>
        <testcase classname="test/api-integration.spec.ts" name="API Integration - Market Endpoints &gt; GET /v1/api/market/gainers &gt; returns 400 for invalid limit (too low)" time="0.003">
        </testcase>
        <testcase classname="test/api-integration.spec.ts" name="API Integration - Market Endpoints &gt; GET /v1/api/market/gainers &gt; returns 400 for invalid limit (too high)" time="0.003">
        </testcase>
        <testcase classname="test/api-integration.spec.ts" name="API Integration - Market Endpoints &gt; GET /v1/api/market/gainers &gt; returns 500 when service throws error" time="0.008">
            <system-err>
{&quot;timestamp&quot;:&quot;2026-01-01T10:46:50.133Z&quot;,&quot;service&quot;:&quot;stockly-api-test&quot;,&quot;level&quot;:&quot;ERROR&quot;,&quot;traceId&quot;:&quot;test-trace-id&quot;,&quot;userId&quot;:null,&quot;path&quot;:&quot;/test&quot;,&quot;message&quot;:&quot;Failed to get gainers&quot;,&quot;type&quot;:&quot;general&quot;,&quot;errorMessage&quot;:&quot;Service error&quot;,&quot;error&quot;:{&quot;name&quot;:&quot;Error&quot;,&quot;message&quot;:&quot;Service error&quot;,&quot;stack&quot;:&quot;Error: Service error\n    at /home/sngvahmed/workspace/stockly/api/test/api-integration.spec.ts:922:47\n    at home/sngvahmed/workspace/stockly/node_modules/@vitest/runner/dist/chunk-hooks.js:155:11\n    at home/sngvahmed/workspace/stockly/node_modules/@vitest/runner/dist/chunk-hooks.js:752:26\n    at home/sngvahmed/workspace/stockly/node_modules/@vitest/runner/dist/chunk-hooks.js:1897:20\n    at new Promise (&lt;anonymous&gt;)\n    at runWithTimeout (home/sngvahmed/workspace/stockly/node_modules/@vitest/runner/dist/chunk-hooks.js:1863:10)\n    at runTest (home/sngvahmed/workspace/stockly/node_modules/@vitest/runner/dist/chunk-hooks.js:1574:12)\n    at runSuite (home/sngvahmed/workspace/stockly/node_modules/@vitest/runner/dist/chunk-hooks.js:1729:8)\n    at runSuite (home/sngvahmed/workspace/stockly/node_modules/@vitest/runner/dist/chunk-hooks.js:1729:8)\n    at runSuite (home/sngvahmed/workspace/stockly/node_modules/@vitest/runner/dist/chunk-hooks.js:1729:8)&quot;}}

            </system-err>
        </testcase>
        <testcase classname="test/api-integration.spec.ts" name="API Integration - Market Endpoints &gt; GET /v1/api/market/losers &gt; successfully fetches and returns losers data" time="0.003">
        </testcase>
        <testcase classname="test/api-integration.spec.ts" name="API Integration - Market Endpoints &gt; GET /v1/api/market/actives &gt; successfully fetches and returns actives data" time="0.003">
        </testcase>
        <testcase classname="test/api-integration.spec.ts" name="API Integration - Market Endpoints &gt; GET /v1/api/market/screener &gt; successfully fetches and returns screener data with all required fields" time="0.003">
        </testcase>
        <testcase classname="test/api-integration.spec.ts" name="API Integration - Market Endpoints &gt; GET /v1/api/market/screener &gt; uses default parameters when none provided" time="0.003">
        </testcase>
        <testcase classname="test/api-integration.spec.ts" name="API Integration - Market Endpoints &gt; GET /v1/api/market/screener &gt; respects all custom parameters" time="0.002">
        </testcase>
        <testcase classname="test/api-integration.spec.ts" name="API Integration - Market Endpoints &gt; GET /v1/api/market/screener &gt; respects limit parameter" time="0.003">
        </testcase>
        <testcase classname="test/api-integration.spec.ts" name="API Integration - Market Endpoints &gt; GET /v1/api/market/screener &gt; returns 400 for invalid marketCapMoreThan (negative)" time="0.002">
        </testcase>
        <testcase classname="test/api-integration.spec.ts" name="API Integration - Market Endpoints &gt; GET /v1/api/market/screener &gt; returns 400 for invalid peLowerThan (negative)" time="0.002">
        </testcase>
        <testcase classname="test/api-integration.spec.ts" name="API Integration - Market Endpoints &gt; GET /v1/api/market/screener &gt; returns 400 for invalid dividendMoreThan (negative)" time="0.003">
        </testcase>
        <testcase classname="test/api-integration.spec.ts" name="API Integration - Market Endpoints &gt; GET /v1/api/market/screener &gt; returns 400 for invalid limit (too low)" time="0.003">
        </testcase>
        <testcase classname="test/api-integration.spec.ts" name="API Integration - Market Endpoints &gt; GET /v1/api/market/screener &gt; returns 400 for invalid limit (too high)" time="0.002">
        </testcase>
        <testcase classname="test/api-integration.spec.ts" name="API Integration - Market Endpoints &gt; GET /v1/api/market/screener &gt; returns 400 for invalid parameter types" time="0.002">
        </testcase>
        <testcase classname="test/api-integration.spec.ts" name="API Integration - Market Endpoints &gt; GET /v1/api/market/screener &gt; uses KV cache when available" time="0.002">
        </testcase>
        <testcase classname="test/api-integration.spec.ts" name="API Integration - Market Endpoints &gt; GET /v1/api/market/screener &gt; stores result in KV cache after fetch" time="0.003">
        </testcase>
        <testcase classname="test/api-integration.spec.ts" name="API Integration - Market Endpoints &gt; GET /v1/api/market/screener &gt; returns 500 when service throws error" time="0.003">
            <system-err>
{&quot;timestamp&quot;:&quot;2026-01-01T10:46:50.181Z&quot;,&quot;service&quot;:&quot;stockly-api-test&quot;,&quot;level&quot;:&quot;ERROR&quot;,&quot;traceId&quot;:&quot;test-trace-id&quot;,&quot;userId&quot;:null,&quot;path&quot;:&quot;/test&quot;,&quot;message&quot;:&quot;Failed to get screener&quot;,&quot;type&quot;:&quot;general&quot;,&quot;error&quot;:{&quot;name&quot;:&quot;Error&quot;,&quot;message&quot;:&quot;Service error&quot;,&quot;stack&quot;:&quot;Error: Service error\n    at /home/sngvahmed/workspace/stockly/api/test/api-integration.spec.ts:1368:48\n    at home/sngvahmed/workspace/stockly/node_modules/@vitest/runner/dist/chunk-hooks.js:155:11\n    at home/sngvahmed/workspace/stockly/node_modules/@vitest/runner/dist/chunk-hooks.js:752:26\n    at home/sngvahmed/workspace/stockly/node_modules/@vitest/runner/dist/chunk-hooks.js:1897:20\n    at new Promise (&lt;anonymous&gt;)\n    at runWithTimeout (home/sngvahmed/workspace/stockly/node_modules/@vitest/runner/dist/chunk-hooks.js:1863:10)\n    at runTest (home/sngvahmed/workspace/stockly/node_modules/@vitest/runner/dist/chunk-hooks.js:1574:12)\n    at runSuite (home/sngvahmed/workspace/stockly/node_modules/@vitest/runner/dist/chunk-hooks.js:1729:8)\n    at runSuite (home/sngvahmed/workspace/stockly/node_modules/@vitest/runner/dist/chunk-hooks.js:1729:8)\n    at runSuite (home/sngvahmed/workspace/stockly/node_modules/@vitest/runner/dist/chunk-hooks.js:1729:8)&quot;}}

            </system-err>
        </testcase>
        <testcase classname="test/api-integration.spec.ts" name="API Integration - Market Endpoints &gt; GET /v1/api/market/screener &gt; validates response schema matches MarketResponseSchema" time="0.003">
        </testcase>
        <testcase classname="test/api-integration.spec.ts" name="API Integration - Market Endpoints &gt; GET /v1/api/market/screener &gt; handles FMP response with missing optional fields" time="0.003">
        </testcase>
        <testcase classname="test/api-integration.spec.ts" name="API Integration - Get Stock Details &gt; getStockDetails returns profile with beta field when available" time="0.022">
            <system-out>
{&quot;timestamp&quot;:&quot;2026-01-01T10:46:50.209Z&quot;,&quot;service&quot;:&quot;stockly-api-test&quot;,&quot;level&quot;:&quot;INFO&quot;,&quot;traceId&quot;:&quot;test-trace-id&quot;,&quot;userId&quot;:null,&quot;path&quot;:&quot;/test&quot;,&quot;message&quot;:&quot;Cache miss for stock details: AAPL, fetching...&quot;,&quot;type&quot;:&quot;general&quot;}

{&quot;timestamp&quot;:&quot;2026-01-01T10:46:50.209Z&quot;,&quot;service&quot;:&quot;stockly-api-test&quot;,&quot;level&quot;:&quot;DEBUG&quot;,&quot;traceId&quot;:&quot;test-trace-id&quot;,&quot;userId&quot;:null,&quot;path&quot;:&quot;/test&quot;,&quot;message&quot;:&quot;D1 first: SELECT * FROM api_endpoints WHERE id = ?&quot;,&quot;type&quot;:&quot;data_operation&quot;,&quot;operation&quot;:&quot;d1&quot;,&quot;query&quot;:&quot;SELECT * FROM api_endpoints WHERE id = ?&quot;,&quot;latencyMs&quot;:0,&quot;cacheStatus&quot;:&quot;N/A&quot;}
{&quot;timestamp&quot;:&quot;2026-01-01T10:46:50.209Z&quot;,&quot;service&quot;:&quot;stockly-api-test&quot;,&quot;level&quot;:&quot;DEBUG&quot;,&quot;traceId&quot;:&quot;test-trace-id&quot;,&quot;userId&quot;:null,&quot;path&quot;:&quot;/test&quot;,&quot;message&quot;:&quot;D1 first: SELECT * FROM api_endpoints WHERE id = ?&quot;,&quot;type&quot;:&quot;data_operation&quot;,&quot;operation&quot;:&quot;d1&quot;,&quot;query&quot;:&quot;SELECT * FROM api_endpoints WHERE id = ?&quot;,&quot;latencyMs&quot;:0,&quot;cacheStatus&quot;:&quot;N/A&quot;}
{&quot;timestamp&quot;:&quot;2026-01-01T10:46:50.209Z&quot;,&quot;service&quot;:&quot;stockly-api-test&quot;,&quot;level&quot;:&quot;DEBUG&quot;,&quot;traceId&quot;:&quot;test-trace-id&quot;,&quot;userId&quot;:null,&quot;path&quot;:&quot;/test&quot;,&quot;message&quot;:&quot;D1 first: SELECT * FROM api_endpoints WHERE id = ?&quot;,&quot;type&quot;:&quot;data_operation&quot;,&quot;operation&quot;:&quot;d1&quot;,&quot;query&quot;:&quot;SELECT * FROM api_endpoints WHERE id = ?&quot;,&quot;latencyMs&quot;:0,&quot;cacheStatus&quot;:&quot;N/A&quot;}
{&quot;timestamp&quot;:&quot;2026-01-01T10:46:50.209Z&quot;,&quot;service&quot;:&quot;stockly-api-test&quot;,&quot;level&quot;:&quot;DEBUG&quot;,&quot;traceId&quot;:&quot;test-trace-id&quot;,&quot;userId&quot;:null,&quot;path&quot;:&quot;/test&quot;,&quot;message&quot;:&quot;D1 first: SELECT * FROM api_endpoints WHERE id = ?&quot;,&quot;type&quot;:&quot;data_operation&quot;,&quot;operation&quot;:&quot;d1&quot;,&quot;query&quot;:&quot;SELECT * FROM api_endpoints WHERE id = ?&quot;,&quot;latencyMs&quot;:0,&quot;cacheStatus&quot;:&quot;N/A&quot;}
{&quot;timestamp&quot;:&quot;2026-01-01T10:46:50.209Z&quot;,&quot;service&quot;:&quot;stockly-api-test&quot;,&quot;level&quot;:&quot;DEBUG&quot;,&quot;traceId&quot;:&quot;test-trace-id&quot;,&quot;userId&quot;:null,&quot;path&quot;:&quot;/test&quot;,&quot;message&quot;:&quot;D1 first: SELECT * FROM api_endpoints WHERE id = ?&quot;,&quot;type&quot;:&quot;data_operation&quot;,&quot;operation&quot;:&quot;d1&quot;,&quot;query&quot;:&quot;SELECT * FROM api_endpoints WHERE id = ?&quot;,&quot;latencyMs&quot;:0,&quot;cacheStatus&quot;:&quot;N/A&quot;}
{&quot;timestamp&quot;:&quot;2026-01-01T10:46:50.209Z&quot;,&quot;service&quot;:&quot;stockly-api-test&quot;,&quot;level&quot;:&quot;DEBUG&quot;,&quot;traceId&quot;:&quot;test-trace-id&quot;,&quot;userId&quot;:null,&quot;path&quot;:&quot;/test&quot;,&quot;message&quot;:&quot;D1 first: SELECT * FROM api_endpoints WHERE id = ?&quot;,&quot;type&quot;:&quot;data_operation&quot;,&quot;operation&quot;:&quot;d1&quot;,&quot;query&quot;:&quot;SELECT * FROM api_endpoints WHERE id = ?&quot;,&quot;latencyMs&quot;:0,&quot;cacheStatus&quot;:&quot;N/A&quot;}
{&quot;timestamp&quot;:&quot;2026-01-01T10:46:50.209Z&quot;,&quot;service&quot;:&quot;stockly-api-test&quot;,&quot;level&quot;:&quot;DEBUG&quot;,&quot;traceId&quot;:&quot;test-trace-id&quot;,&quot;userId&quot;:null,&quot;path&quot;:&quot;/test&quot;,&quot;message&quot;:&quot;D1 first: SELECT * FROM api_endpoints WHERE id = ?&quot;,&quot;type&quot;:&quot;data_operation&quot;,&quot;operation&quot;:&quot;d1&quot;,&quot;query&quot;:&quot;SELECT * FROM api_endpoints WHERE id = ?&quot;,&quot;latencyMs&quot;:0,&quot;cacheStatus&quot;:&quot;N/A&quot;}

            </system-out>
            <system-err>
{&quot;timestamp&quot;:&quot;2026-01-01T10:46:50.209Z&quot;,&quot;service&quot;:&quot;stockly-api-test&quot;,&quot;level&quot;:&quot;WARN&quot;,&quot;traceId&quot;:&quot;test-trace-id&quot;,&quot;userId&quot;:null,&quot;path&quot;:&quot;/test&quot;,&quot;message&quot;:&quot;Datalake adapter not available for endpoint profile, will fallback to direct FMP&quot;,&quot;type&quot;:&quot;general&quot;}
{&quot;timestamp&quot;:&quot;2026-01-01T10:46:50.209Z&quot;,&quot;service&quot;:&quot;stockly-api-test&quot;,&quot;level&quot;:&quot;WARN&quot;,&quot;traceId&quot;:&quot;test-trace-id&quot;,&quot;userId&quot;:null,&quot;path&quot;:&quot;/test&quot;,&quot;message&quot;:&quot;Datalake adapter not available for endpoint quote, will fallback to direct FMP&quot;,&quot;type&quot;:&quot;general&quot;}
{&quot;timestamp&quot;:&quot;2026-01-01T10:46:50.209Z&quot;,&quot;service&quot;:&quot;stockly-api-test&quot;,&quot;level&quot;:&quot;WARN&quot;,&quot;traceId&quot;:&quot;test-trace-id&quot;,&quot;userId&quot;:null,&quot;path&quot;:&quot;/test&quot;,&quot;message&quot;:&quot;Datalake adapter not available for endpoint historical-price-full, will fallback to direct FMP&quot;,&quot;type&quot;:&quot;general&quot;}
{&quot;timestamp&quot;:&quot;2026-01-01T10:46:50.209Z&quot;,&quot;service&quot;:&quot;stockly-api-test&quot;,&quot;level&quot;:&quot;WARN&quot;,&quot;traceId&quot;:&quot;test-trace-id&quot;,&quot;userId&quot;:null,&quot;path&quot;:&quot;/test&quot;,&quot;message&quot;:&quot;Datalake adapter not available for endpoint key-metrics, will fallback to direct FMP&quot;,&quot;type&quot;:&quot;general&quot;}
{&quot;timestamp&quot;:&quot;2026-01-01T10:46:50.209Z&quot;,&quot;service&quot;:&quot;stockly-api-test&quot;,&quot;level&quot;:&quot;WARN&quot;,&quot;traceId&quot;:&quot;test-trace-id&quot;,&quot;userId&quot;:null,&quot;path&quot;:&quot;/test&quot;,&quot;message&quot;:&quot;Datalake adapter not available for endpoint income-statement, will fallback to direct FMP&quot;,&quot;type&quot;:&quot;general&quot;}
{&quot;timestamp&quot;:&quot;2026-01-01T10:46:50.209Z&quot;,&quot;service&quot;:&quot;stockly-api-test&quot;,&quot;level&quot;:&quot;WARN&quot;,&quot;traceId&quot;:&quot;test-trace-id&quot;,&quot;userId&quot;:null,&quot;path&quot;:&quot;/test&quot;,&quot;message&quot;:&quot;Datalake adapter not available for endpoint stock-news, will fallback to direct FMP&quot;,&quot;type&quot;:&quot;general&quot;}
{&quot;timestamp&quot;:&quot;2026-01-01T10:46:50.209Z&quot;,&quot;service&quot;:&quot;stockly-api-test&quot;,&quot;level&quot;:&quot;WARN&quot;,&quot;traceId&quot;:&quot;test-trace-id&quot;,&quot;userId&quot;:null,&quot;path&quot;:&quot;/test&quot;,&quot;message&quot;:&quot;Datalake adapter not available for endpoint ratios, will fallback to direct FMP&quot;,&quot;type&quot;:&quot;general&quot;}

{&quot;timestamp&quot;:&quot;2026-01-01T10:46:50.211Z&quot;,&quot;service&quot;:&quot;stockly-api-test&quot;,&quot;level&quot;:&quot;WARN&quot;,&quot;traceId&quot;:&quot;test-trace-id&quot;,&quot;userId&quot;:null,&quot;path&quot;:&quot;/test&quot;,&quot;message&quot;:&quot;Failed to fetch news for AAPL:&quot;,&quot;type&quot;:&quot;general&quot;}

            </system-err>
        </testcase>
        <testcase classname="test/api-integration.spec.ts" name="API Integration - Get Stock Details &gt; getStockDetails handles missing beta field gracefully" time="0.008">
            <system-out>
{&quot;timestamp&quot;:&quot;2026-01-01T10:46:50.217Z&quot;,&quot;service&quot;:&quot;stockly-api-test&quot;,&quot;level&quot;:&quot;INFO&quot;,&quot;traceId&quot;:&quot;test-trace-id&quot;,&quot;userId&quot;:null,&quot;path&quot;:&quot;/test&quot;,&quot;message&quot;:&quot;Cache miss for stock details: AAPL, fetching...&quot;,&quot;type&quot;:&quot;general&quot;}

{&quot;timestamp&quot;:&quot;2026-01-01T10:46:50.217Z&quot;,&quot;service&quot;:&quot;stockly-api-test&quot;,&quot;level&quot;:&quot;DEBUG&quot;,&quot;traceId&quot;:&quot;test-trace-id&quot;,&quot;userId&quot;:null,&quot;path&quot;:&quot;/test&quot;,&quot;message&quot;:&quot;D1 first: SELECT * FROM api_endpoints WHERE id = ?&quot;,&quot;type&quot;:&quot;data_operation&quot;,&quot;operation&quot;:&quot;d1&quot;,&quot;query&quot;:&quot;SELECT * FROM api_endpoints WHERE id = ?&quot;,&quot;latencyMs&quot;:0,&quot;cacheStatus&quot;:&quot;N/A&quot;}
{&quot;timestamp&quot;:&quot;2026-01-01T10:46:50.217Z&quot;,&quot;service&quot;:&quot;stockly-api-test&quot;,&quot;level&quot;:&quot;DEBUG&quot;,&quot;traceId&quot;:&quot;test-trace-id&quot;,&quot;userId&quot;:null,&quot;path&quot;:&quot;/test&quot;,&quot;message&quot;:&quot;D1 first: SELECT * FROM api_endpoints WHERE id = ?&quot;,&quot;type&quot;:&quot;data_operation&quot;,&quot;operation&quot;:&quot;d1&quot;,&quot;query&quot;:&quot;SELECT * FROM api_endpoints WHERE id = ?&quot;,&quot;latencyMs&quot;:0,&quot;cacheStatus&quot;:&quot;N/A&quot;}
{&quot;timestamp&quot;:&quot;2026-01-01T10:46:50.217Z&quot;,&quot;service&quot;:&quot;stockly-api-test&quot;,&quot;level&quot;:&quot;DEBUG&quot;,&quot;traceId&quot;:&quot;test-trace-id&quot;,&quot;userId&quot;:null,&quot;path&quot;:&quot;/test&quot;,&quot;message&quot;:&quot;D1 first: SELECT * FROM api_endpoints WHERE id = ?&quot;,&quot;type&quot;:&quot;data_operation&quot;,&quot;operation&quot;:&quot;d1&quot;,&quot;query&quot;:&quot;SELECT * FROM api_endpoints WHERE id = ?&quot;,&quot;latencyMs&quot;:0,&quot;cacheStatus&quot;:&quot;N/A&quot;}
{&quot;timestamp&quot;:&quot;2026-01-01T10:46:50.217Z&quot;,&quot;service&quot;:&quot;stockly-api-test&quot;,&quot;level&quot;:&quot;DEBUG&quot;,&quot;traceId&quot;:&quot;test-trace-id&quot;,&quot;userId&quot;:null,&quot;path&quot;:&quot;/test&quot;,&quot;message&quot;:&quot;D1 first: SELECT * FROM api_endpoints WHERE id = ?&quot;,&quot;type&quot;:&quot;data_operation&quot;,&quot;operation&quot;:&quot;d1&quot;,&quot;query&quot;:&quot;SELECT * FROM api_endpoints WHERE id = ?&quot;,&quot;latencyMs&quot;:0,&quot;cacheStatus&quot;:&quot;N/A&quot;}
{&quot;timestamp&quot;:&quot;2026-01-01T10:46:50.217Z&quot;,&quot;service&quot;:&quot;stockly-api-test&quot;,&quot;level&quot;:&quot;DEBUG&quot;,&quot;traceId&quot;:&quot;test-trace-id&quot;,&quot;userId&quot;:null,&quot;path&quot;:&quot;/test&quot;,&quot;message&quot;:&quot;D1 first: SELECT * FROM api_endpoints WHERE id = ?&quot;,&quot;type&quot;:&quot;data_operation&quot;,&quot;operation&quot;:&quot;d1&quot;,&quot;query&quot;:&quot;SELECT * FROM api_endpoints WHERE id = ?&quot;,&quot;latencyMs&quot;:0,&quot;cacheStatus&quot;:&quot;N/A&quot;}
{&quot;timestamp&quot;:&quot;2026-01-01T10:46:50.217Z&quot;,&quot;service&quot;:&quot;stockly-api-test&quot;,&quot;level&quot;:&quot;DEBUG&quot;,&quot;traceId&quot;:&quot;test-trace-id&quot;,&quot;userId&quot;:null,&quot;path&quot;:&quot;/test&quot;,&quot;message&quot;:&quot;D1 first: SELECT * FROM api_endpoints WHERE id = ?&quot;,&quot;type&quot;:&quot;data_operation&quot;,&quot;operation&quot;:&quot;d1&quot;,&quot;query&quot;:&quot;SELECT * FROM api_endpoints WHERE id = ?&quot;,&quot;latencyMs&quot;:0,&quot;cacheStatus&quot;:&quot;N/A&quot;}
{&quot;timestamp&quot;:&quot;2026-01-01T10:46:50.217Z&quot;,&quot;service&quot;:&quot;stockly-api-test&quot;,&quot;level&quot;:&quot;DEBUG&quot;,&quot;traceId&quot;:&quot;test-trace-id&quot;,&quot;userId&quot;:null,&quot;path&quot;:&quot;/test&quot;,&quot;message&quot;:&quot;D1 first: SELECT * FROM api_endpoints WHERE id = ?&quot;,&quot;type&quot;:&quot;data_operation&quot;,&quot;operation&quot;:&quot;d1&quot;,&quot;query&quot;:&quot;SELECT * FROM api_endpoints WHERE id = ?&quot;,&quot;latencyMs&quot;:0,&quot;cacheStatus&quot;:&quot;N/A&quot;}

            </system-out>
            <system-err>
{&quot;timestamp&quot;:&quot;2026-01-01T10:46:50.217Z&quot;,&quot;service&quot;:&quot;stockly-api-test&quot;,&quot;level&quot;:&quot;WARN&quot;,&quot;traceId&quot;:&quot;test-trace-id&quot;,&quot;userId&quot;:null,&quot;path&quot;:&quot;/test&quot;,&quot;message&quot;:&quot;Datalake adapter not available for endpoint profile, will fallback to direct FMP&quot;,&quot;type&quot;:&quot;general&quot;}
{&quot;timestamp&quot;:&quot;2026-01-01T10:46:50.217Z&quot;,&quot;service&quot;:&quot;stockly-api-test&quot;,&quot;level&quot;:&quot;WARN&quot;,&quot;traceId&quot;:&quot;test-trace-id&quot;,&quot;userId&quot;:null,&quot;path&quot;:&quot;/test&quot;,&quot;message&quot;:&quot;Datalake adapter not available for endpoint quote, will fallback to direct FMP&quot;,&quot;type&quot;:&quot;general&quot;}
{&quot;timestamp&quot;:&quot;2026-01-01T10:46:50.217Z&quot;,&quot;service&quot;:&quot;stockly-api-test&quot;,&quot;level&quot;:&quot;WARN&quot;,&quot;traceId&quot;:&quot;test-trace-id&quot;,&quot;userId&quot;:null,&quot;path&quot;:&quot;/test&quot;,&quot;message&quot;:&quot;Datalake adapter not available for endpoint historical-price-full, will fallback to direct FMP&quot;,&quot;type&quot;:&quot;general&quot;}
{&quot;timestamp&quot;:&quot;2026-01-01T10:46:50.217Z&quot;,&quot;service&quot;:&quot;stockly-api-test&quot;,&quot;level&quot;:&quot;WARN&quot;,&quot;traceId&quot;:&quot;test-trace-id&quot;,&quot;userId&quot;:null,&quot;path&quot;:&quot;/test&quot;,&quot;message&quot;:&quot;Datalake adapter not available for endpoint key-metrics, will fallback to direct FMP&quot;,&quot;type&quot;:&quot;general&quot;}
{&quot;timestamp&quot;:&quot;2026-01-01T10:46:50.217Z&quot;,&quot;service&quot;:&quot;stockly-api-test&quot;,&quot;level&quot;:&quot;WARN&quot;,&quot;traceId&quot;:&quot;test-trace-id&quot;,&quot;userId&quot;:null,&quot;path&quot;:&quot;/test&quot;,&quot;message&quot;:&quot;Datalake adapter not available for endpoint income-statement, will fallback to direct FMP&quot;,&quot;type&quot;:&quot;general&quot;}
[...]
        </testcase>
        <testcase classname="src/services/__tests__/quotes.service.test.ts" name="QuotesService &gt; getQuotes &gt; should throw error for empty symbols array" time="0.086">
        </testcase>
        <testcase classname="src/services/__tests__/quotes.service.test.ts" name="QuotesService &gt; getQuotes &gt; should work without Env (no working hours check)" time="0.031">
        </testcase>
    </testsuite>
    <testsuite name="src/services/__tests__/search.service.test.ts" timestamp="2026-01-01T10:46:50.947Z" hostname="sngvahmed" tests="6" failures="0" errors="0" skipped="0" time="0.807">
        <testcase classname="src/services/__tests__/search.service.test.ts" name="SearchService &gt; searchStocks &gt; should return search results from repository during working hours" time="0.045">
        </testcase>
        <testcase classname="src/services/__tests__/search.service.test.ts" name="SearchService &gt; searchStocks &gt; should return empty array when outside working hours" time="0.129">
        </testcase>
        <testcase classname="src/services/__tests__/search.service.test.ts" name="SearchService &gt; searchStocks &gt; should return empty array for query shorter than 2 characters" time="0.14">
        </testcase>
        <testcase classname="src/services/__tests__/search.service.test.ts" name="SearchService &gt; searchStocks &gt; should return empty array for empty query" time="0.114">
        </testcase>
        <testcase classname="src/services/__tests__/search.service.test.ts" name="SearchService &gt; searchStocks &gt; should trim query before searching" time="0.125">
        </testcase>
        <testcase classname="src/services/__tests__/search.service.test.ts" name="SearchService &gt; searchStocks &gt; should work without Env (no working hours check)" time="0.072">
        </testcase>
    </testsuite>
    <testsuite name="src/services/__tests__/stocks.service.test.ts" timestamp="2026-01-01T10:46:50.948Z" hostname="sngvahmed" tests="10" failures="0" errors="0" skipped="0" time="1.207">
        <testcase classname="src/services/__tests__/stocks.service.test.ts" name="StockService &gt; getStockDetails &gt; should return stock details for valid symbol" time="0.224">
        </testcase>
        <testcase classname="src/services/__tests__/stocks.service.test.ts" name="StockService &gt; getStockDetails &gt; should normalize symbol to uppercase" time="0.113">
        </testcase>
        <testcase classname="src/services/__tests__/stocks.service.test.ts" name="StockService &gt; getStockDetails &gt; should throw error for empty symbol" time="0.122">
        </testcase>
        <testcase classname="src/services/__tests__/stocks.service.test.ts" name="StockService &gt; getStockDetails &gt; should throw error for symbol longer than 10 characters" time="0.095">
        </testcase>
        <testcase classname="src/services/__tests__/stocks.service.test.ts" name="StockService &gt; getStockDetails &gt; should throw error when repository throws" time="0.094">
        </testcase>
        <testcase classname="src/services/__tests__/stocks.service.test.ts" name="StockService &gt; getStockDetails &gt; should return stale cache when outside working hours" time="0.044">
        </testcase>
        <testcase classname="src/services/__tests__/stocks.service.test.ts" name="StockService &gt; getStockDetails &gt; should throw error when outside working hours and no cache" time="0.094">
        </testcase>
        <testcase classname="src/services/__tests__/stocks.service.test.ts" name="StockService &gt; watchStockDetails &gt; should return async iterable for valid symbol" time="0.043">
        </testcase>
        <testcase classname="src/services/__tests__/stocks.service.test.ts" name="StockService &gt; watchStockDetails &gt; should normalize symbol to uppercase" time="0.074">
        </testcase>
        <testcase classname="src/services/__tests__/stocks.service.test.ts" name="StockService &gt; watchStockDetails &gt; should throw error for invalid symbol" time="0.045">
        </testcase>
    </testsuite>
    <testsuite name="src/services/__tests__/users.service.test.ts" timestamp="2026-01-01T10:46:50.949Z" hostname="sngvahmed" tests="7" failures="0" errors="0" skipped="0" time="1.037">
        <testcase classname="src/services/__tests__/users.service.test.ts" name="UserService &gt; updateProfile &gt; should successfully update profile when username is available" time="0.041">
        </testcase>
        <testcase classname="src/services/__tests__/users.service.test.ts" name="UserService &gt; updateProfile &gt; should throw error when username is already taken by another user" time="0.095">
        </testcase>
        <testcase classname="src/services/__tests__/users.service.test.ts" name="UserService &gt; updateProfile &gt; should allow updating username to same username (no-op)" time="0.102">
        </testcase>
        <testcase classname="src/services/__tests__/users.service.test.ts" name="UserService &gt; updateProfile &gt; should update name without username validation" time="0.032">
        </testcase>
        <testcase classname="src/services/__tests__/users.service.test.ts" name="UserService &gt; getProfile &gt; should return user profile by ID" time="0.042">
        </testcase>
        <testcase classname="src/services/__tests__/users.service.test.ts" name="UserService &gt; getProfile &gt; should return null when user not found" time="0.129">
        </testcase>
        <testcase classname="src/services/__tests__/users.service.test.ts" name="UserService &gt; getProfileByUsername &gt; should return user profile by username" time="0.118">
        </testcase>
    </testsuite>
    <testsuite name="src/utils/__tests__/working-hours.test.ts" timestamp="2026-01-01T10:46:50.950Z" hostname="sngvahmed" tests="12" failures="0" errors="0" skipped="0" time="1.407">
        <testcase classname="src/utils/__tests__/working-hours.test.ts" name="working-hours &gt; isWithinWorkingHours &gt; should return true when working hours feature is disabled" time="0.037">
        </testcase>
        <testcase classname="src/utils/__tests__/working-hours.test.ts" name="working-hours &gt; isWithinWorkingHours &gt; should return true when workingHours is undefined" time="0.096">
        </testcase>
        <testcase classname="src/utils/__tests__/working-hours.test.ts" name="working-hours &gt; isWithinWorkingHours &gt; should return true when current hour is within working hours (normal case)" time="0.103">
        </testcase>
        <testcase classname="src/utils/__tests__/working-hours.test.ts" name="working-hours &gt; isWithinWorkingHours &gt; should return false when current hour is before start hour" time="0.099">
        </testcase>
        <testcase classname="src/utils/__tests__/working-hours.test.ts" name="working-hours &gt; isWithinWorkingHours &gt; should return false when current hour is after end hour" time="0.04">
        </testcase>
        <testcase classname="src/utils/__tests__/working-hours.test.ts" name="working-hours &gt; isWithinWorkingHours &gt; should handle overnight working hours (startHour &gt; endHour)" time="0.078">
        </testcase>
        <testcase classname="src/utils/__tests__/working-hours.test.ts" name="working-hours &gt; isWithinWorkingHours &gt; should handle overnight working hours - early morning" time="0.126">
        </testcase>
        <testcase classname="src/utils/__tests__/working-hours.test.ts" name="working-hours &gt; isWithinWorkingHours &gt; should handle overnight working hours - outside range" time="0.199">
        </testcase>
        <testcase classname="src/utils/__tests__/working-hours.test.ts" name="working-hours &gt; isWithinWorkingHours &gt; should return true for invalid hours (fallback)" time="0.115">
            <system-err>
Invalid working hours configuration, allowing all hours

            </system-err>
        </testcase>
        <testcase classname="src/utils/__tests__/working-hours.test.ts" name="working-hours &gt; isWithinWorkingHours &gt; should work with different timezones" time="0.121">
        </testcase>
        <testcase classname="src/utils/__tests__/working-hours.test.ts" name="working-hours &gt; getWorkingHoursInfo &gt; should return correct info when within working hours" time="0.094">
        </testcase>
        <testcase classname="src/utils/__tests__/working-hours.test.ts" name="working-hours &gt; getWorkingHoursInfo &gt; should return correct info when working hours disabled" time="0.04">
        </testcase>
    </testsuite>
    <testsuite name="src/repositories/__tests__/d1/AlertRepository.test.ts" timestamp="2026-01-01T10:46:50.952Z" hostname="sngvahmed" tests="7" failures="0" errors="0" skipped="0" time="1.228">
        <testcase classname="src/repositories/__tests__/d1/AlertRepository.test.ts" name="AlertRepository &gt; list &gt; should return all alerts for admin (username null)" time="0.047">
        </testcase>
        <testcase classname="src/repositories/__tests__/d1/AlertRepository.test.ts" name="AlertRepository &gt; list &gt; should return alerts filtered by username" time="0.095">
        </testcase>
        <testcase classname="src/repositories/__tests__/d1/AlertRepository.test.ts" name="AlertRepository &gt; create &gt; should create alert and return it" time="0.104">
        </testcase>
        <testcase classname="src/repositories/__tests__/d1/AlertRepository.test.ts" name="AlertRepository &gt; create &gt; should throw error when username is empty" time="0.102">
        </testcase>
        <testcase classname="src/repositories/__tests__/d1/AlertRepository.test.ts" name="AlertRepository &gt; update &gt; should update alert and return updated version" time="0.132">
        </testcase>
        <testcase classname="src/repositories/__tests__/d1/AlertRepository.test.ts" name="AlertRepository &gt; delete &gt; should delete alert for user" time="0.053">
        </testcase>
        <testcase classname="src/repositories/__tests__/d1/AlertRepository.test.ts" name="AlertRepository &gt; delete &gt; should delete alert for admin (username null)" time="0.098">
        </testcase>
    </testsuite>
    <testsuite name="src/repositories/__tests__/d1/UserRepository.test.ts" timestamp="2026-01-01T10:46:50.953Z" hostname="sngvahmed" tests="5" failures="0" errors="0" skipped="0" time="0.959">
        <testcase classname="src/repositories/__tests__/d1/UserRepository.test.ts" name="UserRepository &gt; findById &gt; should return user when found" time="0.039">
        </testcase>
        <testcase classname="src/repositories/__tests__/d1/UserRepository.test.ts" name="UserRepository &gt; findById &gt; should return null when user not found" time="0.103">
        </testcase>
        <testcase classname="src/repositories/__tests__/d1/UserRepository.test.ts" name="UserRepository &gt; findByUsername &gt; should return user when found by username" time="0.108">
        </testcase>
        <testcase classname="src/repositories/__tests__/d1/UserRepository.test.ts" name="UserRepository &gt; update &gt; should update user profile" time="0.139">
        </testcase>
        <testcase classname="src/repositories/__tests__/d1/UserRepository.test.ts" name="UserRepository &gt; update &gt; should handle partial updates" time="0.133">
        </testcase>
    </testsuite>
    <testsuite name="src/repositories/__tests__/external/CalendarRepository.test.ts" timestamp="2026-01-01T10:46:50.954Z" hostname="sngvahmed" tests="5" failures="0" errors="0" skipped="0" time="1.316">
        <testcase classname="src/repositories/__tests__/external/CalendarRepository.test.ts" name="CalendarRepository &gt; getEarningsCalendar &gt; should fetch earnings calendar from FMP API" time="0.101">
        </testcase>
        <testcase classname="src/repositories/__tests__/external/CalendarRepository.test.ts" name="CalendarRepository &gt; getEarningsCalendar &gt; should handle date range parameters" time="0.216">
        </testcase>
        <testcase classname="src/repositories/__tests__/external/CalendarRepository.test.ts" name="CalendarRepository &gt; getDividendCalendar &gt; should fetch dividend calendar from FMP API" time="0.22">
        </testcase>
        <testcase classname="src/repositories/__tests__/external/CalendarRepository.test.ts" name="CalendarRepository &gt; getIPOCalendar &gt; should fetch IPO calendar from FMP API" time="0.191">
        </testcase>
        <testcase classname="src/repositories/__tests__/external/CalendarRepository.test.ts" name="CalendarRepository &gt; getStockSplitCalendar &gt; should fetch stock split calendar from FMP API" time="0.133">
        </testcase>
    </testsuite>
    <testsuite name="src/repositories/__tests__/external/DividendRepository.test.ts" timestamp="2026-01-01T10:46:50.955Z" hostname="sngvahmed" tests="9" failures="0" errors="0" skipped="0" time="1.65">
        <testcase classname="src/repositories/__tests__/external/DividendRepository.test.ts" name="DividendRepository &gt; getHistoricalDividends &gt; should fetch historical dividends successfully" time="0.104">
        </testcase>
        <testcase classname="src/repositories/__tests__/external/DividendRepository.test.ts" name="DividendRepository &gt; getHistoricalDividends &gt; should handle empty dividend history" time="0.214">
        </testcase>
        <testcase classname="src/repositories/__tests__/external/DividendRepository.test.ts" name="DividendRepository &gt; getHistoricalDividends &gt; should handle 404 response (no data)" time="0.215">
        </testcase>
        <testcase classname="src/repositories/__tests__/external/DividendRepository.test.ts" name="DividendRepository &gt; getHistoricalDividends &gt; should handle API errors" time="0.228">
        </testcase>
        <testcase classname="src/repositories/__tests__/external/DividendRepository.test.ts" name="DividendRepository &gt; getHistoricalDividends &gt; should handle rate limiting by throwing error" time="0.154">
        </testcase>
        <testcase classname="src/repositories/__tests__/external/DividendRepository.test.ts" name="DividendRepository &gt; getCurrentYield &gt; should extract yield directly from profile" time="0.166">
        </testcase>
        <testcase classname="src/repositories/__tests__/external/DividendRepository.test.ts" name="DividendRepository &gt; getCurrentYield &gt; should calculate yield from lastDiv and price" time="0.079">
        </testcase>
        <testcase classname="src/repositories/__tests__/external/DividendRepository.test.ts" name="DividendRepository &gt; getCurrentYield &gt; should return null if no dividend data" time="0.121">
        </testcase>
        <testcase classname="src/repositories/__tests__/external/DividendRepository.test.ts" name="DividendRepository &gt; getCurrentYield &gt; should handle 404 response" time="0.093">
        </testcase>
    </testsuite>
    <testsuite name="src/repositories/__tests__/external/MarketRepository.test.ts" timestamp="2026-01-01T10:46:50.956Z" hostname="sngvahmed" tests="16" failures="0" errors="0" skipped="0" time="3.424">
        <testcase classname="src/repositories/__tests__/external/MarketRepository.test.ts" name="MarketRepository &gt; getGainers &gt; should fetch gainers from FMP dedicated endpoint" time="0.105">
        </testcase>
        <testcase classname="src/repositories/__tests__/external/MarketRepository.test.ts" name="MarketRepository &gt; getGainers &gt; should handle empty array when FMP returns no gainers" time="2.038">
        </testcase>
        <testcase classname="src/repositories/__tests__/external/MarketRepository.test.ts" name="MarketRepository &gt; getGainers &gt; should normalize gainers response fields correctly" time="0.055">
        </testcase>
        <testcase classname="src/repositories/__tests__/external/MarketRepository.test.ts" name="MarketRepository &gt; getGainers &gt; should handle missing optional fields" time="0.034">
        </testcase>
        <testcase classname="src/repositories/__tests__/external/MarketRepository.test.ts" name="MarketRepository &gt; getGainers &gt; should retry on rate limit (429)" time="1.022">
        </testcase>
        <testcase classname="src/repositories/__tests__/external/MarketRepository.test.ts" name="MarketRepository &gt; getGainers &gt; should handle errors gracefully when quote fetching fails" time="0.007">
        </testcase>
        <testcase classname="src/repositories/__tests__/external/MarketRepository.test.ts" name="MarketRepository &gt; getLosers &gt; should fetch losers from FMP dedicated endpoint" time="0.007">
        </testcase>
        <testcase classname="src/repositories/__tests__/external/MarketRepository.test.ts" name="MarketRepository &gt; getActives &gt; should fetch actives from FMP dedicated endpoint" time="0.006">
        </testcase>
        <testcase classname="src/repositories/__tests__/external/MarketRepository.test.ts" name="MarketRepository &gt; getSectorsPerformance &gt; should fetch and normalize sectors performance from FMP API" time="0.006">
        </testcase>
        <testcase classname="src/repositories/__tests__/external/MarketRepository.test.ts" name="MarketRepository &gt; getSectorsPerformance &gt; should handle empty array response" time="0.004">
        </testcase>
        <testcase classname="src/repositories/__tests__/external/MarketRepository.test.ts" name="MarketRepository &gt; getSectorsPerformance &gt; should handle alternative field names in FMP response" time="0.005">
        </testcase>
        <testcase classname="src/repositories/__tests__/external/MarketRepository.test.ts" name="MarketRepository &gt; getSectorsPerformance &gt; should handle null changesPercentage" time="0.004">
        </testcase>
        <testcase classname="src/repositories/__tests__/external/MarketRepository.test.ts" name="MarketRepository &gt; getMarketStatus &gt; should fetch market status from FMP API" time="0.007">
        </testcase>
        <testcase classname="src/repositories/__tests__/external/MarketRepository.test.ts" name="MarketRepository &gt; getMarketStatus &gt; should handle array response from FMP" time="0.007">
        </testcase>
        <testcase classname="src/repositories/__tests__/external/MarketRepository.test.ts" name="MarketRepository &gt; getMarketStatus &gt; should default to false if response is missing field" time="0.005">
        </testcase>
        <testcase classname="src/repositories/__tests__/external/MarketRepository.test.ts" name="MarketRepository &gt; getMarketStatus &gt; should handle API errors" time="0.007">
        </testcase>
    </testsuite>
    <testsuite name="src/repositories/__tests__/external/StockRepository.test.ts" timestamp="2026-01-01T10:46:50.958Z" hostname="sngvahmed" tests="5" failures="0" errors="0" skipped="1" time="1.086">
        <testcase classname="src/repositories/__tests__/external/StockRepository.test.ts" name="StockRepository &gt; getStockDetails &gt; should return stock details from API when cache miss" time="0.425">
        </testcase>
        <testcase classname="src/repositories/__tests__/external/StockRepository.test.ts" name="StockRepository &gt; getStockDetails &gt; should return cached stock details when cache hit" time="0.084">
        </testcase>
        <testcase classname="src/repositories/__tests__/external/StockRepository.test.ts" name="StockRepository &gt; getStockDetails &gt; should throw error when API fails" time="0">
            <skipped/>
        </testcase>
        <testcase classname="src/repositories/__tests__/external/StockRepository.test.ts" name="StockRepository &gt; watchStockDetails &gt; should return async iterable that yields stock details" time="0.079">
        </testcase>
        <testcase classname="src/repositories/__tests__/external/StockRepository.test.ts" name="StockRepository &gt; watchStockDetails &gt; should handle errors in stream gracefully" time="0.251">
        </testcase>
    </testsuite>
</testsuites>
