<?xml version="1.0" encoding="UTF-8" ?>
<testsuites name="vitest tests" tests="14" failures="0" errors="0" time="0.078">
    <testsuite name="src/services/__tests__/market.service.test.ts" timestamp="2025-12-31T09:57:51.317Z" hostname="sngvahmed" tests="14" failures="0" errors="0" skipped="0" time="0.078">
        <testcase classname="src/services/__tests__/market.service.test.ts" name="MarketService &gt; getGainers &gt; should return cached data when KV cache hit" time="0.01">
        </testcase>
        <testcase classname="src/services/__tests__/market.service.test.ts" name="MarketService &gt; getGainers &gt; should fetch from FMP and cache when KV cache miss" time="0.005">
        </testcase>
        <testcase classname="src/services/__tests__/market.service.test.ts" name="MarketService &gt; getGainers &gt; should fetch from FMP and cache when KV cache expired" time="0.004">
        </testcase>
        <testcase classname="src/services/__tests__/market.service.test.ts" name="MarketService &gt; getGainers &gt; should return stale cache when FMP API fails" time="0.005">
        </testcase>
        <testcase classname="src/services/__tests__/market.service.test.ts" name="MarketService &gt; getGainers &gt; should return empty array when FMP fails and no stale cache available" time="0.005">
        </testcase>
        <testcase classname="src/services/__tests__/market.service.test.ts" name="MarketService &gt; getGainers &gt; should return stale cache when outside working hours and no fresh cache" time="0.005">
        </testcase>
        <testcase classname="src/services/__tests__/market.service.test.ts" name="MarketService &gt; getGainers &gt; should return empty array when outside working hours and no cache available" time="0.004">
        </testcase>
        <testcase classname="src/services/__tests__/market.service.test.ts" name="MarketService &gt; getLosers &gt; should return cached data when KV cache hit" time="0.005">
        </testcase>
        <testcase classname="src/services/__tests__/market.service.test.ts" name="MarketService &gt; getLosers &gt; should fetch from FMP and cache when KV cache miss" time="0.004">
        </testcase>
        <testcase classname="src/services/__tests__/market.service.test.ts" name="MarketService &gt; getActives &gt; should return cached data when KV cache hit" time="0.003">
        </testcase>
        <testcase classname="src/services/__tests__/market.service.test.ts" name="MarketService &gt; getActives &gt; should fetch from FMP and cache when KV cache miss" time="0.003">
        </testcase>
        <testcase classname="src/services/__tests__/market.service.test.ts" name="MarketService &gt; getSectorsPerformance &gt; should return cached data when KV cache hit" time="0.003">
        </testcase>
        <testcase classname="src/services/__tests__/market.service.test.ts" name="MarketService &gt; getSectorsPerformance &gt; should fetch from FMP and cache when KV cache miss" time="0.003">
        </testcase>
        <testcase classname="src/services/__tests__/market.service.test.ts" name="MarketService &gt; getSectorsPerformance &gt; should return stale cache when FMP API fails" time="0.003">
        </testcase>
    </testsuite>
</testsuites>
