<?xml version="1.0" encoding="UTF-8" ?>
<testsuites name="vitest tests" tests="705" failures="0" errors="0" time="58.68">
    <testsuite name="test/alerts-evaluate.spec.ts" timestamp="2025-12-20T12:24:18.146Z" hostname="sngvahmed" tests="6" failures="0" errors="0" skipped="0" time="0.432">
        <testcase classname="test/alerts-evaluate.spec.ts" name="evaluateAlerts &gt; notifies only when direction condition transitions from false to true" time="0.036">
        </testcase>
        <testcase classname="test/alerts-evaluate.spec.ts" name="evaluateAlerts &gt; resets state when price falls back below threshold" time="0.036">
        </testcase>
        <testcase classname="test/alerts-evaluate.spec.ts" name="evaluateAlerts &gt; skips alerts that lack a price" time="0.085">
        </testcase>
        <testcase classname="test/alerts-evaluate.spec.ts" name="evaluateAlerts &gt; notifies on significant price change after initial trigger (2% change)" time="0.035">
        </testcase>
        <testcase classname="test/alerts-evaluate.spec.ts" name="evaluateAlerts &gt; suppresses notifications during cooldown period" time="0.078">
        </testcase>
        <testcase classname="test/alerts-evaluate.spec.ts" name="evaluateAlerts &gt; handles &apos;below&apos; direction correctly" time="0.042">
        </testcase>
    </testsuite>
    <testsuite name="test/alerts-handler.spec.ts" timestamp="2025-12-20T12:24:18.151Z" hostname="sngvahmed" tests="5" failures="0" errors="0" skipped="0" time="0.326">
        <testcase classname="test/alerts-handler.spec.ts" name="alerts handler &gt; lists alerts" time="0.046">
            <system-out>
{&quot;timestamp&quot;:&quot;2025-12-20T12:24:06.388Z&quot;,&quot;service&quot;:&quot;stockly-api-test&quot;,&quot;level&quot;:&quot;INFO&quot;,&quot;traceId&quot;:&quot;test-trace-id&quot;,&quot;userId&quot;:null,&quot;path&quot;:&quot;/test&quot;,&quot;message&quot;:&quot;Alerts request authenticated&quot;,&quot;type&quot;:&quot;general&quot;,&quot;username&quot;:&quot;testuser&quot;,&quot;isAdmin&quot;:false,&quot;requestUsername&quot;:&quot;testuser&quot;,&quot;method&quot;:&quot;GET&quot;}

{&quot;timestamp&quot;:&quot;2025-12-20T12:24:06.389Z&quot;,&quot;service&quot;:&quot;stockly-api-test&quot;,&quot;level&quot;:&quot;INFO&quot;,&quot;traceId&quot;:&quot;test-trace-id&quot;,&quot;userId&quot;:null,&quot;path&quot;:&quot;/test&quot;,&quot;message&quot;:&quot;Fetched alerts from D1&quot;,&quot;type&quot;:&quot;general&quot;,&quot;username&quot;:&quot;testuser&quot;,&quot;alertCount&quot;:1,&quot;alertIds&quot;:[&quot;1&quot;]}

            </system-out>
        </testcase>
        <testcase classname="test/alerts-handler.spec.ts" name="alerts handler &gt; creates an alert when payload is valid" time="0.043">
            <system-out>
{&quot;timestamp&quot;:&quot;2025-12-20T12:24:06.436Z&quot;,&quot;service&quot;:&quot;stockly-api-test&quot;,&quot;level&quot;:&quot;INFO&quot;,&quot;traceId&quot;:&quot;test-trace-id&quot;,&quot;userId&quot;:null,&quot;path&quot;:&quot;/test&quot;,&quot;message&quot;:&quot;Alerts request authenticated&quot;,&quot;type&quot;:&quot;general&quot;,&quot;username&quot;:&quot;testuser&quot;,&quot;isAdmin&quot;:false,&quot;requestUsername&quot;:&quot;testuser&quot;,&quot;method&quot;:&quot;POST&quot;}

{&quot;timestamp&quot;:&quot;2025-12-20T12:24:06.436Z&quot;,&quot;service&quot;:&quot;stockly-api-test&quot;,&quot;level&quot;:&quot;INFO&quot;,&quot;traceId&quot;:&quot;test-trace-id&quot;,&quot;userId&quot;:null,&quot;path&quot;:&quot;/test&quot;,&quot;message&quot;:&quot;Creating alert&quot;,&quot;type&quot;:&quot;general&quot;,&quot;username&quot;:&quot;testuser&quot;,&quot;symbol&quot;:&quot;AAPL&quot;,&quot;direction&quot;:&quot;above&quot;,&quot;threshold&quot;:200}

{&quot;timestamp&quot;:&quot;2025-12-20T12:24:06.437Z&quot;,&quot;service&quot;:&quot;stockly-api-test&quot;,&quot;level&quot;:&quot;INFO&quot;,&quot;traceId&quot;:&quot;test-trace-id&quot;,&quot;userId&quot;:null,&quot;path&quot;:&quot;/test&quot;,&quot;message&quot;:&quot;Created alert successfully&quot;,&quot;type&quot;:&quot;general&quot;,&quot;alertId&quot;:&quot;2&quot;,&quot;username&quot;:&quot;testuser&quot;,&quot;alertUsername&quot;:&quot;testuser&quot;,&quot;isAdmin&quot;:false}

            </system-out>
        </testcase>
        <testcase classname="test/alerts-handler.spec.ts" name="alerts handler &gt; returns 404 when an alert is missing" time="0.073">
            <system-out>
{&quot;timestamp&quot;:&quot;2025-12-20T12:24:06.506Z&quot;,&quot;service&quot;:&quot;stockly-api-test&quot;,&quot;level&quot;:&quot;INFO&quot;,&quot;traceId&quot;:&quot;test-trace-id&quot;,&quot;userId&quot;:null,&quot;path&quot;:&quot;/test&quot;,&quot;message&quot;:&quot;Alerts request authenticated&quot;,&quot;type&quot;:&quot;general&quot;,&quot;username&quot;:&quot;testuser&quot;,&quot;isAdmin&quot;:false,&quot;requestUsername&quot;:&quot;testuser&quot;,&quot;method&quot;:&quot;GET&quot;}

            </system-out>
        </testcase>
        <testcase classname="test/alerts-handler.spec.ts" name="alerts handler &gt; updates alerts via PUT" time="0.039">
            <system-out>
{&quot;timestamp&quot;:&quot;2025-12-20T12:24:06.551Z&quot;,&quot;service&quot;:&quot;stockly-api-test&quot;,&quot;level&quot;:&quot;INFO&quot;,&quot;traceId&quot;:&quot;test-trace-id&quot;,&quot;userId&quot;:null,&quot;path&quot;:&quot;/test&quot;,&quot;message&quot;:&quot;Alerts request authenticated&quot;,&quot;type&quot;:&quot;general&quot;,&quot;username&quot;:&quot;testuser&quot;,&quot;isAdmin&quot;:false,&quot;requestUsername&quot;:&quot;testuser&quot;,&quot;method&quot;:&quot;PUT&quot;}

{&quot;timestamp&quot;:&quot;2025-12-20T12:24:06.551Z&quot;,&quot;service&quot;:&quot;stockly-api-test&quot;,&quot;level&quot;:&quot;INFO&quot;,&quot;traceId&quot;:&quot;test-trace-id&quot;,&quot;userId&quot;:null,&quot;path&quot;:&quot;/test&quot;,&quot;message&quot;:&quot;Updated alert&quot;,&quot;type&quot;:&quot;general&quot;,&quot;alertId&quot;:&quot;3&quot;,&quot;username&quot;:&quot;testuser&quot;}

            </system-out>
        </testcase>
        <testcase classname="test/alerts-handler.spec.ts" name="alerts handler &gt; deletes alerts and clears KV state" time="0.06">
            <system-out>
{&quot;timestamp&quot;:&quot;2025-12-20T12:24:06.612Z&quot;,&quot;service&quot;:&quot;stockly-api-test&quot;,&quot;level&quot;:&quot;INFO&quot;,&quot;traceId&quot;:&quot;test-trace-id&quot;,&quot;userId&quot;:null,&quot;path&quot;:&quot;/test&quot;,&quot;message&quot;:&quot;Alerts request authenticated&quot;,&quot;type&quot;:&quot;general&quot;,&quot;username&quot;:&quot;testuser&quot;,&quot;isAdmin&quot;:false,&quot;requestUsername&quot;:&quot;testuser&quot;,&quot;method&quot;:&quot;DELETE&quot;}

{&quot;timestamp&quot;:&quot;2025-12-20T12:24:06.612Z&quot;,&quot;service&quot;:&quot;stockly-api-test&quot;,&quot;level&quot;:&quot;INFO&quot;,&quot;traceId&quot;:&quot;test-trace-id&quot;,&quot;userId&quot;:null,&quot;path&quot;:&quot;/test&quot;,&quot;message&quot;:&quot;Deleted alert&quot;,&quot;type&quot;:&quot;general&quot;,&quot;alertId&quot;:&quot;123&quot;,&quot;username&quot;:&quot;testuser&quot;}

            </system-out>
        </testcase>
    </testsuite>
    <testsuite name="test/alerts-storage.spec.ts" timestamp="2025-12-20T12:24:18.157Z" hostname="sngvahmed" tests="19" failures="0" errors="0" skipped="0" time="1.07">
        <testcase classname="test/alerts-storage.spec.ts" name="alerts storage queries &gt; lists alerts" time="0.037">
        </testcase>
        <testcase classname="test/alerts-storage.spec.ts" name="alerts storage queries &gt; creates and returns an alert" time="0.044">
            <system-out>
Creating alert with username: testuser, symbol: AAPL

Alert created successfully: id=generated-id, username=testuser, symbol=AAPL

            </system-out>
        </testcase>
        <testcase classname="test/alerts-storage.spec.ts" name="alerts storage queries &gt; throws validation error for invalid data" time="0.105">
            <system-out>
Creating alert with username: u, symbol: BAD

            </system-out>
        </testcase>
        <testcase classname="test/alerts-storage.spec.ts" name="alerts storage queries &gt; throws missing data error" time="0.085">
            <system-out>
Creating alert with username: u, symbol: 

            </system-out>
        </testcase>
        <testcase classname="test/alerts-storage.spec.ts" name="alerts storage queries &gt; throws if alert creation cannot be verified" time="0.031">
            <system-out>
Creating alert with username: u, symbol: A

            </system-out>
        </testcase>
        <testcase classname="test/alerts-storage.spec.ts" name="alerts storage queries &gt; throws if created alert has mismatched username" time="0.076">
            <system-out>
Creating alert with username: me, symbol: A

            </system-out>
        </testcase>
        <testcase classname="test/alerts-storage.spec.ts" name="alerts storage queries &gt; updates alerts with provided fields" time="0.036">
        </testcase>
        <testcase classname="test/alerts-storage.spec.ts" name="alerts storage queries &gt; deletes alerts" time="0.063">
        </testcase>
        <testcase classname="test/alerts-storage.spec.ts" name="alerts storage queries &gt; lists active alerts" time="0.025">
        </testcase>
        <testcase classname="test/alerts-storage.spec.ts" name="alerts storage queries &gt; lists all alerts for admin (null username)" time="0.067">
        </testcase>
        <testcase classname="test/alerts-storage.spec.ts" name="alerts storage queries &gt; throws specific error on unique constraint violation" time="0.026">
            <system-out>
Creating alert with username: testuser, symbol: AAPL

            </system-out>
        </testcase>
        <testcase classname="test/alerts-storage.spec.ts" name="alerts storage queries &gt; lists active alerts for specific user" time="0.024">
        </testcase>
        <testcase classname="test/alerts-storage.spec.ts" name="alerts storage queries &gt; admin updates alert (null username)" time="0.06">
        </testcase>
        <testcase classname="test/alerts-storage.spec.ts" name="alerts storage queries &gt; admin deletes alert (null username)" time="0.026">
        </testcase>
        <testcase classname="test/alerts-storage.spec.ts" name="alerts storage queries &gt; updates all alert fields" time="0.036">
        </testcase>
        <testcase classname="test/alerts-storage.spec.ts" name="alerts state KV &gt; reads and writes state snapshots" time="0.03">
            <system-out>
[KV Cache] Queued state update for alert 1 (1 pending writes)

            </system-out>
        </testcase>
        <testcase classname="test/alerts-storage.spec.ts" name="alerts state KV &gt; reads state from KV when cache misses" time="0.074">
        </testcase>
        <testcase classname="test/alerts-storage.spec.ts" name="alerts state KV &gt; deletes state" time="0.032">
            <system-out>
[KV Cache] Queued state update for alert 1 (1 pending writes)

            </system-out>
        </testcase>
        <testcase classname="test/alerts-storage.spec.ts" name="alerts state KV &gt; handles JSON parse errors in state gracefully" time="0.066">
        </testcase>
    </testsuite>
    <testsuite name="test/alerts-validation.spec.ts" timestamp="2025-12-20T12:24:18.160Z" hostname="sngvahmed" tests="10" failures="0" errors="0" skipped="0" time="0.666">
        <testcase classname="test/alerts-validation.spec.ts" name="alert validation &gt; validates creation payloads" time="0.036">
        </testcase>
        <testcase classname="test/alerts-validation.spec.ts" name="alert validation &gt; validation handles minimal valid payload" time="0.034">
        </testcase>
        <testcase classname="test/alerts-validation.spec.ts" name="alert validation &gt; rejects invalid creation payloads" time="0.085">
        </testcase>
        <testcase classname="test/alerts-validation.spec.ts" name="alert validation &gt; rejects invalid enum values for creation" time="0.033">
        </testcase>
        <testcase classname="test/alerts-validation.spec.ts" name="alert validation &gt; validates updates" time="0.075">
        </testcase>
        <testcase classname="test/alerts-validation.spec.ts" name="alert validation &gt; validates full update success" time="0.041">
        </testcase>
        <testcase classname="test/alerts-validation.spec.ts" name="alert validation &gt; validates partial updates" time="0.089">
        </testcase>
        <testcase classname="test/alerts-validation.spec.ts" name="alert validation &gt; validates clearing notes" time="0.093">
        </testcase>
        <testcase classname="test/alerts-validation.spec.ts" name="alert validation &gt; rejects invalid update values" time="0.028">
        </testcase>
        <testcase classname="test/alerts-validation.spec.ts" name="alert validation &gt; requires at least one field on update" time="0.082">
        </testcase>
    </testsuite>
    <testsuite name="test/api-comprehensive.spec.ts" timestamp="2025-12-20T12:24:18.161Z" hostname="sngvahmed" tests="38" failures="0" errors="0" skipped="0" time="1.426">
        <testcase classname="test/api-comprehensive.spec.ts" name="API - Health Check &gt; GET /v1/api/health returns OK status" time="0.017">
        </testcase>
        <testcase classname="test/api-comprehensive.spec.ts" name="API - Get Single Stock &gt; GET /v1/api/get-stock returns stock data with all required fields" time="0.756">
            <system-out>
{&quot;timestamp&quot;:&quot;2025-12-20T12:24:07.179Z&quot;,&quot;service&quot;:&quot;stockly-api-test&quot;,&quot;level&quot;:&quot;INFO&quot;,&quot;traceId&quot;:&quot;test-trace-id&quot;,&quot;userId&quot;:null,&quot;path&quot;:&quot;/test&quot;,&quot;message&quot;:&quot;No cache for AAPL&quot;,&quot;type&quot;:&quot;general&quot;,&quot;cacheStatus&quot;:&quot;MISS&quot;}

{&quot;timestamp&quot;:&quot;2025-12-20T12:24:07.180Z&quot;,&quot;service&quot;:&quot;stockly-api-test&quot;,&quot;level&quot;:&quot;DEBUG&quot;,&quot;traceId&quot;:&quot;test-trace-id&quot;,&quot;userId&quot;:null,&quot;path&quot;:&quot;/test&quot;,&quot;message&quot;:&quot;FMP API: GET /quote&quot;,&quot;type&quot;:&quot;api_call&quot;,&quot;apiProvider&quot;:&quot;FMP&quot;,&quot;endpoint&quot;:&quot;/quote&quot;,&quot;method&quot;:&quot;GET&quot;,&quot;latencyMs&quot;:1}

{&quot;timestamp&quot;:&quot;2025-12-20T12:24:07.180Z&quot;,&quot;service&quot;:&quot;stockly-api-test&quot;,&quot;level&quot;:&quot;DEBUG&quot;,&quot;traceId&quot;:&quot;test-trace-id&quot;,&quot;userId&quot;:null,&quot;path&quot;:&quot;/test&quot;,&quot;message&quot;:&quot;FMP API: GET /profile&quot;,&quot;type&quot;:&quot;api_call&quot;,&quot;apiProvider&quot;:&quot;FMP&quot;,&quot;endpoint&quot;:&quot;/profile&quot;,&quot;method&quot;:&quot;GET&quot;,&quot;statusCode&quot;:404,&quot;latencyMs&quot;:0}

{&quot;timestamp&quot;:&quot;2025-12-20T12:24:07.718Z&quot;,&quot;service&quot;:&quot;stockly-api-test&quot;,&quot;level&quot;:&quot;DEBUG&quot;,&quot;traceId&quot;:&quot;test-trace-id&quot;,&quot;userId&quot;:null,&quot;path&quot;:&quot;/test&quot;,&quot;message&quot;:&quot;FMP API: GET /profile&quot;,&quot;type&quot;:&quot;api_call&quot;,&quot;apiProvider&quot;:&quot;FMP&quot;,&quot;endpoint&quot;:&quot;/profile&quot;,&quot;method&quot;:&quot;GET&quot;,&quot;statusCode&quot;:404,&quot;latencyMs&quot;:537}

{&quot;timestamp&quot;:&quot;2025-12-20T12:24:07.831Z&quot;,&quot;service&quot;:&quot;stockly-api-test&quot;,&quot;level&quot;:&quot;DEBUG&quot;,&quot;traceId&quot;:&quot;test-trace-id&quot;,&quot;userId&quot;:null,&quot;path&quot;:&quot;/test&quot;,&quot;message&quot;:&quot;FMP API: GET /profile&quot;,&quot;type&quot;:&quot;api_call&quot;,&quot;apiProvider&quot;:&quot;FMP&quot;,&quot;endpoint&quot;:&quot;/profile&quot;,&quot;method&quot;:&quot;GET&quot;,&quot;statusCode&quot;:404,&quot;latencyMs&quot;:113}

{&quot;timestamp&quot;:&quot;2025-12-20T12:24:07.927Z&quot;,&quot;service&quot;:&quot;stockly-api-test&quot;,&quot;level&quot;:&quot;DEBUG&quot;,&quot;traceId&quot;:&quot;test-trace-id&quot;,&quot;userId&quot;:null,&quot;path&quot;:&quot;/test&quot;,&quot;message&quot;:&quot;FMP API: GET /profile&quot;,&quot;type&quot;:&quot;api_call&quot;,&quot;apiProvider&quot;:&quot;FMP&quot;,&quot;endpoint&quot;:&quot;/profile&quot;,&quot;method&quot;:&quot;GET&quot;,&quot;statusCode&quot;:403,&quot;latencyMs&quot;:95}

{&quot;timestamp&quot;:&quot;2025-12-20T12:24:07.928Z&quot;,&quot;service&quot;:&quot;stockly-api-test&quot;,&quot;level&quot;:&quot;DEBUG&quot;,&quot;traceId&quot;:&quot;test-trace-id&quot;,&quot;userId&quot;:null,&quot;path&quot;:&quot;/test&quot;,&quot;message&quot;:&quot;Final description resolved&quot;,&quot;type&quot;:&quot;general&quot;,&quot;hasDescription&quot;:true,&quot;descriptionLength&quot;:38,&quot;source&quot;:&quot;quote&quot;}

            </system-out>
            <system-err>
{&quot;timestamp&quot;:&quot;2025-12-20T12:24:07.180Z&quot;,&quot;service&quot;:&quot;stockly-api-test&quot;,&quot;level&quot;:&quot;WARN&quot;,&quot;traceId&quot;:&quot;test-trace-id&quot;,&quot;userId&quot;:null,&quot;path&quot;:&quot;/test&quot;,&quot;message&quot;:&quot;Failed to fetch profile&quot;,&quot;type&quot;:&quot;general&quot;,&quot;endpoint&quot;:&quot;https://financialmodelingprep.com/stable/profile?symbol=AAPL&amp;apikey=z5xjUUlsab7zBKntL5QnMzWyPuq2iWsM&quot;,&quot;error&quot;:&quot;profileRes.text is not a function&quot;}

{&quot;timestamp&quot;:&quot;2025-12-20T12:24:07.718Z&quot;,&quot;service&quot;:&quot;stockly-api-test&quot;,&quot;level&quot;:&quot;WARN&quot;,&quot;traceId&quot;:&quot;test-trace-id&quot;,&quot;userId&quot;:null,&quot;path&quot;:&quot;/test&quot;,&quot;message&quot;:&quot;Profile API returned non-ok status&quot;,&quot;type&quot;:&quot;general&quot;,&quot;endpoint&quot;:&quot;https://financialmodelingprep.com/stable/profile/AAPL?apikey=z5xjUUlsab7zBKntL5QnMzWyPuq2iWsM&quot;,&quot;statusCode&quot;:404,&quot;errorText&quot;:&quot;[]&quot;}

{&quot;timestamp&quot;:&quot;2025-12-20T12:24:07.832Z&quot;,&quot;service&quot;:&quot;stockly-api-test&quot;,&quot;level&quot;:&quot;WARN&quot;,&quot;traceId&quot;:&quot;test-trace-id&quot;,&quot;userId&quot;:null,&quot;path&quot;:&quot;/test&quot;,&quot;message&quot;:&quot;Profile API returned non-ok status&quot;,&quot;type&quot;:&quot;general&quot;,&quot;endpoint&quot;:&quot;https://financialmodelingprep.com/stable/company/profile/AAPL?apikey=z5xjUUlsab7zBKntL5QnMzWyPuq2iWsM&quot;,&quot;statusCode&quot;:404,&quot;errorText&quot;:&quot;[]&quot;}

{&quot;timestamp&quot;:&quot;2025-12-20T12:24:07.928Z&quot;,&quot;service&quot;:&quot;stockly-api-test&quot;,&quot;level&quot;:&quot;WARN&quot;,&quot;traceId&quot;:&quot;test-trace-id&quot;,&quot;userId&quot;:null,&quot;path&quot;:&quot;/test&quot;,&quot;message&quot;:&quot;Profile API returned non-ok status&quot;,&quot;type&quot;:&quot;general&quot;,&quot;endpoint&quot;:&quot;https://financialmodelingprep.com/api/v3/profile/AAPL?apikey=z5xjUUlsab7zBKntL5QnMzWyPuq2iWsM&quot;,&quot;statusCode&quot;:403,&quot;errorText&quot;:&quot;{\n  \&quot;Error Message\&quot;: \&quot;Legacy Endpoint : Due to Legacy endpoints being no longer supported - This endpoint is only available for legacy users who have valid subscriptions prior August 31, 2025. Please &quot;}

            </system-err>
        </testcase>
        <testcase classname="test/api-comprehensive.spec.ts" name="API - Get Single Stock &gt; GET /v1/api/get-stock returns 400 when symbol is missing" time="0.003">
        </testcase>
        <testcase classname="test/api-comprehensive.spec.ts" name="API - Get Multiple Stocks &gt; GET /v1/api/get-stocks returns array of stocks with all fields" time="0.005">
        </testcase>
        <testcase classname="test/api-comprehensive.spec.ts" name="API - Get Multiple Stocks &gt; GET /v1/api/get-stocks returns 400 when symbols parameter is missing" time="0.002">
        </testcase>
        <testcase classname="test/api-comprehensive.spec.ts" name="API - Search Stocks &gt; GET /v1/api/search-stock returns matching stocks" time="0.003">
        </testcase>
        <testcase classname="test/api-comprehensive.spec.ts" name="API - Search Stocks &gt; GET /v1/api/search-stock returns empty array when query is missing" time="0.003">
        </testcase>
        <testcase classname="test/api-comprehensive.spec.ts" name="API - Get Historical &gt; GET /v1/api/get-historical returns historical data" time="0.506">
            <system-out>
[getHistoricalPricesByDateRange] Querying database for AAPL from 2025-06-23 to 2025-12-20

[getHistoricalPricesByDateRange] Found 2 records for AAPL in date range 2025-06-23 to 2025-12-20

[get-historical] Query result for AAPL (2025-06-23 to 2025-12-20): 2 records found in database
{&quot;timestamp&quot;:&quot;2025-12-20T12:24:07.954Z&quot;,&quot;service&quot;:&quot;stockly-api-test&quot;,&quot;level&quot;:&quot;INFO&quot;,&quot;traceId&quot;:&quot;test-trace-id&quot;,&quot;userId&quot;:null,&quot;path&quot;:&quot;/test&quot;,&quot;message&quot;:&quot;No historical data in database for AAPL&quot;,&quot;type&quot;:&quot;general&quot;,&quot;dateRange&quot;:&quot;2025-06-23 to 2025-12-20&quot;,&quot;action&quot;:&quot;fetching from FMP API&quot;}
[fetchAndSaveHistoricalPrice] Starting fetch for AAPL from FMP API
[fetchAndSaveHistoricalPrice] Fetching from: https://financialmodelingprep.com/stable/historical-chart/30min?symbol=AAPL&amp;apikey=***&amp;from=2025-06-23&amp;to=2025-12-20

[fetchAndSaveHistoricalPrice] Received 2 1-hour OHLC records from FMP API
[fetchAndSaveHistoricalPrice] FMP API returned 2 records for AAPL
[fetchAndSaveHistoricalPrice] Sample record structure: {
  date: undefined,
  hasOpen: false,
  hasHigh: false,
  hasLow: false,
  hasClose: false,
  hasPrice: false,
  keys: [ &apos;symbol&apos;, &apos;name&apos;, &apos;currency&apos;, &apos;stockExchange&apos; ]
}
Saved 0 daily candles (aggregated from 2 1-hour records) for AAPL with OHLC data

[getHistoricalPricesByDateRange] Querying database for AAPL from 2025-06-23 to 2025-12-20

[getHistoricalPricesByDateRange] Found 2 records for AAPL in date range 2025-06-23 to 2025-12-20

{&quot;timestamp&quot;:&quot;2025-12-20T12:24:08.456Z&quot;,&quot;service&quot;:&quot;stockly-api-test&quot;,&quot;level&quot;:&quot;DEBUG&quot;,&quot;traceId&quot;:&quot;test-trace-id&quot;,&quot;userId&quot;:null,&quot;path&quot;:&quot;/test&quot;,&quot;message&quot;:&quot;After FMP fetch, query result for AAPL&quot;,&quot;type&quot;:&quot;general&quot;,&quot;dateRange&quot;:&quot;2025-06-23 to 2025-12-20&quot;,&quot;recordCount&quot;:2}
[get-historical] Successfully fetched 2 historical records for AAPL from FMP API

            </system-out>
            <system-err>
{&quot;timestamp&quot;:&quot;2025-12-20T12:24:07.954Z&quot;,&quot;service&quot;:&quot;stockly-api-test&quot;,&quot;level&quot;:&quot;WARN&quot;,&quot;traceId&quot;:&quot;test-trace-id&quot;,&quot;userId&quot;:null,&quot;path&quot;:&quot;/test&quot;,&quot;message&quot;:&quot;Found 2 records with missing OHLC data&quot;,&quot;type&quot;:&quot;general&quot;,&quot;symbol&quot;:&quot;AAPL&quot;,&quot;recordsWithMissingOHLC&quot;:2,&quot;totalRecords&quot;:2}

[fetchAndSaveHistoricalPrice] Failed to parse date from timestamp undefined, skipping record
[fetchAndSaveHistoricalPrice] Failed to parse date from timestamp undefined, skipping record

            </system-err>
        </testcase>
        <testcase classname="test/api-comprehensive.spec.ts" name="API - Get Historical &gt; GET /v1/api/get-historical returns 400 when symbol is missing" time="0.003">
        </testcase>
        <testcase classname="test/api-comprehensive.spec.ts" name="API - Alerts &gt; GET /v1/api/alerts lists all alerts" time="0.003">
            <system-out>
{&quot;timestamp&quot;:&quot;2025-12-20T12:24:08.465Z&quot;,&quot;service&quot;:&quot;stockly-api-test&quot;,&quot;level&quot;:&quot;INFO&quot;,&quot;traceId&quot;:&quot;test-trace-id&quot;,&quot;userId&quot;:null,&quot;path&quot;:&quot;/test&quot;,&quot;message&quot;:&quot;Alerts request authenticated&quot;,&quot;type&quot;:&quot;general&quot;,&quot;username&quot;:&quot;testuser&quot;,&quot;isAdmin&quot;:false,&quot;requestUsername&quot;:&quot;testuser&quot;,&quot;method&quot;:&quot;GET&quot;}

{&quot;timestamp&quot;:&quot;2025-12-20T12:24:08.465Z&quot;,&quot;service&quot;:&quot;stockly-api-test&quot;,&quot;level&quot;:&quot;INFO&quot;,&quot;traceId&quot;:&quot;test-trace-id&quot;,&quot;userId&quot;:null,&quot;path&quot;:&quot;/test&quot;,&quot;message&quot;:&quot;Fetched alerts from D1&quot;,&quot;type&quot;:&quot;general&quot;,&quot;username&quot;:&quot;testuser&quot;,&quot;alertCount&quot;:1,&quot;alertIds&quot;:[&quot;alert-123&quot;]}

            </system-out>
        </testcase>
        <testcase classname="test/api-comprehensive.spec.ts" name="API - Alerts &gt; POST /v1/api/alerts creates a new alert" time="0.003">
            <system-out>
{&quot;timestamp&quot;:&quot;2025-12-20T12:24:08.468Z&quot;,&quot;service&quot;:&quot;stockly-api-test&quot;,&quot;level&quot;:&quot;INFO&quot;,&quot;traceId&quot;:&quot;test-trace-id&quot;,&quot;userId&quot;:null,&quot;path&quot;:&quot;/test&quot;,&quot;message&quot;:&quot;Alerts request authenticated&quot;,&quot;type&quot;:&quot;general&quot;,&quot;username&quot;:&quot;testuser&quot;,&quot;isAdmin&quot;:false,&quot;requestUsername&quot;:&quot;testuser&quot;,&quot;method&quot;:&quot;POST&quot;}

{&quot;timestamp&quot;:&quot;2025-12-20T12:24:08.468Z&quot;,&quot;service&quot;:&quot;stockly-api-test&quot;,&quot;level&quot;:&quot;INFO&quot;,&quot;traceId&quot;:&quot;test-trace-id&quot;,&quot;userId&quot;:null,&quot;path&quot;:&quot;/test&quot;,&quot;message&quot;:&quot;Creating alert&quot;,&quot;type&quot;:&quot;general&quot;,&quot;username&quot;:&quot;testuser&quot;,&quot;symbol&quot;:&quot;AAPL&quot;,&quot;direction&quot;:&quot;above&quot;,&quot;threshold&quot;:200}

{&quot;timestamp&quot;:&quot;2025-12-20T12:24:08.469Z&quot;,&quot;service&quot;:&quot;stockly-api-test&quot;,&quot;level&quot;:&quot;INFO&quot;,&quot;traceId&quot;:&quot;test-trace-id&quot;,&quot;userId&quot;:null,&quot;path&quot;:&quot;/test&quot;,&quot;message&quot;:&quot;Created alert successfully&quot;,&quot;type&quot;:&quot;general&quot;,&quot;alertId&quot;:&quot;alert-123&quot;,&quot;username&quot;:&quot;testuser&quot;,&quot;alertUsername&quot;:&quot;testuser&quot;,&quot;isAdmin&quot;:false}

            </system-out>
        </testcase>
        <testcase classname="test/api-comprehensive.spec.ts" name="API - Alerts &gt; GET /v1/api/alerts/:id gets a specific alert" time="0.003">
            <system-out>
{&quot;timestamp&quot;:&quot;2025-12-20T12:24:08.471Z&quot;,&quot;service&quot;:&quot;stockly-api-test&quot;,&quot;level&quot;:&quot;INFO&quot;,&quot;traceId&quot;:&quot;test-trace-id&quot;,&quot;userId&quot;:null,&quot;path&quot;:&quot;/test&quot;,&quot;message&quot;:&quot;Alerts request authenticated&quot;,&quot;type&quot;:&quot;general&quot;,&quot;username&quot;:&quot;testuser&quot;,&quot;isAdmin&quot;:false,&quot;requestUsername&quot;:&quot;testuser&quot;,&quot;method&quot;:&quot;GET&quot;}

            </system-out>
        </testcase>
        <testcase classname="test/api-comprehensive.spec.ts" name="API - Alerts &gt; PUT /v1/api/alerts/:id updates an alert" time="0.003">
            <system-out>
{&quot;timestamp&quot;:&quot;2025-12-20T12:24:08.474Z&quot;,&quot;service&quot;:&quot;stockly-api-test&quot;,&quot;level&quot;:&quot;INFO&quot;,&quot;traceId&quot;:&quot;test-trace-id&quot;,&quot;userId&quot;:null,&quot;path&quot;:&quot;/test&quot;,&quot;message&quot;:&quot;Alerts request authenticated&quot;,&quot;type&quot;:&quot;general&quot;,&quot;username&quot;:&quot;testuser&quot;,&quot;isAdmin&quot;:false,&quot;requestUsername&quot;:&quot;testuser&quot;,&quot;method&quot;:&quot;PUT&quot;}

{&quot;timestamp&quot;:&quot;2025-12-20T12:24:08.475Z&quot;,&quot;service&quot;:&quot;stockly-api-test&quot;,&quot;level&quot;:&quot;INFO&quot;,&quot;traceId&quot;:&quot;test-trace-id&quot;,&quot;userId&quot;:null,&quot;path&quot;:&quot;/test&quot;,&quot;message&quot;:&quot;Updated alert&quot;,&quot;type&quot;:&quot;general&quot;,&quot;alertId&quot;:&quot;alert-123&quot;,&quot;username&quot;:&quot;testuser&quot;}

            </system-out>
        </testcase>
        <testcase classname="test/api-comprehensive.spec.ts" name="API - Alerts &gt; DELETE /v1/api/alerts/:id deletes an alert" time="0.003">
            <system-out>
{&quot;timestamp&quot;:&quot;2025-12-20T12:24:08.477Z&quot;,&quot;service&quot;:&quot;stockly-api-test&quot;,&quot;level&quot;:&quot;INFO&quot;,&quot;traceId&quot;:&quot;test-trace-id&quot;,&quot;userId&quot;:null,&quot;path&quot;:&quot;/test&quot;,&quot;message&quot;:&quot;Alerts request authenticated&quot;,&quot;type&quot;:&quot;general&quot;,&quot;username&quot;:&quot;testuser&quot;,&quot;isAdmin&quot;:false,&quot;requestUsername&quot;:&quot;testuser&quot;,&quot;method&quot;:&quot;DELETE&quot;}

{&quot;timestamp&quot;:&quot;2025-12-20T12:24:08.477Z&quot;,&quot;service&quot;:&quot;stockly-api-test&quot;,&quot;level&quot;:&quot;INFO&quot;,&quot;traceId&quot;:&quot;test-trace-id&quot;,&quot;userId&quot;:null,&quot;path&quot;:&quot;/test&quot;,&quot;message&quot;:&quot;Deleted alert&quot;,&quot;type&quot;:&quot;general&quot;,&quot;alertId&quot;:&quot;alert-123&quot;,&quot;username&quot;:&quot;testuser&quot;}

            </system-out>
        </testcase>
        <testcase classname="test/api-comprehensive.spec.ts" name="API - Push Token &gt; POST /v1/api/push-token registers a new push token" time="0.004">
            <system-out>
✅ FCM token validation passed: length=30, format valid

{&quot;timestamp&quot;:&quot;2025-12-20T12:24:08.482Z&quot;,&quot;service&quot;:&quot;stockly-api-test&quot;,&quot;level&quot;:&quot;INFO&quot;,&quot;traceId&quot;:&quot;test-trace-id&quot;,&quot;userId&quot;:&quot;user-123&quot;,&quot;path&quot;:&quot;/test&quot;,&quot;message&quot;:&quot;Registering new push token&quot;,&quot;type&quot;:&quot;general&quot;,&quot;username&quot;:&quot;testuser&quot;,&quot;deviceType&quot;:&quot;ios&quot;,&quot;tokenPreview&quot;:&quot;fcm-token-1234567890...&quot;}

{&quot;timestamp&quot;:&quot;2025-12-20T12:24:08.482Z&quot;,&quot;service&quot;:&quot;stockly-api-test&quot;,&quot;level&quot;:&quot;INFO&quot;,&quot;traceId&quot;:&quot;test-trace-id&quot;,&quot;userId&quot;:&quot;user-123&quot;,&quot;path&quot;:&quot;/test&quot;,&quot;message&quot;:&quot;Push token registered successfully&quot;,&quot;type&quot;:&quot;general&quot;,&quot;username&quot;:&quot;testuser&quot;,&quot;deviceType&quot;:&quot;ios&quot;,&quot;deviceId&quot;:&quot;fcm-token-1234567890...&quot;}

            </system-out>
        </testcase>
        <testcase classname="test/api-comprehensive.spec.ts" name="API - Push Token &gt; POST /v1/api/push-token updates existing push token" time="0.004">
            <system-out>
✅ FCM token validation passed: length=30, format valid

{&quot;timestamp&quot;:&quot;2025-12-20T12:24:08.485Z&quot;,&quot;service&quot;:&quot;stockly-api-test&quot;,&quot;level&quot;:&quot;INFO&quot;,&quot;traceId&quot;:&quot;test-trace-id&quot;,&quot;userId&quot;:&quot;user-123&quot;,&quot;path&quot;:&quot;/test&quot;,&quot;message&quot;:&quot;Updating existing push token&quot;,&quot;type&quot;:&quot;general&quot;,&quot;username&quot;:&quot;testuser&quot;,&quot;deviceType&quot;:&quot;ios&quot;}

{&quot;timestamp&quot;:&quot;2025-12-20T12:24:08.486Z&quot;,&quot;service&quot;:&quot;stockly-api-test&quot;,&quot;level&quot;:&quot;INFO&quot;,&quot;traceId&quot;:&quot;test-trace-id&quot;,&quot;userId&quot;:&quot;user-123&quot;,&quot;path&quot;:&quot;/test&quot;,&quot;message&quot;:&quot;Push token updated successfully&quot;,&quot;type&quot;:&quot;general&quot;,&quot;username&quot;:&quot;testuser&quot;,&quot;deviceType&quot;:&quot;ios&quot;}

            </system-out>
        </testcase>
        <testcase classname="test/api-comprehensive.spec.ts" name="API - Push Token &gt; POST /v1/api/push-token returns 400 for invalid token format" time="0.002">
        </testcase>
        <testcase classname="test/api-comprehensive.spec.ts" name="API - Push Token &gt; GET /v1/api/push-token gets a user&apos;s push token" time="0.003">
        </testcase>
        <testcase classname="test/api-comprehensive.spec.ts" name="API - Push Token &gt; GET /v1/api/push-token returns 404 when token not found" time="0.002">
        </testcase>
        <testcase classname="test/api-comprehensive.spec.ts" name="API - Push Token &gt; GET /v1/api/push-token?check=true&amp;token=XXX returns registered status for specific token" time="0.002">
            <system-out>
{&quot;timestamp&quot;:&quot;2025-12-20T12:24:08.496Z&quot;,&quot;service&quot;:&quot;stockly-api-test&quot;,&quot;level&quot;:&quot;DEBUG&quot;,&quot;traceId&quot;:&quot;test-trace-id&quot;,&quot;userId&quot;:&quot;user-123&quot;,&quot;path&quot;:&quot;/test&quot;,&quot;message&quot;:&quot;Device registration check&quot;,&quot;type&quot;:&quot;general&quot;,&quot;username&quot;:&quot;testuser&quot;,&quot;pushToken&quot;:&quot;fcm-token-1234567890...&quot;,&quot;registered&quot;:true}

            </system-out>
        </testcase>
        <testcase classname="test/api-comprehensive.spec.ts" name="API - Push Token &gt; GET /v1/api/push-token?check=true&amp;token=XXX returns registered=false when token not found" time="0.003">
            <system-out>
{&quot;timestamp&quot;:&quot;2025-12-20T12:24:08.499Z&quot;,&quot;service&quot;:&quot;stockly-api-test&quot;,&quot;level&quot;:&quot;DEBUG&quot;,&quot;traceId&quot;:&quot;test-trace-id&quot;,&quot;userId&quot;:&quot;user-123&quot;,&quot;path&quot;:&quot;/test&quot;,&quot;message&quot;:&quot;Device registration check&quot;,&quot;type&quot;:&quot;general&quot;,&quot;username&quot;:&quot;testuser&quot;,&quot;pushToken&quot;:&quot;fcm-token-unregister...&quot;,&quot;registered&quot;:false}

            </system-out>
        </testcase>
        <testcase classname="test/api-comprehensive.spec.ts" name="API - Push Token &gt; GET /v1/api/push-token?check=true returns 400 when token parameter missing" time="0.002">
        </testcase>
        <testcase classname="test/api-comprehensive.spec.ts" name="API - Preferences &gt; GET /v1/api/preferences gets user preferences" time="0.003">
        </testcase>
        <testcase classname="test/api-comprehensive.spec.ts" name="API - Preferences &gt; GET /v1/api/preferences returns default preferences when not found" time="0.003">
        </testcase>
        <testcase classname="test/api-comprehensive.spec.ts" name="API - Preferences &gt; PUT /v1/api/preferences updates user preferences" time="0.003">
        </testcase>
        <testcase classname="test/api-comprehensive.spec.ts" name="API - Settings &gt; GET /v1/api/settings gets user settings" time="0.003">
        </testcase>
        <testcase classname="test/api-comprehensive.spec.ts" name="API - Settings &gt; GET /v1/api/settings returns default settings when not found" time="0.001">
        </testcase>
        <testcase classname="test/api-comprehensive.spec.ts" name="API - Settings &gt; PUT /v1/api/settings updates user settings" time="0.005">
        </testcase>
        <testcase classname="test/api-comprehensive.spec.ts" name="API - Notifications &gt; GET /v1/api/notifications/recent returns recent notifications" time="0.002">
        </testcase>
        <testcase classname="test/api-comprehensive.spec.ts" name="API - Notifications &gt; GET /v1/api/notifications/failed returns failed notifications" time="0.003">
        </testcase>
        <testcase classname="test/api-comprehensive.spec.ts" name="API - Notifications &gt; POST /v1/api/notifications/retry/:logId retries a failed notification" time="0.003">
        </testcase>
        <testcase classname="test/api-comprehensive.spec.ts" name="API - Devices &gt; GET /v1/api/devices returns all devices" time="0.004">
            <system-err>
{&quot;timestamp&quot;:&quot;2025-12-20T12:24:08.534Z&quot;,&quot;service&quot;:&quot;stockly-api-test&quot;,&quot;level&quot;:&quot;WARN&quot;,&quot;traceId&quot;:&quot;test-trace-id&quot;,&quot;userId&quot;:null,&quot;path&quot;:&quot;/test&quot;,&quot;message&quot;:&quot;Found devices with null username&quot;,&quot;type&quot;:&quot;general&quot;,&quot;count&quot;:1,&quot;deviceIds&quot;:[&quot;fcm-token-123...&quot;]}

            </system-err>
        </testcase>
        <testcase classname="test/api-comprehensive.spec.ts" name="API - Devices &gt; DELETE /v1/api/devices deletes a device" time="0.004">
            <system-out>
{&quot;timestamp&quot;:&quot;2025-12-20T12:24:08.538Z&quot;,&quot;service&quot;:&quot;stockly-api-test&quot;,&quot;level&quot;:&quot;INFO&quot;,&quot;traceId&quot;:&quot;test-trace-id&quot;,&quot;userId&quot;:null,&quot;path&quot;:&quot;/test&quot;,&quot;message&quot;:&quot;Device deleted successfully&quot;,&quot;type&quot;:&quot;general&quot;,&quot;deletedPushToken&quot;:&quot;fcm-token-1234567890...&quot;,&quot;deletedUserId&quot;:&quot;user-123&quot;,&quot;deletedBy&quot;:&quot;testuser&quot;,&quot;isAdmin&quot;:true}

            </system-out>
        </testcase>
        <testcase classname="test/api-comprehensive.spec.ts" name="API - Admin Config &gt; GET /config/get returns admin configuration" time="0.002">
        </testcase>
        <testcase classname="test/api-comprehensive.spec.ts" name="API - Admin Config &gt; POST /config/update updates admin configuration" time="0.002">
        </testcase>
        <testcase classname="test/api-comprehensive.spec.ts" name="API - Admin Config &gt; POST /v1/api/simulate-provider-failure enables simulation mode" time="0.003">
        </testcase>
        <testcase classname="test/api-comprehensive.spec.ts" name="API - Admin Config &gt; POST /v1/api/disable-provider-failure disables simulation mode" time="0.002">
        </testcase>
        <testcase classname="test/api-comprehensive.spec.ts" name="API - OpenAPI &gt; GET /openapi.json returns OpenAPI specification" time="0.004">
        </testcase>
    </testsuite>
    <testsuite name="test/api-integration.spec.ts" timestamp="2025-12-20T12:24:18.168Z" hostname="sngvahmed" tests="17" failures="0" errors="0" skipped="0" time="1.36">
        <testcase classname="test/api-integration.spec.ts" name="API Integration - Health Check &gt; health endpoint returns OK status" time="0.026">
        </testcase>
        <testcase classname="test/api-integration.spec.ts" name="API Integration - Get Stock &gt; successfully fetches and returns stock data with all required fields" time="0.025">
            <system-out>
{&quot;timestamp&quot;:&quot;2025-12-20T12:24:06.992Z&quot;,&quot;service&quot;:&quot;stockly-api-test&quot;,&quot;level&quot;:&quot;INFO&quot;,&quot;traceId&quot;:&quot;test-trace-id&quot;,&quot;userId&quot;:null,&quot;path&quot;:&quot;/test&quot;,&quot;message&quot;:&quot;No cache for AAPL&quot;,&quot;type&quot;:&quot;general&quot;,&quot;cacheStatus&quot;:&quot;MISS&quot;}

{&quot;timestamp&quot;:&quot;2025-12-20T12:24:06.993Z&quot;,&quot;service&quot;:&quot;stockly-api-test&quot;,&quot;level&quot;:&quot;DEBUG&quot;,&quot;traceId&quot;:&quot;test-trace-id&quot;,&quot;userId&quot;:null,&quot;path&quot;:&quot;/test&quot;,&quot;message&quot;:&quot;FMP API: GET /quote&quot;,&quot;type&quot;:&quot;api_call&quot;,&quot;apiProvider&quot;:&quot;FMP&quot;,&quot;endpoint&quot;:&quot;/quote&quot;,&quot;method&quot;:&quot;GET&quot;,&quot;latencyMs&quot;:0}

{&quot;timestamp&quot;:&quot;2025-12-20T12:24:06.994Z&quot;,&quot;service&quot;:&quot;stockly-api-test&quot;,&quot;level&quot;:&quot;DEBUG&quot;,&quot;traceId&quot;:&quot;test-trace-id&quot;,&quot;userId&quot;:null,&quot;path&quot;:&quot;/test&quot;,&quot;message&quot;:&quot;FMP API: GET /profile&quot;,&quot;type&quot;:&quot;api_call&quot;,&quot;apiProvider&quot;:&quot;FMP&quot;,&quot;endpoint&quot;:&quot;/profile&quot;,&quot;method&quot;:&quot;GET&quot;,&quot;latencyMs&quot;:0}

{&quot;timestamp&quot;:&quot;2025-12-20T12:24:06.994Z&quot;,&quot;service&quot;:&quot;stockly-api-test&quot;,&quot;level&quot;:&quot;DEBUG&quot;,&quot;traceId&quot;:&quot;test-trace-id&quot;,&quot;userId&quot;:null,&quot;path&quot;:&quot;/test&quot;,&quot;message&quot;:&quot;Profile API response&quot;,&quot;type&quot;:&quot;general&quot;,&quot;endpoint&quot;:&quot;https://financialmodelingprep.com/stable/profile?symbol=AAPL&amp;apikey=z5xjUUlsab7zBKntL5QnMzWyPuq2iWsM&quot;,&quot;responseType&quot;:&quot;array&quot;,&quot;responseLength&quot;:1}
{&quot;timestamp&quot;:&quot;2025-12-20T12:24:06.994Z&quot;,&quot;service&quot;:&quot;stockly-api-test&quot;,&quot;level&quot;:&quot;DEBUG&quot;,&quot;traceId&quot;:&quot;test-trace-id&quot;,&quot;userId&quot;:null,&quot;path&quot;:&quot;/test&quot;,&quot;message&quot;:&quot;Found description from profile&quot;,&quot;type&quot;:&quot;general&quot;,&quot;descriptionLength&quot;:38}
{&quot;timestamp&quot;:&quot;2025-12-20T12:24:06.994Z&quot;,&quot;service&quot;:&quot;stockly-api-test&quot;,&quot;level&quot;:&quot;DEBUG&quot;,&quot;traceId&quot;:&quot;test-trace-id&quot;,&quot;userId&quot;:null,&quot;path&quot;:&quot;/test&quot;,&quot;message&quot;:&quot;Final description resolved&quot;,&quot;type&quot;:&quot;general&quot;,&quot;hasDescription&quot;:true,&quot;descriptionLength&quot;:38,&quot;source&quot;:&quot;profile&quot;}

            </system-out>
        </testcase>
        <testcase classname="test/api-integration.spec.ts" name="API Integration - Get Stock &gt; returns error when symbol is missing" time="0.021">
        </testcase>
        <testcase classname="test/api-integration.spec.ts" name="API Integration - Get Stock &gt; uses cache when available" time="0.024">
            <system-out>
{&quot;timestamp&quot;:&quot;2025-12-20T12:24:07.042Z&quot;,&quot;service&quot;:&quot;stockly-api-test&quot;,&quot;level&quot;:&quot;INFO&quot;,&quot;traceId&quot;:&quot;test-trace-id&quot;,&quot;userId&quot;:null,&quot;path&quot;:&quot;/test&quot;,&quot;message&quot;:&quot;Cache hit for MSFT&quot;,&quot;type&quot;:&quot;general&quot;,&quot;ageSeconds&quot;:0,&quot;pollingIntervalSec&quot;:30,&quot;cacheStatus&quot;:&quot;HIT&quot;}

            </system-out>
        </testcase>
        <testcase classname="test/api-integration.spec.ts" name="API Integration - Get Stocks &gt; successfully fetches multiple stocks with all required fields" time="0.021">
        </testcase>
        <testcase classname="test/api-integration.spec.ts" name="API Integration - Get Stocks &gt; returns error when symbols parameter is missing" time="0.018">
        </testcase>
        <testcase classname="test/api-integration.spec.ts" name="API Integration - Get Stocks &gt; handles empty symbols list" time="0.017">
        </testcase>
        <testcase classname="test/api-integration.spec.ts" name="API Integration - Search Stock &gt; successfully searches and returns matching stocks" time="0.021">
        </testcase>
        <testcase classname="test/api-integration.spec.ts" name="API Integration - Search Stock &gt; returns empty array when query parameter is missing" time="0.012">
        </testcase>
        <testcase classname="test/api-integration.spec.ts" name="API Integration - Get Historical &gt; successfully fetches historical price data" time="1.069">
            <system-out>
[getHistoricalPricesByDateRange] Querying database for AAPL from 2025-06-23 to 2025-12-20

[getHistoricalPricesByDateRange] Found 3 records for AAPL in date range 2025-06-23 to 2025-12-20

[get-historical] Query result for AAPL (2025-06-23 to 2025-12-20): 3 records found in database
{&quot;timestamp&quot;:&quot;2025-12-20T12:24:07.189Z&quot;,&quot;service&quot;:&quot;stockly-api-test&quot;,&quot;level&quot;:&quot;INFO&quot;,&quot;traceId&quot;:&quot;test-trace-id&quot;,&quot;userId&quot;:null,&quot;path&quot;:&quot;/test&quot;,&quot;message&quot;:&quot;No historical data in database for AAPL&quot;,&quot;type&quot;:&quot;general&quot;,&quot;dateRange&quot;:&quot;2025-06-23 to 2025-12-20&quot;,&quot;action&quot;:&quot;fetching from FMP API&quot;}
[fetchAndSaveHistoricalPrice] Starting fetch for AAPL from FMP API
[fetchAndSaveHistoricalPrice] Fetching from: https://financialmodelingprep.com/stable/historical-chart/30min?symbol=AAPL&amp;apikey=***&amp;from=2025-06-23&amp;to=2025-12-20

[fetchAndSaveHistoricalPrice] Received 254 1-hour OHLC records from FMP API
[fetchAndSaveHistoricalPrice] FMP API returned 254 records for AAPL
[fetchAndSaveHistoricalPrice] Sample record structure: {
  date: &apos;2025-12-19 15:30:00&apos;,
  hasOpen: true,
  hasHigh: true,
  hasLow: true,
  hasClose: true,
  hasPrice: false,
  keys: [ &apos;date&apos;, &apos;open&apos;, &apos;low&apos;, &apos;high&apos;, &apos;close&apos;, &apos;volume&apos; ]
}
Saved 20 daily candles (aggregated from 254 1-hour records) for AAPL with OHLC data

[getHistoricalPricesByDateRange] Querying database for AAPL from 2025-06-23 to 2025-12-20

[getHistoricalPricesByDateRange] Found 3 records for AAPL in date range 2025-06-23 to 2025-12-20

{&quot;timestamp&quot;:&quot;2025-12-20T12:24:08.252Z&quot;,&quot;service&quot;:&quot;stockly-api-test&quot;,&quot;level&quot;:&quot;DEBUG&quot;,&quot;traceId&quot;:&quot;test-trace-id&quot;,&quot;userId&quot;:null,&quot;path&quot;:&quot;/test&quot;,&quot;message&quot;:&quot;After FMP fetch, query result for AAPL&quot;,&quot;type&quot;:&quot;general&quot;,&quot;dateRange&quot;:&quot;2025-06-23 to 2025-12-20&quot;,&quot;recordCount&quot;:3}
[get-historical] Successfully fetched 3 historical records for AAPL from FMP API

            </system-out>
            <system-err>
{&quot;timestamp&quot;:&quot;2025-12-20T12:24:07.188Z&quot;,&quot;service&quot;:&quot;stockly-api-test&quot;,&quot;level&quot;:&quot;WARN&quot;,&quot;traceId&quot;:&quot;test-trace-id&quot;,&quot;userId&quot;:null,&quot;path&quot;:&quot;/test&quot;,&quot;message&quot;:&quot;Found 3 records with missing OHLC data&quot;,&quot;type&quot;:&quot;general&quot;,&quot;symbol&quot;:&quot;AAPL&quot;,&quot;recordsWithMissingOHLC&quot;:3,&quot;totalRecords&quot;:3}

[fetchAndSaveHistoricalPrice] Insert with OHLC failed for AAPL on 2025-11-21, trying fallback without OHLC: env.stockly.prepare(...).bind(...).run is not a function
[fetchAndSaveHistoricalPrice] Failed to insert historical record for AAPL on 2025-11-21: env.stockly.prepare(...).bind(...).run is not a function
[fetchAndSaveHistoricalPrice] Insert with OHLC failed for AAPL on 2025-11-24, trying fallback without OHLC: env.stockly.prepare(...).bind(...).run is not a function
[fetchAndSaveHistoricalPrice] Failed to insert historical record for AAPL on 2025-11-24: env.stockly.prepare(...).bind(...).run is not a function
[fetchAndSaveHistoricalPrice] Insert with OHLC failed for AAPL on 2025-11-25, trying fallback without OHLC: env.stockly.prepare(...).bind(...).run is not a function
[fetchAndSaveHistoricalPrice] Failed to insert historical record for AAPL on 2025-11-25: env.stockly.prepare(...).bind(...).run is not a function
[fetchAndSaveHistoricalPrice] Insert with OHLC failed for AAPL on 2025-11-26, trying fallback without OHLC: env.stockly.prepare(...).bind(...).run is not a function
[fetchAndSaveHistoricalPrice] Failed to insert historical record for AAPL on 2025-11-26: env.stockly.prepare(...).bind(...).run is not a function
[fetchAndSaveHistoricalPrice] Insert with OHLC failed for AAPL on 2025-11-28, trying fallback without OHLC: env.stockly.prepare(...).bind(...).run is not a function
[fetchAndSaveHistoricalPrice] Failed to insert historical record for AAPL on 2025-11-28: env.stockly.prepare(...).bind(...).run is not a function
[fetchAndSaveHistoricalPrice] Insert with OHLC failed for AAPL on 2025-12-01, trying fallback without OHLC: env.stockly.prepare(...).bind(...).run is not a function
[fetchAndSaveHistoricalPrice] Failed to insert historical record for AAPL on 2025-12-01: env.stockly.prepare(...).bind(...).run is not a function
[fetchAndSaveHistoricalPrice] Insert with OHLC failed for AAPL on 2025-12-02, trying fallback without OHLC: env.stockly.prepare(...).bind(...).run is not a function
[fetchAndSaveHistoricalPrice] Failed to insert historical record for AAPL on 2025-12-02: env.stockly.prepare(...).bind(...).run is not a function
[fetchAndSaveHistoricalPrice] Insert with OHLC failed for AAPL on 2025-12-03, trying fallback without OHLC: env.stockly.prepare(...).bind(...).run is not a function
[fetchAndSaveHistoricalPrice] Failed to insert historical record for AAPL on 2025-12-03: env.stockly.prepare(...).bind(...).run is not a function
[fetchAndSaveHistoricalPrice] Insert with OHLC failed for AAPL on 2025-12-04, trying fallback without OHLC: env.stockly.prepare(...).bind(...).run is not a function
[fetchAndSaveHistoricalPrice] Failed to insert historical record for AAPL on 2025-12-04: env.stockly.prepare(...).bind(...).run is not a function
[fetchAndSaveHistoricalPrice] Insert with OHLC failed for AAPL on 2025-12-05, trying fallback without OHLC: env.stockly.prepare(...).bind(...).run is not a function
[fetchAndSaveHistoricalPrice] Failed to insert historical record for AAPL on 2025-12-05: env.stockly.prepare(...).bind(...).run is not a function
[fetchAndSaveHistoricalPrice] Insert with OHLC failed for AAPL on 2025-12-08, trying fallback without OHLC: env.stockly.prepare(...).bind(...).run is not a function
[fetchAndSaveHistoricalPrice] Failed to insert historical record for AAPL on 2025-12-08: env.stockly.prepare(...).bind(...).run is not a function
[fetchAndSaveHistoricalPrice] Insert with OHLC failed for AAPL on 2025-12-09, trying fallback without OHLC: env.stockly.prepare(...).bind(...).run is not a function
[fetchAndSaveHistoricalPrice] Failed to insert historical record for AAPL on 2025-12-09: env.stockly.prepare(...).bind(...).run is not a function
[fetchAndSaveHistoricalPrice] Insert with OHLC failed for AAPL on 2025-12-10, trying fallback without OHLC: env.stockly.prepare(...).bind(...).run is not a function
[fetchAndSaveHistoricalPrice] Failed to insert historical record for AAPL on 2025-12-10: env.stockly.prepare(...).bind(...).run is not a function
[fetchAndSaveHistoricalPrice] Insert with OHLC failed for AAPL on 2025-12-11, trying fallback without OHLC: env.stockly.prepare(...).bind(...).run is not a function
[fetchAndSaveHistoricalPrice] Failed to insert historical record for AAPL on 2025-12-11: env.stockly.prepare(...).bind(...).run is not a function
[fetchAndSaveHistoricalPrice] Insert with OHLC failed for AAPL on 2025-12-12, trying fallback without OHLC: env.stockly.prepare(...).bind(...).run is not a function
[fetchAndSaveHistoricalPrice] Failed to insert historical record for AAPL on 2025-12-12: env.stockly.prepare(...).bind(...).run is not a function
[fetchAndSaveHistoricalPrice] Insert with OHLC failed for AAPL on 2025-12-15, trying fallback without OHLC: env.stockly.prepare(...).bind(...).run is not a function
[fetchAndSaveHistoricalPrice] Failed to insert historical record for AAPL on 2025-12-15: env.stockly.prepare(...).bind(...).run is not a function
[fetchAndSaveHistoricalPrice] Insert with OHLC failed for AAPL on 2025-12-16, trying fallback without OHLC: env.stockly.prepare(...).bind(...).run is not a function
[fetchAndSaveHistoricalPrice] Failed to insert historical record for AAPL on 2025-12-16: env.stockly.prepare(...).bind(...).run is not a function
[fetchAndSaveHistoricalPrice] Insert with OHLC failed for AAPL on 2025-12-17, trying fallback without OHLC: env.stockly.prepare(...).bind(...).run is not a function
[fetchAndSaveHistoricalPrice] Failed to insert historical record for AAPL on 2025-12-17: env.stockly.prepare(...).bind(...).run is not a function
[fetchAndSaveHistoricalPrice] Insert with OHLC failed for AAPL on 2025-12-18, trying fallback without OHLC: env.stockly.prepare(...).bind(...).run is not a function
[fetchAndSaveHistoricalPrice] Failed to insert historical record for AAPL on 2025-12-18: env.stockly.prepare(...).bind(...).run is not a function
[fetchAndSaveHistoricalPrice] Insert with OHLC failed for AAPL on 2025-12-19, trying fallback without OHLC: env.stockly.prepare(...).bind(...).run is not a function
[fetchAndSaveHistoricalPrice] Failed to insert historical record for AAPL on 2025-12-19: env.stockly.prepare(...).bind(...).run is not a function

            </system-err>
        </testcase>
        <testcase classname="test/api-integration.spec.ts" name="API Integration - Get Historical &gt; returns error when symbol is missing" time="0.004">
        </testcase>
        <testcase classname="test/api-integration.spec.ts" name="API Integration - Get Historical &gt; validates days parameter" time="0.003">
        </testcase>
        <testcase classname="test/api-integration.spec.ts" name="API Integration - Alerts &gt; successfully lists all alerts" time="0.003">
            <system-out>
{&quot;timestamp&quot;:&quot;2025-12-20T12:24:08.264Z&quot;,&quot;service&quot;:&quot;stockly-api-test&quot;,&quot;level&quot;:&quot;INFO&quot;,&quot;traceId&quot;:&quot;test-trace-id&quot;,&quot;userId&quot;:null,&quot;path&quot;:&quot;/test&quot;,&quot;message&quot;:&quot;Alerts request authenticated&quot;,&quot;type&quot;:&quot;general&quot;,&quot;username&quot;:&quot;testuser&quot;,&quot;isAdmin&quot;:false,&quot;requestUsername&quot;:&quot;testuser&quot;,&quot;method&quot;:&quot;GET&quot;}

{&quot;timestamp&quot;:&quot;2025-12-20T12:24:08.264Z&quot;,&quot;service&quot;:&quot;stockly-api-test&quot;,&quot;level&quot;:&quot;INFO&quot;,&quot;traceId&quot;:&quot;test-trace-id&quot;,&quot;userId&quot;:null,&quot;path&quot;:&quot;/test&quot;,&quot;message&quot;:&quot;Fetched alerts from D1&quot;,&quot;type&quot;:&quot;general&quot;,&quot;username&quot;:&quot;testuser&quot;,&quot;alertCount&quot;:1,&quot;alertIds&quot;:[&quot;123e4567-e89b-12d3-a456-426614174000&quot;]}

            </system-out>
        </testcase>
        <testcase classname="test/api-integration.spec.ts" name="API Integration - Alerts &gt; successfully creates an alert" time="0.002">
            <system-out>
{&quot;timestamp&quot;:&quot;2025-12-20T12:24:08.266Z&quot;,&quot;service&quot;:&quot;stockly-api-test&quot;,&quot;level&quot;:&quot;INFO&quot;,&quot;traceId&quot;:&quot;test-trace-id&quot;,&quot;userId&quot;:null,&quot;path&quot;:&quot;/test&quot;,&quot;message&quot;:&quot;Alerts request authenticated&quot;,&quot;type&quot;:&quot;general&quot;,&quot;username&quot;:&quot;testuser&quot;,&quot;isAdmin&quot;:false,&quot;requestUsername&quot;:&quot;testuser&quot;,&quot;method&quot;:&quot;POST&quot;}

{&quot;timestamp&quot;:&quot;2025-12-20T12:24:08.267Z&quot;,&quot;service&quot;:&quot;stockly-api-test&quot;,&quot;level&quot;:&quot;INFO&quot;,&quot;traceId&quot;:&quot;test-trace-id&quot;,&quot;userId&quot;:null,&quot;path&quot;:&quot;/test&quot;,&quot;message&quot;:&quot;Creating alert&quot;,&quot;type&quot;:&quot;general&quot;,&quot;username&quot;:&quot;testuser&quot;,&quot;symbol&quot;:&quot;AAPL&quot;,&quot;direction&quot;:&quot;above&quot;,&quot;threshold&quot;:200}

{&quot;timestamp&quot;:&quot;2025-12-20T12:24:08.267Z&quot;,&quot;service&quot;:&quot;stockly-api-test&quot;,&quot;level&quot;:&quot;INFO&quot;,&quot;traceId&quot;:&quot;test-trace-id&quot;,&quot;userId&quot;:null,&quot;path&quot;:&quot;/test&quot;,&quot;message&quot;:&quot;Created alert successfully&quot;,&quot;type&quot;:&quot;general&quot;,&quot;alertId&quot;:&quot;123e4567-e89b-12d3-a456-426614174000&quot;,&quot;username&quot;:&quot;testuser&quot;,&quot;isAdmin&quot;:false}

            </system-out>
            <system-err>
{&quot;timestamp&quot;:&quot;2025-12-20T12:24:08.267Z&quot;,&quot;service&quot;:&quot;stockly-api-test&quot;,&quot;level&quot;:&quot;ERROR&quot;,&quot;traceId&quot;:&quot;test-trace-id&quot;,&quot;userId&quot;:null,&quot;path&quot;:&quot;/test&quot;,&quot;message&quot;:&quot;Alert created with mismatched username&quot;,&quot;type&quot;:&quot;general&quot;,&quot;error&quot;:&quot;[object Object]&quot;}

            </system-err>
        </testcase>
        <testcase classname="test/api-integration.spec.ts" name="API Integration - Alerts &gt; successfully updates an alert" time="0.003">
            <system-out>
{&quot;timestamp&quot;:&quot;2025-12-20T12:24:08.269Z&quot;,&quot;service&quot;:&quot;stockly-api-test&quot;,&quot;level&quot;:&quot;INFO&quot;,&quot;traceId&quot;:&quot;test-trace-id&quot;,&quot;userId&quot;:null,&quot;path&quot;:&quot;/test&quot;,&quot;message&quot;:&quot;Alerts request authenticated&quot;,&quot;type&quot;:&quot;general&quot;,&quot;username&quot;:&quot;testuser&quot;,&quot;isAdmin&quot;:false,&quot;requestUsername&quot;:&quot;testuser&quot;,&quot;method&quot;:&quot;PUT&quot;}

{&quot;timestamp&quot;:&quot;2025-12-20T12:24:08.270Z&quot;,&quot;service&quot;:&quot;stockly-api-test&quot;,&quot;level&quot;:&quot;INFO&quot;,&quot;traceId&quot;:&quot;test-trace-id&quot;,&quot;userId&quot;:null,&quot;path&quot;:&quot;/test&quot;,&quot;message&quot;:&quot;Updated alert&quot;,&quot;type&quot;:&quot;general&quot;,&quot;alertId&quot;:&quot;123e4567-e89b-12d3-a456-426614174000&quot;,&quot;username&quot;:&quot;testuser&quot;}

            </system-out>
        </testcase>
        <testcase classname="test/api-integration.spec.ts" name="API Integration - Alerts &gt; successfully deletes an alert" time="0.003">
            <system-out>
{&quot;timestamp&quot;:&quot;2025-12-20T12:24:08.272Z&quot;,&quot;service&quot;:&quot;stockly-api-test&quot;,&quot;level&quot;:&quot;INFO&quot;,&quot;traceId&quot;:&quot;test-trace-id&quot;,&quot;userId&quot;:null,&quot;path&quot;:&quot;/test&quot;,&quot;message&quot;:&quot;Alerts request authenticated&quot;,&quot;type&quot;:&quot;general&quot;,&quot;username&quot;:&quot;testuser&quot;,&quot;isAdmin&quot;:false,&quot;requestUsername&quot;:&quot;testuser&quot;,&quot;method&quot;:&quot;DELETE&quot;}

{&quot;timestamp&quot;:&quot;2025-12-20T12:24:08.273Z&quot;,&quot;service&quot;:&quot;stockly-api-test&quot;,&quot;level&quot;:&quot;INFO&quot;,&quot;traceId&quot;:&quot;test-trace-id&quot;,&quot;userId&quot;:null,&quot;path&quot;:&quot;/test&quot;,&quot;message&quot;:&quot;Deleted alert&quot;,&quot;type&quot;:&quot;general&quot;,&quot;alertId&quot;:&quot;123e4567-e89b-12d3-a456-426614174000&quot;,&quot;username&quot;:&quot;testuser&quot;}

            </system-out>
        </testcase>
        <testcase classname="test/api-integration.spec.ts" name="API Integration - Alerts &gt; returns 404 when alert not found" time="0.003">
            <system-out>
{&quot;timestamp&quot;:&quot;2025-12-20T12:24:08.275Z&quot;,&quot;service&quot;:&quot;stockly-api-test&quot;,&quot;level&quot;:&quot;INFO&quot;,&quot;traceId&quot;:&quot;test-trace-id&quot;,&quot;userId&quot;:null,&quot;path&quot;:&quot;/test&quot;,&quot;message&quot;:&quot;Alerts request authenticated&quot;,&quot;type&quot;:&quot;general&quot;,&quot;username&quot;:&quot;testuser&quot;,&quot;isAdmin&quot;:false,&quot;requestUsername&quot;:&quot;testuser&quot;,&quot;method&quot;:&quot;GET&quot;}

            </system-out>
        </testcase>
    </testsuite>
    <testsuite name="test/api-schema-validation.spec.ts" timestamp="2025-12-20T12:24:18.173Z" hostname="sngvahmed" tests="16" failures="0" errors="0" skipped="0" time="1.317">
        <testcase classname="test/api-schema-validation.spec.ts" name="API Schema Validation - Health Check &gt; health endpoint returns valid HealthCheckResponse schema" time="0.027">
        </testcase>
        <testcase classname="test/api-schema-validation.spec.ts" name="API Schema Validation - Get Stock &gt; getStock returns valid StockQuoteResponse schema on success" time="0.028">
            <system-out>
{&quot;timestamp&quot;:&quot;2025-12-20T12:24:07.001Z&quot;,&quot;service&quot;:&quot;stockly-api-test&quot;,&quot;level&quot;:&quot;INFO&quot;,&quot;traceId&quot;:&quot;test-trace-id&quot;,&quot;userId&quot;:null,&quot;path&quot;:&quot;/test&quot;,&quot;message&quot;:&quot;No cache for AAPL&quot;,&quot;type&quot;:&quot;general&quot;,&quot;cacheStatus&quot;:&quot;MISS&quot;}

{&quot;timestamp&quot;:&quot;2025-12-20T12:24:07.002Z&quot;,&quot;service&quot;:&quot;stockly-api-test&quot;,&quot;level&quot;:&quot;DEBUG&quot;,&quot;traceId&quot;:&quot;test-trace-id&quot;,&quot;userId&quot;:null,&quot;path&quot;:&quot;/test&quot;,&quot;message&quot;:&quot;FMP API: GET /quote&quot;,&quot;type&quot;:&quot;api_call&quot;,&quot;apiProvider&quot;:&quot;FMP&quot;,&quot;endpoint&quot;:&quot;/quote&quot;,&quot;method&quot;:&quot;GET&quot;,&quot;latencyMs&quot;:0}

{&quot;timestamp&quot;:&quot;2025-12-20T12:24:07.003Z&quot;,&quot;service&quot;:&quot;stockly-api-test&quot;,&quot;level&quot;:&quot;DEBUG&quot;,&quot;traceId&quot;:&quot;test-trace-id&quot;,&quot;userId&quot;:null,&quot;path&quot;:&quot;/test&quot;,&quot;message&quot;:&quot;FMP API: GET /profile&quot;,&quot;type&quot;:&quot;api_call&quot;,&quot;apiProvider&quot;:&quot;FMP&quot;,&quot;endpoint&quot;:&quot;/profile&quot;,&quot;method&quot;:&quot;GET&quot;,&quot;latencyMs&quot;:0}

{&quot;timestamp&quot;:&quot;2025-12-20T12:24:07.003Z&quot;,&quot;service&quot;:&quot;stockly-api-test&quot;,&quot;level&quot;:&quot;DEBUG&quot;,&quot;traceId&quot;:&quot;test-trace-id&quot;,&quot;userId&quot;:null,&quot;path&quot;:&quot;/test&quot;,&quot;message&quot;:&quot;Profile API response&quot;,&quot;type&quot;:&quot;general&quot;,&quot;endpoint&quot;:&quot;https://financialmodelingprep.com/stable/profile?symbol=AAPL&amp;apikey=z5xjUUlsab7zBKntL5QnMzWyPuq2iWsM&quot;,&quot;responseType&quot;:&quot;array&quot;,&quot;responseLength&quot;:1}
{&quot;timestamp&quot;:&quot;2025-12-20T12:24:07.003Z&quot;,&quot;service&quot;:&quot;stockly-api-test&quot;,&quot;level&quot;:&quot;DEBUG&quot;,&quot;traceId&quot;:&quot;test-trace-id&quot;,&quot;userId&quot;:null,&quot;path&quot;:&quot;/test&quot;,&quot;message&quot;:&quot;Found description from profile&quot;,&quot;type&quot;:&quot;general&quot;,&quot;descriptionLength&quot;:38}
{&quot;timestamp&quot;:&quot;2025-12-20T12:24:07.003Z&quot;,&quot;service&quot;:&quot;stockly-api-test&quot;,&quot;level&quot;:&quot;DEBUG&quot;,&quot;traceId&quot;:&quot;test-trace-id&quot;,&quot;userId&quot;:null,&quot;path&quot;:&quot;/test&quot;,&quot;message&quot;:&quot;Final description resolved&quot;,&quot;type&quot;:&quot;general&quot;,&quot;hasDescription&quot;:true,&quot;descriptionLength&quot;:38,&quot;source&quot;:&quot;profile&quot;}

            </system-out>
        </testcase>
        <testcase classname="test/api-schema-validation.spec.ts" name="API Schema Validation - Get Stock &gt; getStock returns valid ErrorResponse schema on error" time="0.018">
        </testcase>
        <testcase classname="test/api-schema-validation.spec.ts" name="API Schema Validation - Get Stocks &gt; getStocks returns valid StockQuotesResponse schema on success" time="0.019">
        </testcase>
        <testcase classname="test/api-schema-validation.spec.ts" name="API Schema Validation - Get Stocks &gt; getStocks returns valid ErrorResponse schema on error" time="0.018">
        </testcase>
        <testcase classname="test/api-schema-validation.spec.ts" name="API Schema Validation - Search Stock &gt; searchStock returns valid SearchStockResponse schema" time="0.016">
        </testcase>
        <testcase classname="test/api-schema-validation.spec.ts" name="API Schema Validation - Get Historical &gt; getHistorical returns valid HistoricalPricesResponse schema" time="1.065">
            <system-out>
[getHistoricalPricesByDateRange] Querying database for AAPL from 2025-06-23 to 2025-12-20

[getHistoricalPricesByDateRange] Found 2 records for AAPL in date range 2025-06-23 to 2025-12-20

[get-historical] Query result for AAPL (2025-06-23 to 2025-12-20): 2 records found in database
{&quot;timestamp&quot;:&quot;2025-12-20T12:24:07.160Z&quot;,&quot;service&quot;:&quot;stockly-api-test&quot;,&quot;level&quot;:&quot;INFO&quot;,&quot;traceId&quot;:&quot;test-trace-id&quot;,&quot;userId&quot;:null,&quot;path&quot;:&quot;/test&quot;,&quot;message&quot;:&quot;No historical data in database for AAPL&quot;,&quot;type&quot;:&quot;general&quot;,&quot;dateRange&quot;:&quot;2025-06-23 to 2025-12-20&quot;,&quot;action&quot;:&quot;fetching from FMP API&quot;}
[fetchAndSaveHistoricalPrice] Starting fetch for AAPL from FMP API
[fetchAndSaveHistoricalPrice] Fetching from: https://financialmodelingprep.com/stable/historical-chart/30min?symbol=AAPL&amp;apikey=***&amp;from=2025-06-23&amp;to=2025-12-20

[fetchAndSaveHistoricalPrice] Received 254 1-hour OHLC records from FMP API
[fetchAndSaveHistoricalPrice] FMP API returned 254 records for AAPL
[fetchAndSaveHistoricalPrice] Sample record structure: {
  date: &apos;2025-12-19 15:30:00&apos;,
  hasOpen: true,
  hasHigh: true,
  hasLow: true,
  hasClose: true,
  hasPrice: false,
  keys: [ &apos;date&apos;, &apos;open&apos;, &apos;low&apos;, &apos;high&apos;, &apos;close&apos;, &apos;volume&apos; ]
}
Saved 20 daily candles (aggregated from 254 1-hour records) for AAPL with OHLC data

[getHistoricalPricesByDateRange] Querying database for AAPL from 2025-06-23 to 2025-12-20

[getHistoricalPricesByDateRange] Found 2 records for AAPL in date range 2025-06-23 to 2025-12-20

{&quot;timestamp&quot;:&quot;2025-12-20T12:24:08.209Z&quot;,&quot;service&quot;:&quot;stockly-api-test&quot;,&quot;level&quot;:&quot;DEBUG&quot;,&quot;traceId&quot;:&quot;test-trace-id&quot;,&quot;userId&quot;:null,&quot;path&quot;:&quot;/test&quot;,&quot;message&quot;:&quot;After FMP fetch, query result for AAPL&quot;,&quot;type&quot;:&quot;general&quot;,&quot;dateRange&quot;:&quot;2025-06-23 to 2025-12-20&quot;,&quot;recordCount&quot;:2}
[get-historical] Successfully fetched 2 historical records for AAPL from FMP API

            </system-out>
            <system-err>
{&quot;timestamp&quot;:&quot;2025-12-20T12:24:07.160Z&quot;,&quot;service&quot;:&quot;stockly-api-test&quot;,&quot;level&quot;:&quot;WARN&quot;,&quot;traceId&quot;:&quot;test-trace-id&quot;,&quot;userId&quot;:null,&quot;path&quot;:&quot;/test&quot;,&quot;message&quot;:&quot;Found 2 records with missing OHLC data&quot;,&quot;type&quot;:&quot;general&quot;,&quot;symbol&quot;:&quot;AAPL&quot;,&quot;recordsWithMissingOHLC&quot;:2,&quot;totalRecords&quot;:2}

[fetchAndSaveHistoricalPrice] Insert with OHLC failed for AAPL on 2025-11-21, trying fallback without OHLC: env.stockly.prepare(...).bind(...).run is not a function
[fetchAndSaveHistoricalPrice] Failed to insert historical record for AAPL on 2025-11-21: env.stockly.prepare(...).bind(...).run is not a function
[fetchAndSaveHistoricalPrice] Insert with OHLC failed for AAPL on 2025-11-24, trying fallback without OHLC: env.stockly.prepare(...).bind(...).run is not a function
[fetchAndSaveHistoricalPrice] Failed to insert historical record for AAPL on 2025-11-24: env.stockly.prepare(...).bind(...).run is not a function
[fetchAndSaveHistoricalPrice] Insert with OHLC failed for AAPL on 2025-11-25, trying fallback without OHLC: env.stockly.prepare(...).bind(...).run is not a function
[fetchAndSaveHistoricalPrice] Failed to insert historical record for AAPL on 2025-11-25: env.stockly.prepare(...).bind(...).run is not a function
[fetchAndSaveHistoricalPrice] Insert with OHLC failed for AAPL on 2025-11-26, trying fallback without OHLC: env.stockly.prepare(...).bind(...).run is not a function
[fetchAndSaveHistoricalPrice] Failed to insert historical record for AAPL on 2025-11-26: env.stockly.prepare(...).bind(...).run is not a function
[fetchAndSaveHistoricalPrice] Insert with OHLC failed for AAPL on 2025-11-28, trying fallback without OHLC: env.stockly.prepare(...).bind(...).run is not a function
[fetchAndSaveHistoricalPrice] Failed to insert historical record for AAPL on 2025-11-28: env.stockly.prepare(...).bind(...).run is not a function
[fetchAndSaveHistoricalPrice] Insert with OHLC failed for AAPL on 2025-12-01, trying fallback without OHLC: env.stockly.prepare(...).bind(...).run is not a function
[fetchAndSaveHistoricalPrice] Failed to insert historical record for AAPL on 2025-12-01: env.stockly.prepare(...).bind(...).run is not a function
[fetchAndSaveHistoricalPrice] Insert with OHLC failed for AAPL on 2025-12-02, trying fallback without OHLC: env.stockly.prepare(...).bind(...).run is not a function
[fetchAndSaveHistoricalPrice] Failed to insert historical record for AAPL on 2025-12-02: env.stockly.prepare(...).bind(...).run is not a function
[fetchAndSaveHistoricalPrice] Insert with OHLC failed for AAPL on 2025-12-03, trying fallback without OHLC: env.stockly.prepare(...).bind(...).run is not a function
[fetchAndSaveHistoricalPrice] Failed to insert historical record for AAPL on 2025-12-03: env.stockly.prepare(...).bind(...).run is not a function
[fetchAndSaveHistoricalPrice] Insert with OHLC failed for AAPL on 2025-12-04, trying fallback without OHLC: env.stockly.prepare(...).bind(...).run is not a function
[fetchAndSaveHistoricalPrice] Failed to insert historical record for AAPL on 2025-12-04: env.stockly.prepare(...).bind(...).run is not a function
[fetchAndSaveHistoricalPrice] Insert with OHLC failed for AAPL on 2025-12-05, trying fallback without OHLC: env.stockly.prepare(...).bind(...).run is not a function
[fetchAndSaveHistoricalPrice] Failed to insert historical record for AAPL on 2025-12-05: env.stockly.prepare(...).bind(...).run is not a function
[fetchAndSaveHistoricalPrice] Insert with OHLC failed for AAPL on 2025-12-08, trying fallback without OHLC: env.stockly.prepare(...).bind(...).run is not a function
[fetchAndSaveHistoricalPrice] Failed to insert historical record for AAPL on 2025-12-08: env.stockly.prepare(...).bind(...).run is not a function
[fetchAndSaveHistoricalPrice] Insert with OHLC failed for AAPL on 2025-12-09, trying fallback without OHLC: env.stockly.prepare(...).bind(...).run is not a function
[fetchAndSaveHistoricalPrice] Failed to insert historical record for AAPL on 2025-12-09: env.stockly.prepare(...).bind(...).run is not a function
[fetchAndSaveHistoricalPrice] Insert with OHLC failed for AAPL on 2025-12-10, trying fallback without OHLC: env.stockly.prepare(...).bind(...).run is not a function
[fetchAndSaveHistoricalPrice] Failed to insert historical record for AAPL on 2025-12-10: env.stockly.prepare(...).bind(...).run is not a function
[fetchAndSaveHistoricalPrice] Insert with OHLC failed for AAPL on 2025-12-11, trying fallback without OHLC: env.stockly.prepare(...).bind(...).run is not a function
[fetchAndSaveHistoricalPrice] Failed to insert historical record for AAPL on 2025-12-11: env.stockly.prepare(...).bind(...).run is not a function
[fetchAndSaveHistoricalPrice] Insert with OHLC failed for AAPL on 2025-12-12, trying fallback without OHLC: env.stockly.prepare(...).bind(...).run is not a function
[fetchAndSaveHistoricalPrice] Failed to insert historical record for AAPL on 2025-12-12: env.stockly.prepare(...).bind(...).run is not a function
[fetchAndSaveHistoricalPrice] Insert with OHLC failed for AAPL on 2025-12-15, trying fallback without OHLC: env.stockly.prepare(...).bind(...).run is not a function
[fetchAndSaveHistoricalPrice] Failed to insert historical record for AAPL on 2025-12-15: env.stockly.prepare(...).bind(...).run is not a function
[fetchAndSaveHistoricalPrice] Insert with OHLC failed for AAPL on 2025-12-16, trying fallback without OHLC: env.stockly.prepare(...).bind(...).run is not a function
[fetchAndSaveHistoricalPrice] Failed to insert historical record for AAPL on 2025-12-16: env.stockly.prepare(...).bind(...).run is not a function
[fetchAndSaveHistoricalPrice] Insert with OHLC failed for AAPL on 2025-12-17, trying fallback without OHLC: env.stockly.prepare(...).bind(...).run is not a function
[fetchAndSaveHistoricalPrice] Failed to insert historical record for AAPL on 2025-12-17: env.stockly.prepare(...).bind(...).run is not a function
[fetchAndSaveHistoricalPrice] Insert with OHLC failed for AAPL on 2025-12-18, trying fallback without OHLC: env.stockly.prepare(...).bind(...).run is not a function
[fetchAndSaveHistoricalPrice] Failed to insert historical record for AAPL on 2025-12-18: env.stockly.prepare(...).bind(...).run is not a function
[fetchAndSaveHistoricalPrice] Insert with OHLC failed for AAPL on 2025-12-19, trying fallback without OHLC: env.stockly.prepare(...).bind(...).run is not a function
[fetchAndSaveHistoricalPrice] Failed to insert historical record for AAPL on 2025-12-19: env.stockly.prepare(...).bind(...).run is not a function

            </system-err>
        </testcase>
        <testcase classname="test/api-schema-validation.spec.ts" name="API Schema Validation - Get Historical &gt; getHistorical returns valid ErrorResponse schema on error" time="0.003">
        </testcase>
        <testcase classname="test/api-schema-validation.spec.ts" name="API Schema Validation - Alerts &gt; listAlerts returns valid AlertsListResponse schema" time="0.004">
            <system-out>
{&quot;timestamp&quot;:&quot;2025-12-20T12:24:08.223Z&quot;,&quot;service&quot;:&quot;stockly-api-test&quot;,&quot;level&quot;:&quot;INFO&quot;,&quot;traceId&quot;:&quot;test-trace-id&quot;,&quot;userId&quot;:null,&quot;path&quot;:&quot;/test&quot;,&quot;message&quot;:&quot;Alerts request authenticated&quot;,&quot;type&quot;:&quot;general&quot;,&quot;username&quot;:&quot;testuser&quot;,&quot;isAdmin&quot;:false,&quot;requestUsername&quot;:&quot;testuser&quot;,&quot;method&quot;:&quot;GET&quot;}

{&quot;timestamp&quot;:&quot;2025-12-20T12:24:08.223Z&quot;,&quot;service&quot;:&quot;stockly-api-test&quot;,&quot;level&quot;:&quot;INFO&quot;,&quot;traceId&quot;:&quot;test-trace-id&quot;,&quot;userId&quot;:null,&quot;path&quot;:&quot;/test&quot;,&quot;message&quot;:&quot;Fetched alerts from D1&quot;,&quot;type&quot;:&quot;general&quot;,&quot;username&quot;:&quot;testuser&quot;,&quot;alertCount&quot;:1,&quot;alertIds&quot;:[&quot;123e4567-e89b-12d3-a456-426614174000&quot;]}

            </system-out>
        </testcase>
        <testcase classname="test/api-schema-validation.spec.ts" name="API Schema Validation - Alerts &gt; createAlert accepts valid CreateAlertRequest schema" time="0.004">
            <system-out>
{&quot;timestamp&quot;:&quot;2025-12-20T12:24:08.226Z&quot;,&quot;service&quot;:&quot;stockly-api-test&quot;,&quot;level&quot;:&quot;INFO&quot;,&quot;traceId&quot;:&quot;test-trace-id&quot;,&quot;userId&quot;:null,&quot;path&quot;:&quot;/test&quot;,&quot;message&quot;:&quot;Alerts request authenticated&quot;,&quot;type&quot;:&quot;general&quot;,&quot;username&quot;:&quot;testuser&quot;,&quot;isAdmin&quot;:false,&quot;requestUsername&quot;:&quot;testuser&quot;,&quot;method&quot;:&quot;POST&quot;}

{&quot;timestamp&quot;:&quot;2025-12-20T12:24:08.227Z&quot;,&quot;service&quot;:&quot;stockly-api-test&quot;,&quot;level&quot;:&quot;INFO&quot;,&quot;traceId&quot;:&quot;test-trace-id&quot;,&quot;userId&quot;:null,&quot;path&quot;:&quot;/test&quot;,&quot;message&quot;:&quot;Creating alert&quot;,&quot;type&quot;:&quot;general&quot;,&quot;username&quot;:&quot;testuser&quot;,&quot;symbol&quot;:&quot;AAPL&quot;,&quot;direction&quot;:&quot;above&quot;,&quot;threshold&quot;:200}

{&quot;timestamp&quot;:&quot;2025-12-20T12:24:08.227Z&quot;,&quot;service&quot;:&quot;stockly-api-test&quot;,&quot;level&quot;:&quot;INFO&quot;,&quot;traceId&quot;:&quot;test-trace-id&quot;,&quot;userId&quot;:null,&quot;path&quot;:&quot;/test&quot;,&quot;message&quot;:&quot;Created alert successfully&quot;,&quot;type&quot;:&quot;general&quot;,&quot;alertId&quot;:&quot;123e4567-e89b-12d3-a456-426614174000&quot;,&quot;username&quot;:&quot;testuser&quot;,&quot;isAdmin&quot;:false}

            </system-out>
            <system-err>
{&quot;timestamp&quot;:&quot;2025-12-20T12:24:08.227Z&quot;,&quot;service&quot;:&quot;stockly-api-test&quot;,&quot;level&quot;:&quot;ERROR&quot;,&quot;traceId&quot;:&quot;test-trace-id&quot;,&quot;userId&quot;:null,&quot;path&quot;:&quot;/test&quot;,&quot;message&quot;:&quot;Alert created with mismatched username&quot;,&quot;type&quot;:&quot;general&quot;,&quot;error&quot;:&quot;[object Object]&quot;}

            </system-err>
        </testcase>
        <testcase classname="test/api-schema-validation.spec.ts" name="API Schema Validation - Alerts &gt; updateAlert accepts valid UpdateAlertRequest schema" time="0.004">
            <system-out>
{&quot;timestamp&quot;:&quot;2025-12-20T12:24:08.231Z&quot;,&quot;service&quot;:&quot;stockly-api-test&quot;,&quot;level&quot;:&quot;INFO&quot;,&quot;traceId&quot;:&quot;test-trace-id&quot;,&quot;userId&quot;:null,&quot;path&quot;:&quot;/test&quot;,&quot;message&quot;:&quot;Alerts request authenticated&quot;,&quot;type&quot;:&quot;general&quot;,&quot;username&quot;:&quot;testuser&quot;,&quot;isAdmin&quot;:false,&quot;requestUsername&quot;:&quot;testuser&quot;,&quot;method&quot;:&quot;PUT&quot;}

{&quot;timestamp&quot;:&quot;2025-12-20T12:24:08.231Z&quot;,&quot;service&quot;:&quot;stockly-api-test&quot;,&quot;level&quot;:&quot;INFO&quot;,&quot;traceId&quot;:&quot;test-trace-id&quot;,&quot;userId&quot;:null,&quot;path&quot;:&quot;/test&quot;,&quot;message&quot;:&quot;Updated alert&quot;,&quot;type&quot;:&quot;general&quot;,&quot;alertId&quot;:&quot;123&quot;,&quot;username&quot;:&quot;testuser&quot;}

            </system-out>
        </testcase>
        <testcase classname="test/api-schema-validation.spec.ts" name="API Schema Validation - Alerts &gt; getAlert returns valid Alert schema" time="0.003">
            <system-out>
{&quot;timestamp&quot;:&quot;2025-12-20T12:24:08.234Z&quot;,&quot;service&quot;:&quot;stockly-api-test&quot;,&quot;level&quot;:&quot;INFO&quot;,&quot;traceId&quot;:&quot;test-trace-id&quot;,&quot;userId&quot;:null,&quot;path&quot;:&quot;/test&quot;,&quot;message&quot;:&quot;Alerts request authenticated&quot;,&quot;type&quot;:&quot;general&quot;,&quot;username&quot;:&quot;testuser&quot;,&quot;isAdmin&quot;:false,&quot;requestUsername&quot;:&quot;testuser&quot;,&quot;method&quot;:&quot;GET&quot;}

            </system-out>
        </testcase>
        <testcase classname="test/api-schema-validation.spec.ts" name="API Schema Validation - Input Validation &gt; rejects invalid CreateAlertRequest" time="0.003">
        </testcase>
        <testcase classname="test/api-schema-validation.spec.ts" name="API Schema Validation - Input Validation &gt; accepts valid CreateAlertRequest with optional fields" time="0.001">
        </testcase>
        <testcase classname="test/api-schema-validation.spec.ts" name="API Schema Validation - Input Validation &gt; rejects invalid UpdateAlertRequest" time="0.002">
        </testcase>
        <testcase classname="test/api-schema-validation.spec.ts" name="API Schema Validation - Input Validation &gt; accepts partial UpdateAlertRequest" time="0.002">
        </testcase>
    </testsuite>
    <testsuite name="test/cache.spec.ts" timestamp="2025-12-20T12:24:18.179Z" hostname="sngvahmed" tests="2" failures="0" errors="0" skipped="0" time="0.192">
        <testcase classname="test/cache.spec.ts" name="cache helpers &gt; returns cached entries while TTL is valid" time="0.036">
        </testcase>
        <testcase classname="test/cache.spec.ts" name="cache helpers &gt; expires entries once TTL elapses" time="0.044">
        </testcase>
    </testsuite>
    <testsuite name="test/config.spec.ts" timestamp="2025-12-20T12:24:18.179Z" hostname="sngvahmed" tests="13" failures="0" errors="0" skipped="0" time="0.97">
        <testcase classname="test/config.spec.ts" name="Config System &gt; getConfig &gt; returns default config when KV is not available" time="0.038">
            <system-err>
alertsKv not available, using default config

            </system-err>
        </testcase>
[...]
            <system-out>
⏳ Retrying in 200ms...

✅ Expo Push notification sent successfully (attempt 2/3): ticket-id

            </system-out>
            <system-err>
❌ Expo Push notification failed (attempt 1/3): Network error

            </system-err>
        </testcase>
        <testcase classname="test/notifications/expo-sender.spec.ts" name="Expo Sender &gt; should handle malformed JSON response and retry" time="0.243">
            <system-out>
⏳ Retrying in 200ms...

✅ Expo Push notification sent successfully (attempt 2/3): ticket-id

            </system-out>
            <system-err>
❌ Expo Push notification failed (attempt 1/3): Invalid JSON

            </system-err>
        </testcase>
        <testcase classname="test/notifications/expo-sender.spec.ts" name="Expo Sender &gt; should retry on 429 Too Many Requests" time="0.228">
            <system-out>
⏳ Retrying in 200ms...

✅ Expo Push notification sent successfully (attempt 2/3): ticket-id

            </system-out>
            <system-err>
❌ Expo Push notification failed (attempt 1/3): HTTP 429: Too Many Requests

            </system-err>
        </testcase>
        <testcase classname="test/notifications/expo-sender.spec.ts" name="Expo Sender &gt; sendExpoPushWithLogs &gt; should return Detailed logs on success" time="0.016">
        </testcase>
        <testcase classname="test/notifications/expo-sender.spec.ts" name="Expo Sender &gt; sendExpoPushWithLogs &gt; should return error info on permanent error (DeviceNotRegistered)" time="0.014">
        </testcase>
        <testcase classname="test/notifications/expo-sender.spec.ts" name="Expo Sender &gt; sendExpoPushWithLogs &gt; should handle &quot;Message Too Big&quot; error" time="0.009">
        </testcase>
        <testcase classname="test/notifications/expo-sender.spec.ts" name="Expo Sender &gt; sendExpoPushWithLogs &gt; should handle &quot;Invalid Token&quot; error" time="0.006">
        </testcase>
        <testcase classname="test/notifications/expo-sender.spec.ts" name="Expo Sender &gt; sendExpoPushWithLogs &gt; should handle &quot;Rate Limit&quot; error from body" time="0.204">
        </testcase>
        <testcase classname="test/notifications/expo-sender.spec.ts" name="Expo Sender &gt; sendExpoPushWithLogs &gt; should handle HTTP error response parsing" time="0.205">
        </testcase>
        <testcase classname="test/notifications/expo-sender.spec.ts" name="Expo Sender &gt; sendExpoPushWithLogs &gt; should handle permanent HTTP error (401/403 implicit?) actually logic only checks message for permanent" time="0.705">
        </testcase>
        <testcase classname="test/notifications/expo-sender.spec.ts" name="Expo Sender &gt; sendExpoPushWithLogs &gt; should handle JSON parsing error" time="0.205">
        </testcase>
        <testcase classname="test/notifications/expo-sender.spec.ts" name="Expo Sender &gt; sendExpoPushWithLogs &gt; should handle missing ticket in response" time="0.706">
        </testcase>
        <testcase classname="test/notifications/expo-sender.spec.ts" name="Expo Sender &gt; sendExpoPushBatch &gt; should send multiple messages and assume optimistic success counting based on mock" time="0.004">
            <system-out>
✅ Expo Push notification sent successfully (attempt 1/3): ticket-id
✅ Expo Push notification sent successfully (attempt 1/3): ticket-id

            </system-out>
        </testcase>
    </testsuite>
    <testsuite name="test/notifications/fcm-sender.spec.ts" timestamp="2025-12-20T12:24:18.288Z" hostname="sngvahmed" tests="16" failures="0" errors="0" skipped="0" time="2.169">
        <testcase classname="test/notifications/fcm-sender.spec.ts" name="FCM Sender &gt; sendFCMNotificationWithLogs &gt; should reject invalid token format" time="0.034">
        </testcase>
        <testcase classname="test/notifications/fcm-sender.spec.ts" name="FCM Sender &gt; sendFCMNotificationWithLogs &gt; should reject null token" time="0.029">
        </testcase>
        <testcase classname="test/notifications/fcm-sender.spec.ts" name="FCM Sender &gt; sendFCMNotificationWithLogs &gt; should handle missing FCM_SERVICE_ACCOUNT" time="0.063">
        </testcase>
        <testcase classname="test/notifications/fcm-sender.spec.ts" name="FCM Sender &gt; sendFCMNotificationWithLogs &gt; should handle invalid service account JSON" time="0.039">
        </testcase>
        <testcase classname="test/notifications/fcm-sender.spec.ts" name="FCM Sender &gt; sendFCMNotificationWithLogs &gt; should handle JWT generation failure" time="0.078">
            <system-err>
Failed to get Google access token: Error: JWT generation failed
    at /home/sngvahmed/workspace/stockly/api/test/notifications/fcm-sender.spec.ts:116:54
    at home/sngvahmed/workspace/stockly/api/node_modules/@vitest/runner/dist/chunk-hooks.js:155:11
    at home/sngvahmed/workspace/stockly/api/node_modules/@vitest/runner/dist/chunk-hooks.js:752:26
    at home/sngvahmed/workspace/stockly/api/node_modules/@vitest/runner/dist/chunk-hooks.js:1897:20
    at new Promise (&lt;anonymous&gt;)
    at runWithTimeout (home/sngvahmed/workspace/stockly/api/node_modules/@vitest/runner/dist/chunk-hooks.js:1863:10)
    at runTest (home/sngvahmed/workspace/stockly/api/node_modules/@vitest/runner/dist/chunk-hooks.js:1574:12)
    at runSuite (home/sngvahmed/workspace/stockly/api/node_modules/@vitest/runner/dist/chunk-hooks.js:1729:8)
    at runSuite (home/sngvahmed/workspace/stockly/api/node_modules/@vitest/runner/dist/chunk-hooks.js:1729:8)
    at runSuite (home/sngvahmed/workspace/stockly/api/node_modules/@vitest/runner/dist/chunk-hooks.js:1729:8)

            </system-err>
        </testcase>
        <testcase classname="test/notifications/fcm-sender.spec.ts" name="FCM Sender &gt; sendFCMNotificationWithLogs &gt; should handle access token exchange failure" time="0.036">
            <system-err>
Failed to get Google access token: Error: Token exchange failed
    at /home/sngvahmed/workspace/stockly/api/test/notifications/fcm-sender.spec.ts:133:9
    at home/sngvahmed/workspace/stockly/api/node_modules/@vitest/runner/dist/chunk-hooks.js:155:11
    at home/sngvahmed/workspace/stockly/api/node_modules/@vitest/runner/dist/chunk-hooks.js:752:26
    at home/sngvahmed/workspace/stockly/api/node_modules/@vitest/runner/dist/chunk-hooks.js:1897:20
    at new Promise (&lt;anonymous&gt;)
    at runWithTimeout (home/sngvahmed/workspace/stockly/api/node_modules/@vitest/runner/dist/chunk-hooks.js:1863:10)
    at runTest (home/sngvahmed/workspace/stockly/api/node_modules/@vitest/runner/dist/chunk-hooks.js:1574:12)
    at runSuite (home/sngvahmed/workspace/stockly/api/node_modules/@vitest/runner/dist/chunk-hooks.js:1729:8)
    at runSuite (home/sngvahmed/workspace/stockly/api/node_modules/@vitest/runner/dist/chunk-hooks.js:1729:8)
    at runSuite (home/sngvahmed/workspace/stockly/api/node_modules/@vitest/runner/dist/chunk-hooks.js:1729:8)

            </system-err>
        </testcase>
        <testcase classname="test/notifications/fcm-sender.spec.ts" name="FCM Sender &gt; sendFCMNotificationWithLogs &gt; should send notification successfully" time="0.058">
        </testcase>
        <testcase classname="test/notifications/fcm-sender.spec.ts" name="FCM Sender &gt; sendFCMNotificationWithLogs &gt; should retry on temporary errors" time="0.237">
            <system-err>
{&quot;timestamp&quot;:&quot;2025-12-20T12:24:06.452Z&quot;,&quot;service&quot;:&quot;stockly-api-test&quot;,&quot;level&quot;:&quot;ERROR&quot;,&quot;traceId&quot;:&quot;test-trace-id&quot;,&quot;userId&quot;:null,&quot;path&quot;:&quot;/test&quot;,&quot;message&quot;:&quot;FCM push notification failed&quot;,&quot;type&quot;:&quot;fcm_error&quot;,&quot;fcmErrorCode&quot;:&quot;14&quot;,&quot;fcmErrorType&quot;:&quot;UNAVAILABLE&quot;,&quot;isPermanent&quot;:false,&quot;shouldCleanupToken&quot;:false,&quot;requestPayload&quot;:{&quot;token&quot;:&quot;dXXXXXXXXXXXXXXXXXXXXXXXXXXXXX...&quot;,&quot;title&quot;:&quot;Test Title&quot;,&quot;body&quot;:&quot;Test Body&quot;,&quot;dataKeys&quot;:[&quot;alertId&quot;]},&quot;errorMessage&quot;:&quot;Service unavailable&quot;}

            </system-err>
        </testcase>
        <testcase classname="test/notifications/fcm-sender.spec.ts" name="FCM Sender &gt; sendFCMNotificationWithLogs &gt; should not retry on permanent errors" time="0.055">
            <system-err>
{&quot;timestamp&quot;:&quot;2025-12-20T12:24:06.704Z&quot;,&quot;service&quot;:&quot;stockly-api-test&quot;,&quot;level&quot;:&quot;ERROR&quot;,&quot;traceId&quot;:&quot;test-trace-id&quot;,&quot;userId&quot;:null,&quot;path&quot;:&quot;/test&quot;,&quot;message&quot;:&quot;FCM push notification failed&quot;,&quot;type&quot;:&quot;fcm_error&quot;,&quot;fcmErrorCode&quot;:&quot;5&quot;,&quot;fcmErrorType&quot;:&quot;NOT_FOUND&quot;,&quot;isPermanent&quot;:true,&quot;shouldCleanupToken&quot;:true,&quot;requestPayload&quot;:{&quot;token&quot;:&quot;dXXXXXXXXXXXXXXXXXXXXXXXXXXXXX...&quot;,&quot;title&quot;:&quot;Test Title&quot;,&quot;body&quot;:&quot;Test Body&quot;,&quot;dataKeys&quot;:[&quot;alertId&quot;]},&quot;errorMessage&quot;:&quot;Token not found&quot;}

            </system-err>
        </testcase>
        <testcase classname="test/notifications/fcm-sender.spec.ts" name="FCM Sender &gt; sendFCMNotificationWithLogs &gt; should log FCM errors" time="0.032">
            <system-err>
{&quot;timestamp&quot;:&quot;2025-12-20T12:24:06.744Z&quot;,&quot;service&quot;:&quot;stockly-api-test&quot;,&quot;level&quot;:&quot;ERROR&quot;,&quot;traceId&quot;:&quot;test-trace-id&quot;,&quot;userId&quot;:null,&quot;path&quot;:&quot;/test&quot;,&quot;message&quot;:&quot;FCM push notification failed&quot;,&quot;type&quot;:&quot;fcm_error&quot;,&quot;fcmErrorCode&quot;:&quot;3&quot;,&quot;fcmErrorType&quot;:&quot;INVALID_ARGUMENT&quot;,&quot;isPermanent&quot;:true,&quot;shouldCleanupToken&quot;:true,&quot;requestPayload&quot;:{&quot;token&quot;:&quot;dXXXXXXXXXXXXXXXXXXXXXXXXXXXXX...&quot;,&quot;title&quot;:&quot;Test Title&quot;,&quot;body&quot;:&quot;Test Body&quot;,&quot;dataKeys&quot;:[&quot;alertId&quot;]},&quot;errorMessage&quot;:&quot;Invalid token&quot;}

            </system-err>
        </testcase>
        <testcase classname="test/notifications/fcm-sender.spec.ts" name="FCM Sender &gt; sendFCMNotificationWithLogs &gt; should handle &quot;Permission Denied&quot; error" time="0.031">
            <system-err>
{&quot;timestamp&quot;:&quot;2025-12-20T12:24:06.777Z&quot;,&quot;service&quot;:&quot;stockly-api-test&quot;,&quot;level&quot;:&quot;ERROR&quot;,&quot;traceId&quot;:&quot;test-trace-id&quot;,&quot;userId&quot;:null,&quot;path&quot;:&quot;/test&quot;,&quot;message&quot;:&quot;FCM push notification failed&quot;,&quot;type&quot;:&quot;fcm_error&quot;,&quot;fcmErrorCode&quot;:&quot;7&quot;,&quot;fcmErrorType&quot;:&quot;PERMISSION_DENIED&quot;,&quot;isPermanent&quot;:true,&quot;shouldCleanupToken&quot;:false,&quot;requestPayload&quot;:{&quot;token&quot;:&quot;dXXXXXXXXXXXXXXXXXXXXXXXXXXXXX...&quot;,&quot;title&quot;:&quot;Test Title&quot;,&quot;body&quot;:&quot;Test Body&quot;,&quot;dataKeys&quot;:[&quot;alertId&quot;]},&quot;errorMessage&quot;:&quot;Permission denied&quot;}

            </system-err>
        </testcase>
        <testcase classname="test/notifications/fcm-sender.spec.ts" name="FCM Sender &gt; sendFCMNotificationWithLogs &gt; should handle &quot;Resource Exhausted&quot; error" time="0.71">
            <system-err>
{&quot;timestamp&quot;:&quot;2025-12-20T12:24:06.804Z&quot;,&quot;service&quot;:&quot;stockly-api-test&quot;,&quot;level&quot;:&quot;ERROR&quot;,&quot;traceId&quot;:&quot;test-trace-id&quot;,&quot;userId&quot;:null,&quot;path&quot;:&quot;/test&quot;,&quot;message&quot;:&quot;FCM push notification failed&quot;,&quot;type&quot;:&quot;fcm_error&quot;,&quot;fcmErrorCode&quot;:&quot;8&quot;,&quot;fcmErrorType&quot;:&quot;RESOURCE_EXHAUSTED&quot;,&quot;isPermanent&quot;:false,&quot;shouldCleanupToken&quot;:false,&quot;requestPayload&quot;:{&quot;token&quot;:&quot;dXXXXXXXXXXXXXXXXXXXXXXXXXXXXX...&quot;,&quot;title&quot;:&quot;Test Title&quot;,&quot;body&quot;:&quot;Test Body&quot;,&quot;dataKeys&quot;:[&quot;alertId&quot;]},&quot;errorMessage&quot;:&quot;Quota exceeded&quot;}

{&quot;timestamp&quot;:&quot;2025-12-20T12:24:07.004Z&quot;,&quot;service&quot;:&quot;stockly-api-test&quot;,&quot;level&quot;:&quot;ERROR&quot;,&quot;traceId&quot;:&quot;test-trace-id&quot;,&quot;userId&quot;:null,&quot;path&quot;:&quot;/test&quot;,&quot;message&quot;:&quot;FCM push notification failed&quot;,&quot;type&quot;:&quot;fcm_error&quot;,&quot;fcmErrorCode&quot;:&quot;8&quot;,&quot;fcmErrorType&quot;:&quot;RESOURCE_EXHAUSTED&quot;,&quot;isPermanent&quot;:false,&quot;shouldCleanupToken&quot;:false,&quot;requestPayload&quot;:{&quot;token&quot;:&quot;dXXXXXXXXXXXXXXXXXXXXXXXXXXXXX...&quot;,&quot;title&quot;:&quot;Test Title&quot;,&quot;body&quot;:&quot;Test Body&quot;,&quot;dataKeys&quot;:[&quot;alertId&quot;]},&quot;errorMessage&quot;:&quot;Quota exceeded&quot;}

{&quot;timestamp&quot;:&quot;2025-12-20T12:24:07.504Z&quot;,&quot;service&quot;:&quot;stockly-api-test&quot;,&quot;level&quot;:&quot;ERROR&quot;,&quot;traceId&quot;:&quot;test-trace-id&quot;,&quot;userId&quot;:null,&quot;path&quot;:&quot;/test&quot;,&quot;message&quot;:&quot;FCM push notification failed&quot;,&quot;type&quot;:&quot;fcm_error&quot;,&quot;fcmErrorCode&quot;:&quot;8&quot;,&quot;fcmErrorType&quot;:&quot;RESOURCE_EXHAUSTED&quot;,&quot;isPermanent&quot;:false,&quot;shouldCleanupToken&quot;:false,&quot;requestPayload&quot;:{&quot;token&quot;:&quot;dXXXXXXXXXXXXXXXXXXXXXXXXXXXXX...&quot;,&quot;title&quot;:&quot;Test Title&quot;,&quot;body&quot;:&quot;Test Body&quot;,&quot;dataKeys&quot;:[&quot;alertId&quot;]},&quot;errorMessage&quot;:&quot;Quota exceeded&quot;}

            </system-err>
        </testcase>
        <testcase classname="test/notifications/fcm-sender.spec.ts" name="FCM Sender &gt; sendFCMNotificationWithLogs &gt; should handle invalid JSON response from FCM" time="0.707">
            <system-err>
{&quot;timestamp&quot;:&quot;2025-12-20T12:24:07.509Z&quot;,&quot;service&quot;:&quot;stockly-api-test&quot;,&quot;level&quot;:&quot;ERROR&quot;,&quot;traceId&quot;:&quot;test-trace-id&quot;,&quot;userId&quot;:null,&quot;path&quot;:&quot;/test&quot;,&quot;message&quot;:&quot;FCM push notification failed&quot;,&quot;type&quot;:&quot;fcm_error&quot;,&quot;fcmErrorCode&quot;:&quot;500&quot;,&quot;fcmErrorType&quot;:&quot;UNKNOWN_ERROR&quot;,&quot;isPermanent&quot;:false,&quot;shouldCleanupToken&quot;:false,&quot;requestPayload&quot;:{&quot;token&quot;:&quot;dXXXXXXXXXXXXXXXXXXXXXXXXXXXXX...&quot;,&quot;title&quot;:&quot;Test Title&quot;,&quot;body&quot;:&quot;Test Body&quot;,&quot;dataKeys&quot;:[&quot;alertId&quot;]},&quot;errorMessage&quot;:&quot;Internal Server Error&quot;}

{&quot;timestamp&quot;:&quot;2025-12-20T12:24:07.710Z&quot;,&quot;service&quot;:&quot;stockly-api-test&quot;,&quot;level&quot;:&quot;ERROR&quot;,&quot;traceId&quot;:&quot;test-trace-id&quot;,&quot;userId&quot;:null,&quot;path&quot;:&quot;/test&quot;,&quot;message&quot;:&quot;FCM push notification failed&quot;,&quot;type&quot;:&quot;fcm_error&quot;,&quot;fcmErrorCode&quot;:&quot;500&quot;,&quot;fcmErrorType&quot;:&quot;UNKNOWN_ERROR&quot;,&quot;isPermanent&quot;:false,&quot;shouldCleanupToken&quot;:false,&quot;requestPayload&quot;:{&quot;token&quot;:&quot;dXXXXXXXXXXXXXXXXXXXXXXXXXXXXX...&quot;,&quot;title&quot;:&quot;Test Title&quot;,&quot;body&quot;:&quot;Test Body&quot;,&quot;dataKeys&quot;:[&quot;alertId&quot;]},&quot;errorMessage&quot;:&quot;Internal Server Error&quot;}

{&quot;timestamp&quot;:&quot;2025-12-20T12:24:08.210Z&quot;,&quot;service&quot;:&quot;stockly-api-test&quot;,&quot;level&quot;:&quot;ERROR&quot;,&quot;traceId&quot;:&quot;test-trace-id&quot;,&quot;userId&quot;:null,&quot;path&quot;:&quot;/test&quot;,&quot;message&quot;:&quot;FCM push notification failed&quot;,&quot;type&quot;:&quot;fcm_error&quot;,&quot;fcmErrorCode&quot;:&quot;500&quot;,&quot;fcmErrorType&quot;:&quot;UNKNOWN_ERROR&quot;,&quot;isPermanent&quot;:false,&quot;shouldCleanupToken&quot;:false,&quot;requestPayload&quot;:{&quot;token&quot;:&quot;dXXXXXXXXXXXXXXXXXXXXXXXXXXXXX...&quot;,&quot;title&quot;:&quot;Test Title&quot;,&quot;body&quot;:&quot;Test Body&quot;,&quot;dataKeys&quot;:[&quot;alertId&quot;]},&quot;errorMessage&quot;:&quot;Internal Server Error&quot;}

            </system-err>
        </testcase>
        <testcase classname="test/notifications/fcm-sender.spec.ts" name="FCM Sender &gt; sendFCMNotificationWithLogs &gt; should convert data values to strings" time="0.003">
        </testcase>
        <testcase classname="test/notifications/fcm-sender.spec.ts" name="FCM Sender &gt; sendFCMNotification &gt; should return true on success" time="0.003">
        </testcase>
        <testcase classname="test/notifications/fcm-sender.spec.ts" name="FCM Sender &gt; sendFCMNotification &gt; should return false on failure" time="0.004">
            <system-err>
{&quot;timestamp&quot;:&quot;2025-12-20T12:24:08.226Z&quot;,&quot;service&quot;:&quot;stockly-api-test&quot;,&quot;level&quot;:&quot;ERROR&quot;,&quot;traceId&quot;:&quot;test-trace-id&quot;,&quot;userId&quot;:null,&quot;path&quot;:&quot;/test&quot;,&quot;message&quot;:&quot;FCM push notification failed&quot;,&quot;type&quot;:&quot;fcm_error&quot;,&quot;fcmErrorCode&quot;:&quot;3&quot;,&quot;fcmErrorType&quot;:&quot;INVALID_ARGUMENT&quot;,&quot;isPermanent&quot;:true,&quot;shouldCleanupToken&quot;:true,&quot;requestPayload&quot;:{&quot;token&quot;:&quot;dXXXXXXXXXXXXXXXXXXXXXXXXXXXXX...&quot;,&quot;title&quot;:&quot;Title&quot;,&quot;body&quot;:&quot;Body&quot;,&quot;dataKeys&quot;:[]},&quot;errorMessage&quot;:&quot;Invalid token&quot;}

            </system-err>
        </testcase>
    </testsuite>
    <testsuite name="test/notifications/jwt-helper.spec.ts" timestamp="2025-12-20T12:24:18.291Z" hostname="sngvahmed" tests="10" failures="0" errors="0" skipped="0" time="0.757">
        <testcase classname="test/notifications/jwt-helper.spec.ts" name="JWT Helper &gt; generateGoogleJWT &gt; should generate JWT with correct structure" time="0.048">
        </testcase>
        <testcase classname="test/notifications/jwt-helper.spec.ts" name="JWT Helper &gt; generateGoogleJWT &gt; should include correct header" time="0.08">
        </testcase>
        <testcase classname="test/notifications/jwt-helper.spec.ts" name="JWT Helper &gt; generateGoogleJWT &gt; should include correct payload" time="0.037">
        </testcase>
        <testcase classname="test/notifications/jwt-helper.spec.ts" name="JWT Helper &gt; generateGoogleJWT &gt; should use custom scope" time="0.078">
        </testcase>
        <testcase classname="test/notifications/jwt-helper.spec.ts" name="JWT Helper &gt; generateGoogleJWT &gt; should handle PEM key parsing" time="0.041">
        </testcase>
        <testcase classname="test/notifications/jwt-helper.spec.ts" name="JWT Helper &gt; generateGoogleJWT &gt; should sign with RSASSA-PKCS1-v1_5" time="0.066">
        </testcase>
        <testcase classname="test/notifications/jwt-helper.spec.ts" name="JWT Helper &gt; getGoogleAccessTokenFromJWT &gt; should exchange JWT for access token" time="0.032">
        </testcase>
        <testcase classname="test/notifications/jwt-helper.spec.ts" name="JWT Helper &gt; getGoogleAccessTokenFromJWT &gt; should handle non-ok response" time="0.042">
        </testcase>
        <testcase classname="test/notifications/jwt-helper.spec.ts" name="JWT Helper &gt; getGoogleAccessTokenFromJWT &gt; should handle missing access_token in response" time="0.073">
        </testcase>
        <testcase classname="test/notifications/jwt-helper.spec.ts" name="JWT Helper &gt; getGoogleAccessTokenFromJWT &gt; should handle network errors" time="0.044">
        </testcase>
    </testsuite>
</testsuites>
