<?xml version="1.0" encoding="UTF-8" ?>
<testsuites name="vitest tests" tests="506" failures="0" errors="0" time="46.604">
    <testsuite name="test/alerts-evaluate.spec.ts" timestamp="2025-12-14T20:04:38.169Z" hostname="sngvahmed" tests="3" failures="0" errors="0" skipped="0" time="0.204">
        <testcase classname="test/alerts-evaluate.spec.ts" name="evaluateAlerts &gt; notifies only when direction condition transitions from false to true" time="0.035">
        </testcase>
        <testcase classname="test/alerts-evaluate.spec.ts" name="evaluateAlerts &gt; resets state when price falls back below threshold" time="0.034">
        </testcase>
        <testcase classname="test/alerts-evaluate.spec.ts" name="evaluateAlerts &gt; skips alerts that lack a price" time="0.06">
        </testcase>
    </testsuite>
    <testsuite name="test/alerts-handler.spec.ts" timestamp="2025-12-14T20:04:38.171Z" hostname="sngvahmed" tests="5" failures="0" errors="0" skipped="0" time="0.406">
        <testcase classname="test/alerts-handler.spec.ts" name="alerts handler &gt; lists alerts" time="0.065">
            <system-out>
{&quot;timestamp&quot;:&quot;2025-12-14T20:04:25.415Z&quot;,&quot;service&quot;:&quot;stockly-api-test&quot;,&quot;level&quot;:&quot;INFO&quot;,&quot;traceId&quot;:&quot;test-trace-id&quot;,&quot;userId&quot;:null,&quot;path&quot;:&quot;/test&quot;,&quot;message&quot;:&quot;Alerts request authenticated&quot;,&quot;type&quot;:&quot;general&quot;,&quot;username&quot;:&quot;testuser&quot;,&quot;isAdmin&quot;:false,&quot;requestUsername&quot;:&quot;testuser&quot;,&quot;method&quot;:&quot;GET&quot;}

{&quot;timestamp&quot;:&quot;2025-12-14T20:04:25.416Z&quot;,&quot;service&quot;:&quot;stockly-api-test&quot;,&quot;level&quot;:&quot;INFO&quot;,&quot;traceId&quot;:&quot;test-trace-id&quot;,&quot;userId&quot;:null,&quot;path&quot;:&quot;/test&quot;,&quot;message&quot;:&quot;Fetched alerts from D1&quot;,&quot;type&quot;:&quot;general&quot;,&quot;username&quot;:&quot;testuser&quot;,&quot;alertCount&quot;:1,&quot;alertIds&quot;:[&quot;1&quot;]}

            </system-out>
        </testcase>
        <testcase classname="test/alerts-handler.spec.ts" name="alerts handler &gt; creates an alert when payload is valid" time="0.095">
            <system-out>
{&quot;timestamp&quot;:&quot;2025-12-14T20:04:25.517Z&quot;,&quot;service&quot;:&quot;stockly-api-test&quot;,&quot;level&quot;:&quot;INFO&quot;,&quot;traceId&quot;:&quot;test-trace-id&quot;,&quot;userId&quot;:null,&quot;path&quot;:&quot;/test&quot;,&quot;message&quot;:&quot;Alerts request authenticated&quot;,&quot;type&quot;:&quot;general&quot;,&quot;username&quot;:&quot;testuser&quot;,&quot;isAdmin&quot;:false,&quot;requestUsername&quot;:&quot;testuser&quot;,&quot;method&quot;:&quot;POST&quot;}

{&quot;timestamp&quot;:&quot;2025-12-14T20:04:25.518Z&quot;,&quot;service&quot;:&quot;stockly-api-test&quot;,&quot;level&quot;:&quot;INFO&quot;,&quot;traceId&quot;:&quot;test-trace-id&quot;,&quot;userId&quot;:null,&quot;path&quot;:&quot;/test&quot;,&quot;message&quot;:&quot;Creating alert&quot;,&quot;type&quot;:&quot;general&quot;,&quot;username&quot;:&quot;testuser&quot;,&quot;symbol&quot;:&quot;AAPL&quot;,&quot;direction&quot;:&quot;above&quot;,&quot;threshold&quot;:200}

{&quot;timestamp&quot;:&quot;2025-12-14T20:04:25.518Z&quot;,&quot;service&quot;:&quot;stockly-api-test&quot;,&quot;level&quot;:&quot;INFO&quot;,&quot;traceId&quot;:&quot;test-trace-id&quot;,&quot;userId&quot;:null,&quot;path&quot;:&quot;/test&quot;,&quot;message&quot;:&quot;Created alert successfully&quot;,&quot;type&quot;:&quot;general&quot;,&quot;alertId&quot;:&quot;2&quot;,&quot;username&quot;:&quot;testuser&quot;,&quot;alertUsername&quot;:&quot;testuser&quot;,&quot;isAdmin&quot;:false}

            </system-out>
        </testcase>
        <testcase classname="test/alerts-handler.spec.ts" name="alerts handler &gt; returns 404 when an alert is missing" time="0.073">
            <system-out>
{&quot;timestamp&quot;:&quot;2025-12-14T20:04:25.575Z&quot;,&quot;service&quot;:&quot;stockly-api-test&quot;,&quot;level&quot;:&quot;INFO&quot;,&quot;traceId&quot;:&quot;test-trace-id&quot;,&quot;userId&quot;:null,&quot;path&quot;:&quot;/test&quot;,&quot;message&quot;:&quot;Alerts request authenticated&quot;,&quot;type&quot;:&quot;general&quot;,&quot;username&quot;:&quot;testuser&quot;,&quot;isAdmin&quot;:false,&quot;requestUsername&quot;:&quot;testuser&quot;,&quot;method&quot;:&quot;GET&quot;}

            </system-out>
        </testcase>
        <testcase classname="test/alerts-handler.spec.ts" name="alerts handler &gt; updates alerts via PUT" time="0.046">
            <system-out>
{&quot;timestamp&quot;:&quot;2025-12-14T20:04:25.648Z&quot;,&quot;service&quot;:&quot;stockly-api-test&quot;,&quot;level&quot;:&quot;INFO&quot;,&quot;traceId&quot;:&quot;test-trace-id&quot;,&quot;userId&quot;:null,&quot;path&quot;:&quot;/test&quot;,&quot;message&quot;:&quot;Alerts request authenticated&quot;,&quot;type&quot;:&quot;general&quot;,&quot;username&quot;:&quot;testuser&quot;,&quot;isAdmin&quot;:false,&quot;requestUsername&quot;:&quot;testuser&quot;,&quot;method&quot;:&quot;PUT&quot;}

{&quot;timestamp&quot;:&quot;2025-12-14T20:04:25.648Z&quot;,&quot;service&quot;:&quot;stockly-api-test&quot;,&quot;level&quot;:&quot;INFO&quot;,&quot;traceId&quot;:&quot;test-trace-id&quot;,&quot;userId&quot;:null,&quot;path&quot;:&quot;/test&quot;,&quot;message&quot;:&quot;Updated alert&quot;,&quot;type&quot;:&quot;general&quot;,&quot;alertId&quot;:&quot;3&quot;,&quot;username&quot;:&quot;testuser&quot;}

            </system-out>
        </testcase>
        <testcase classname="test/alerts-handler.spec.ts" name="alerts handler &gt; deletes alerts and clears KV state" time="0.05">
            <system-out>
{&quot;timestamp&quot;:&quot;2025-12-14T20:04:25.701Z&quot;,&quot;service&quot;:&quot;stockly-api-test&quot;,&quot;level&quot;:&quot;INFO&quot;,&quot;traceId&quot;:&quot;test-trace-id&quot;,&quot;userId&quot;:null,&quot;path&quot;:&quot;/test&quot;,&quot;message&quot;:&quot;Alerts request authenticated&quot;,&quot;type&quot;:&quot;general&quot;,&quot;username&quot;:&quot;testuser&quot;,&quot;isAdmin&quot;:false,&quot;requestUsername&quot;:&quot;testuser&quot;,&quot;method&quot;:&quot;DELETE&quot;}

{&quot;timestamp&quot;:&quot;2025-12-14T20:04:25.702Z&quot;,&quot;service&quot;:&quot;stockly-api-test&quot;,&quot;level&quot;:&quot;INFO&quot;,&quot;traceId&quot;:&quot;test-trace-id&quot;,&quot;userId&quot;:null,&quot;path&quot;:&quot;/test&quot;,&quot;message&quot;:&quot;Deleted alert&quot;,&quot;type&quot;:&quot;general&quot;,&quot;alertId&quot;:&quot;123&quot;,&quot;username&quot;:&quot;testuser&quot;}

            </system-out>
        </testcase>
    </testsuite>
    <testsuite name="test/alerts-storage.spec.ts" timestamp="2025-12-14T20:04:38.177Z" hostname="sngvahmed" tests="7" failures="0" errors="0" skipped="0" time="0.324">
        <testcase classname="test/alerts-storage.spec.ts" name="alerts storage queries &gt; lists alerts" time="0.026">
        </testcase>
        <testcase classname="test/alerts-storage.spec.ts" name="alerts storage queries &gt; creates and returns an alert" time="0.028">
            <system-out>
Creating alert with username: testuser, symbol: AAPL

Alert created successfully: id=generated-id, username=testuser, symbol=AAPL

            </system-out>
        </testcase>
        <testcase classname="test/alerts-storage.spec.ts" name="alerts storage queries &gt; updates alerts with provided fields" time="0.026">
        </testcase>
        <testcase classname="test/alerts-storage.spec.ts" name="alerts storage queries &gt; deletes alerts" time="0.061">
        </testcase>
        <testcase classname="test/alerts-storage.spec.ts" name="alerts storage queries &gt; lists active alerts" time="0.028">
        </testcase>
        <testcase classname="test/alerts-storage.spec.ts" name="alerts state KV &gt; reads and writes state snapshots" time="0.025">
            <system-out>
[KV Cache] Queued state update for alert 1 (1 pending writes)

            </system-out>
        </testcase>
        <testcase classname="test/alerts-storage.spec.ts" name="alerts state KV &gt; deletes state" time="0.028">
            <system-out>
[KV Cache] Queued state update for alert 1 (1 pending writes)

            </system-out>
        </testcase>
    </testsuite>
    <testsuite name="test/alerts-validation.spec.ts" timestamp="2025-12-14T20:04:38.179Z" hostname="sngvahmed" tests="4" failures="0" errors="0" skipped="0" time="0.222">
        <testcase classname="test/alerts-validation.spec.ts" name="alert validation &gt; validates creation payloads" time="0.036">
        </testcase>
        <testcase classname="test/alerts-validation.spec.ts" name="alert validation &gt; rejects invalid creation payloads" time="0.031">
        </testcase>
        <testcase classname="test/alerts-validation.spec.ts" name="alert validation &gt; validates updates" time="0.063">
        </testcase>
        <testcase classname="test/alerts-validation.spec.ts" name="alert validation &gt; requires at least one field on update" time="0.03">
        </testcase>
    </testsuite>
    <testsuite name="test/api-comprehensive.spec.ts" timestamp="2025-12-14T20:04:38.179Z" hostname="sngvahmed" tests="35" failures="0" errors="0" skipped="0" time="1.454">
        <testcase classname="test/api-comprehensive.spec.ts" name="API - Health Check &gt; GET /v1/api/health returns OK status" time="0.012">
        </testcase>
        <testcase classname="test/api-comprehensive.spec.ts" name="API - Get Single Stock &gt; GET /v1/api/get-stock returns stock data with all required fields" time="0.795">
            <system-out>
{&quot;timestamp&quot;:&quot;2025-12-14T20:04:26.156Z&quot;,&quot;service&quot;:&quot;stockly-api-test&quot;,&quot;level&quot;:&quot;INFO&quot;,&quot;traceId&quot;:&quot;test-trace-id&quot;,&quot;userId&quot;:null,&quot;path&quot;:&quot;/test&quot;,&quot;message&quot;:&quot;No cache for AAPL&quot;,&quot;type&quot;:&quot;general&quot;,&quot;cacheStatus&quot;:&quot;MISS&quot;}

{&quot;timestamp&quot;:&quot;2025-12-14T20:04:26.157Z&quot;,&quot;service&quot;:&quot;stockly-api-test&quot;,&quot;level&quot;:&quot;DEBUG&quot;,&quot;traceId&quot;:&quot;test-trace-id&quot;,&quot;userId&quot;:null,&quot;path&quot;:&quot;/test&quot;,&quot;message&quot;:&quot;FMP API: GET /quote&quot;,&quot;type&quot;:&quot;api_call&quot;,&quot;apiProvider&quot;:&quot;FMP&quot;,&quot;endpoint&quot;:&quot;/quote&quot;,&quot;method&quot;:&quot;GET&quot;,&quot;latencyMs&quot;:0}

{&quot;timestamp&quot;:&quot;2025-12-14T20:04:26.157Z&quot;,&quot;service&quot;:&quot;stockly-api-test&quot;,&quot;level&quot;:&quot;DEBUG&quot;,&quot;traceId&quot;:&quot;test-trace-id&quot;,&quot;userId&quot;:null,&quot;path&quot;:&quot;/test&quot;,&quot;message&quot;:&quot;FMP API: GET /profile&quot;,&quot;type&quot;:&quot;api_call&quot;,&quot;apiProvider&quot;:&quot;FMP&quot;,&quot;endpoint&quot;:&quot;/profile&quot;,&quot;method&quot;:&quot;GET&quot;,&quot;statusCode&quot;:404,&quot;latencyMs&quot;:0}

{&quot;timestamp&quot;:&quot;2025-12-14T20:04:26.511Z&quot;,&quot;service&quot;:&quot;stockly-api-test&quot;,&quot;level&quot;:&quot;DEBUG&quot;,&quot;traceId&quot;:&quot;test-trace-id&quot;,&quot;userId&quot;:null,&quot;path&quot;:&quot;/test&quot;,&quot;message&quot;:&quot;FMP API: GET /profile&quot;,&quot;type&quot;:&quot;api_call&quot;,&quot;apiProvider&quot;:&quot;FMP&quot;,&quot;endpoint&quot;:&quot;/profile&quot;,&quot;method&quot;:&quot;GET&quot;,&quot;statusCode&quot;:404,&quot;latencyMs&quot;:353}

{&quot;timestamp&quot;:&quot;2025-12-14T20:04:26.852Z&quot;,&quot;service&quot;:&quot;stockly-api-test&quot;,&quot;level&quot;:&quot;DEBUG&quot;,&quot;traceId&quot;:&quot;test-trace-id&quot;,&quot;userId&quot;:null,&quot;path&quot;:&quot;/test&quot;,&quot;message&quot;:&quot;FMP API: GET /profile&quot;,&quot;type&quot;:&quot;api_call&quot;,&quot;apiProvider&quot;:&quot;FMP&quot;,&quot;endpoint&quot;:&quot;/profile&quot;,&quot;method&quot;:&quot;GET&quot;,&quot;statusCode&quot;:404,&quot;latencyMs&quot;:340}

{&quot;timestamp&quot;:&quot;2025-12-14T20:04:26.945Z&quot;,&quot;service&quot;:&quot;stockly-api-test&quot;,&quot;level&quot;:&quot;DEBUG&quot;,&quot;traceId&quot;:&quot;test-trace-id&quot;,&quot;userId&quot;:null,&quot;path&quot;:&quot;/test&quot;,&quot;message&quot;:&quot;FMP API: GET /profile&quot;,&quot;type&quot;:&quot;api_call&quot;,&quot;apiProvider&quot;:&quot;FMP&quot;,&quot;endpoint&quot;:&quot;/profile&quot;,&quot;method&quot;:&quot;GET&quot;,&quot;statusCode&quot;:403,&quot;latencyMs&quot;:93}

{&quot;timestamp&quot;:&quot;2025-12-14T20:04:26.946Z&quot;,&quot;service&quot;:&quot;stockly-api-test&quot;,&quot;level&quot;:&quot;DEBUG&quot;,&quot;traceId&quot;:&quot;test-trace-id&quot;,&quot;userId&quot;:null,&quot;path&quot;:&quot;/test&quot;,&quot;message&quot;:&quot;Final description resolved&quot;,&quot;type&quot;:&quot;general&quot;,&quot;hasDescription&quot;:true,&quot;descriptionLength&quot;:38,&quot;source&quot;:&quot;quote&quot;}

            </system-out>
            <system-err>
{&quot;timestamp&quot;:&quot;2025-12-14T20:04:26.158Z&quot;,&quot;service&quot;:&quot;stockly-api-test&quot;,&quot;level&quot;:&quot;WARN&quot;,&quot;traceId&quot;:&quot;test-trace-id&quot;,&quot;userId&quot;:null,&quot;path&quot;:&quot;/test&quot;,&quot;message&quot;:&quot;Failed to fetch profile&quot;,&quot;type&quot;:&quot;general&quot;,&quot;endpoint&quot;:&quot;https://financialmodelingprep.com/stable/profile?symbol=AAPL&amp;apikey=z5xjUUlsab7zBKntL5QnMzWyPuq2iWsM&quot;,&quot;error&quot;:&quot;profileRes.text is not a function&quot;}

{&quot;timestamp&quot;:&quot;2025-12-14T20:04:26.512Z&quot;,&quot;service&quot;:&quot;stockly-api-test&quot;,&quot;level&quot;:&quot;WARN&quot;,&quot;traceId&quot;:&quot;test-trace-id&quot;,&quot;userId&quot;:null,&quot;path&quot;:&quot;/test&quot;,&quot;message&quot;:&quot;Profile API returned non-ok status&quot;,&quot;type&quot;:&quot;general&quot;,&quot;endpoint&quot;:&quot;https://financialmodelingprep.com/stable/profile/AAPL?apikey=z5xjUUlsab7zBKntL5QnMzWyPuq2iWsM&quot;,&quot;statusCode&quot;:404,&quot;errorText&quot;:&quot;[]&quot;}

{&quot;timestamp&quot;:&quot;2025-12-14T20:04:26.852Z&quot;,&quot;service&quot;:&quot;stockly-api-test&quot;,&quot;level&quot;:&quot;WARN&quot;,&quot;traceId&quot;:&quot;test-trace-id&quot;,&quot;userId&quot;:null,&quot;path&quot;:&quot;/test&quot;,&quot;message&quot;:&quot;Profile API returned non-ok status&quot;,&quot;type&quot;:&quot;general&quot;,&quot;endpoint&quot;:&quot;https://financialmodelingprep.com/stable/company/profile/AAPL?apikey=z5xjUUlsab7zBKntL5QnMzWyPuq2iWsM&quot;,&quot;statusCode&quot;:404,&quot;errorText&quot;:&quot;[]&quot;}

{&quot;timestamp&quot;:&quot;2025-12-14T20:04:26.946Z&quot;,&quot;service&quot;:&quot;stockly-api-test&quot;,&quot;level&quot;:&quot;WARN&quot;,&quot;traceId&quot;:&quot;test-trace-id&quot;,&quot;userId&quot;:null,&quot;path&quot;:&quot;/test&quot;,&quot;message&quot;:&quot;Profile API returned non-ok status&quot;,&quot;type&quot;:&quot;general&quot;,&quot;endpoint&quot;:&quot;https://financialmodelingprep.com/api/v3/profile/AAPL?apikey=z5xjUUlsab7zBKntL5QnMzWyPuq2iWsM&quot;,&quot;statusCode&quot;:403,&quot;errorText&quot;:&quot;{\n  \&quot;Error Message\&quot;: \&quot;Legacy Endpoint : Due to Legacy endpoints being no longer supported - This endpoint is only available for legacy users who have valid subscriptions prior August 31, 2025. Please &quot;}

            </system-err>
        </testcase>
        <testcase classname="test/api-comprehensive.spec.ts" name="API - Get Single Stock &gt; GET /v1/api/get-stock returns 400 when symbol is missing" time="0.004">
        </testcase>
        <testcase classname="test/api-comprehensive.spec.ts" name="API - Get Multiple Stocks &gt; GET /v1/api/get-stocks returns array of stocks with all fields" time="0.003">
        </testcase>
        <testcase classname="test/api-comprehensive.spec.ts" name="API - Get Multiple Stocks &gt; GET /v1/api/get-stocks returns 400 when symbols parameter is missing" time="0.002">
        </testcase>
        <testcase classname="test/api-comprehensive.spec.ts" name="API - Search Stocks &gt; GET /v1/api/search-stock returns matching stocks" time="0.003">
        </testcase>
        <testcase classname="test/api-comprehensive.spec.ts" name="API - Search Stocks &gt; GET /v1/api/search-stock returns empty array when query is missing" time="0.003">
        </testcase>
        <testcase classname="test/api-comprehensive.spec.ts" name="API - Get Historical &gt; GET /v1/api/get-historical returns historical data" time="0.507">
            <system-out>
[getHistoricalPricesByDateRange] Querying database for AAPL from 2025-06-17 to 2025-12-14

[getHistoricalPricesByDateRange] Found 2 records for AAPL in date range 2025-06-17 to 2025-12-14

[get-historical] Query result for AAPL (2025-06-17 to 2025-12-14): 2 records found in database
{&quot;timestamp&quot;:&quot;2025-12-14T20:04:26.970Z&quot;,&quot;service&quot;:&quot;stockly-api-test&quot;,&quot;level&quot;:&quot;INFO&quot;,&quot;traceId&quot;:&quot;test-trace-id&quot;,&quot;userId&quot;:null,&quot;path&quot;:&quot;/test&quot;,&quot;message&quot;:&quot;No historical data in database for AAPL&quot;,&quot;type&quot;:&quot;general&quot;,&quot;dateRange&quot;:&quot;2025-06-17 to 2025-12-14&quot;,&quot;action&quot;:&quot;fetching from FMP API&quot;}
[fetchAndSaveHistoricalPrice] Starting fetch for AAPL from FMP API
[fetchAndSaveHistoricalPrice] Fetching from: https://financialmodelingprep.com/stable/historical-chart/30min?symbol=AAPL&amp;apikey=***&amp;from=2025-06-17&amp;to=2025-12-14

[fetchAndSaveHistoricalPrice] Received 2 1-hour OHLC records from FMP API
[fetchAndSaveHistoricalPrice] FMP API returned 2 records for AAPL
[fetchAndSaveHistoricalPrice] Sample record structure: {
  date: undefined,
  hasOpen: false,
  hasHigh: false,
  hasLow: false,
  hasClose: false,
  hasPrice: false,
  keys: [ &apos;symbol&apos;, &apos;name&apos;, &apos;currency&apos;, &apos;stockExchange&apos; ]
}
Saved 0 daily candles (aggregated from 2 1-hour records) for AAPL with OHLC data

[getHistoricalPricesByDateRange] Querying database for AAPL from 2025-06-17 to 2025-12-14

[getHistoricalPricesByDateRange] Found 2 records for AAPL in date range 2025-06-17 to 2025-12-14

{&quot;timestamp&quot;:&quot;2025-12-14T20:04:27.474Z&quot;,&quot;service&quot;:&quot;stockly-api-test&quot;,&quot;level&quot;:&quot;DEBUG&quot;,&quot;traceId&quot;:&quot;test-trace-id&quot;,&quot;userId&quot;:null,&quot;path&quot;:&quot;/test&quot;,&quot;message&quot;:&quot;After FMP fetch, query result for AAPL&quot;,&quot;type&quot;:&quot;general&quot;,&quot;dateRange&quot;:&quot;2025-06-17 to 2025-12-14&quot;,&quot;recordCount&quot;:2}
[get-historical] Successfully fetched 2 historical records for AAPL from FMP API

            </system-out>
            <system-err>
{&quot;timestamp&quot;:&quot;2025-12-14T20:04:26.970Z&quot;,&quot;service&quot;:&quot;stockly-api-test&quot;,&quot;level&quot;:&quot;WARN&quot;,&quot;traceId&quot;:&quot;test-trace-id&quot;,&quot;userId&quot;:null,&quot;path&quot;:&quot;/test&quot;,&quot;message&quot;:&quot;Found 2 records with missing OHLC data&quot;,&quot;type&quot;:&quot;general&quot;,&quot;symbol&quot;:&quot;AAPL&quot;,&quot;recordsWithMissingOHLC&quot;:2,&quot;totalRecords&quot;:2}

[fetchAndSaveHistoricalPrice] Failed to parse date from timestamp undefined, skipping record
[fetchAndSaveHistoricalPrice] Failed to parse date from timestamp undefined, skipping record

            </system-err>
        </testcase>
        <testcase classname="test/api-comprehensive.spec.ts" name="API - Get Historical &gt; GET /v1/api/get-historical returns 400 when symbol is missing" time="0.004">
        </testcase>
        <testcase classname="test/api-comprehensive.spec.ts" name="API - Alerts &gt; GET /v1/api/alerts lists all alerts" time="0.005">
            <system-out>
{&quot;timestamp&quot;:&quot;2025-12-14T20:04:27.485Z&quot;,&quot;service&quot;:&quot;stockly-api-test&quot;,&quot;level&quot;:&quot;INFO&quot;,&quot;traceId&quot;:&quot;test-trace-id&quot;,&quot;userId&quot;:null,&quot;path&quot;:&quot;/test&quot;,&quot;message&quot;:&quot;Alerts request authenticated&quot;,&quot;type&quot;:&quot;general&quot;,&quot;username&quot;:&quot;testuser&quot;,&quot;isAdmin&quot;:false,&quot;requestUsername&quot;:&quot;testuser&quot;,&quot;method&quot;:&quot;GET&quot;}

{&quot;timestamp&quot;:&quot;2025-12-14T20:04:27.485Z&quot;,&quot;service&quot;:&quot;stockly-api-test&quot;,&quot;level&quot;:&quot;INFO&quot;,&quot;traceId&quot;:&quot;test-trace-id&quot;,&quot;userId&quot;:null,&quot;path&quot;:&quot;/test&quot;,&quot;message&quot;:&quot;Fetched alerts from D1&quot;,&quot;type&quot;:&quot;general&quot;,&quot;username&quot;:&quot;testuser&quot;,&quot;alertCount&quot;:1,&quot;alertIds&quot;:[&quot;alert-123&quot;]}

            </system-out>
        </testcase>
        <testcase classname="test/api-comprehensive.spec.ts" name="API - Alerts &gt; POST /v1/api/alerts creates a new alert" time="0.006">
            <system-out>
{&quot;timestamp&quot;:&quot;2025-12-14T20:04:27.490Z&quot;,&quot;service&quot;:&quot;stockly-api-test&quot;,&quot;level&quot;:&quot;INFO&quot;,&quot;traceId&quot;:&quot;test-trace-id&quot;,&quot;userId&quot;:null,&quot;path&quot;:&quot;/test&quot;,&quot;message&quot;:&quot;Alerts request authenticated&quot;,&quot;type&quot;:&quot;general&quot;,&quot;username&quot;:&quot;testuser&quot;,&quot;isAdmin&quot;:false,&quot;requestUsername&quot;:&quot;testuser&quot;,&quot;method&quot;:&quot;POST&quot;}

{&quot;timestamp&quot;:&quot;2025-12-14T20:04:27.491Z&quot;,&quot;service&quot;:&quot;stockly-api-test&quot;,&quot;level&quot;:&quot;INFO&quot;,&quot;traceId&quot;:&quot;test-trace-id&quot;,&quot;userId&quot;:null,&quot;path&quot;:&quot;/test&quot;,&quot;message&quot;:&quot;Creating alert&quot;,&quot;type&quot;:&quot;general&quot;,&quot;username&quot;:&quot;testuser&quot;,&quot;symbol&quot;:&quot;AAPL&quot;,&quot;direction&quot;:&quot;above&quot;,&quot;threshold&quot;:200}

{&quot;timestamp&quot;:&quot;2025-12-14T20:04:27.491Z&quot;,&quot;service&quot;:&quot;stockly-api-test&quot;,&quot;level&quot;:&quot;INFO&quot;,&quot;traceId&quot;:&quot;test-trace-id&quot;,&quot;userId&quot;:null,&quot;path&quot;:&quot;/test&quot;,&quot;message&quot;:&quot;Created alert successfully&quot;,&quot;type&quot;:&quot;general&quot;,&quot;alertId&quot;:&quot;alert-123&quot;,&quot;username&quot;:&quot;testuser&quot;,&quot;alertUsername&quot;:&quot;testuser&quot;,&quot;isAdmin&quot;:false}

            </system-out>
        </testcase>
        <testcase classname="test/api-comprehensive.spec.ts" name="API - Alerts &gt; GET /v1/api/alerts/:id gets a specific alert" time="0.003">
            <system-out>
{&quot;timestamp&quot;:&quot;2025-12-14T20:04:27.495Z&quot;,&quot;service&quot;:&quot;stockly-api-test&quot;,&quot;level&quot;:&quot;INFO&quot;,&quot;traceId&quot;:&quot;test-trace-id&quot;,&quot;userId&quot;:null,&quot;path&quot;:&quot;/test&quot;,&quot;message&quot;:&quot;Alerts request authenticated&quot;,&quot;type&quot;:&quot;general&quot;,&quot;username&quot;:&quot;testuser&quot;,&quot;isAdmin&quot;:false,&quot;requestUsername&quot;:&quot;testuser&quot;,&quot;method&quot;:&quot;GET&quot;}

            </system-out>
        </testcase>
        <testcase classname="test/api-comprehensive.spec.ts" name="API - Alerts &gt; PUT /v1/api/alerts/:id updates an alert" time="0.003">
            <system-out>
{&quot;timestamp&quot;:&quot;2025-12-14T20:04:27.499Z&quot;,&quot;service&quot;:&quot;stockly-api-test&quot;,&quot;level&quot;:&quot;INFO&quot;,&quot;traceId&quot;:&quot;test-trace-id&quot;,&quot;userId&quot;:null,&quot;path&quot;:&quot;/test&quot;,&quot;message&quot;:&quot;Alerts request authenticated&quot;,&quot;type&quot;:&quot;general&quot;,&quot;username&quot;:&quot;testuser&quot;,&quot;isAdmin&quot;:false,&quot;requestUsername&quot;:&quot;testuser&quot;,&quot;method&quot;:&quot;PUT&quot;}

{&quot;timestamp&quot;:&quot;2025-12-14T20:04:27.499Z&quot;,&quot;service&quot;:&quot;stockly-api-test&quot;,&quot;level&quot;:&quot;INFO&quot;,&quot;traceId&quot;:&quot;test-trace-id&quot;,&quot;userId&quot;:null,&quot;path&quot;:&quot;/test&quot;,&quot;message&quot;:&quot;Updated alert&quot;,&quot;type&quot;:&quot;general&quot;,&quot;alertId&quot;:&quot;alert-123&quot;,&quot;username&quot;:&quot;testuser&quot;}

            </system-out>
        </testcase>
        <testcase classname="test/api-comprehensive.spec.ts" name="API - Alerts &gt; DELETE /v1/api/alerts/:id deletes an alert" time="0.002">
            <system-out>
{&quot;timestamp&quot;:&quot;2025-12-14T20:04:27.502Z&quot;,&quot;service&quot;:&quot;stockly-api-test&quot;,&quot;level&quot;:&quot;INFO&quot;,&quot;traceId&quot;:&quot;test-trace-id&quot;,&quot;userId&quot;:null,&quot;path&quot;:&quot;/test&quot;,&quot;message&quot;:&quot;Alerts request authenticated&quot;,&quot;type&quot;:&quot;general&quot;,&quot;username&quot;:&quot;testuser&quot;,&quot;isAdmin&quot;:false,&quot;requestUsername&quot;:&quot;testuser&quot;,&quot;method&quot;:&quot;DELETE&quot;}

{&quot;timestamp&quot;:&quot;2025-12-14T20:04:27.502Z&quot;,&quot;service&quot;:&quot;stockly-api-test&quot;,&quot;level&quot;:&quot;INFO&quot;,&quot;traceId&quot;:&quot;test-trace-id&quot;,&quot;userId&quot;:null,&quot;path&quot;:&quot;/test&quot;,&quot;message&quot;:&quot;Deleted alert&quot;,&quot;type&quot;:&quot;general&quot;,&quot;alertId&quot;:&quot;alert-123&quot;,&quot;username&quot;:&quot;testuser&quot;}

            </system-out>
        </testcase>
        <testcase classname="test/api-comprehensive.spec.ts" name="API - Push Token &gt; POST /v1/api/push-token registers a new push token" time="0.004">
            <system-out>
✅ FCM token validation passed: length=30, format valid

{&quot;timestamp&quot;:&quot;2025-12-14T20:04:27.507Z&quot;,&quot;service&quot;:&quot;stockly-api-test&quot;,&quot;level&quot;:&quot;INFO&quot;,&quot;traceId&quot;:&quot;test-trace-id&quot;,&quot;userId&quot;:&quot;user-123&quot;,&quot;path&quot;:&quot;/test&quot;,&quot;message&quot;:&quot;Registering new push token&quot;,&quot;type&quot;:&quot;general&quot;,&quot;username&quot;:&quot;testuser&quot;,&quot;deviceType&quot;:&quot;ios&quot;,&quot;tokenPreview&quot;:&quot;fcm-token-1234567890...&quot;}

{&quot;timestamp&quot;:&quot;2025-12-14T20:04:27.507Z&quot;,&quot;service&quot;:&quot;stockly-api-test&quot;,&quot;level&quot;:&quot;INFO&quot;,&quot;traceId&quot;:&quot;test-trace-id&quot;,&quot;userId&quot;:&quot;user-123&quot;,&quot;path&quot;:&quot;/test&quot;,&quot;message&quot;:&quot;Push token registered successfully&quot;,&quot;type&quot;:&quot;general&quot;,&quot;username&quot;:&quot;testuser&quot;,&quot;deviceType&quot;:&quot;ios&quot;,&quot;deviceId&quot;:&quot;fcm-token-1234567890...&quot;}

            </system-out>
        </testcase>
        <testcase classname="test/api-comprehensive.spec.ts" name="API - Push Token &gt; POST /v1/api/push-token updates existing push token" time="0.003">
            <system-out>
✅ FCM token validation passed: length=30, format valid

{&quot;timestamp&quot;:&quot;2025-12-14T20:04:27.511Z&quot;,&quot;service&quot;:&quot;stockly-api-test&quot;,&quot;level&quot;:&quot;INFO&quot;,&quot;traceId&quot;:&quot;test-trace-id&quot;,&quot;userId&quot;:&quot;user-123&quot;,&quot;path&quot;:&quot;/test&quot;,&quot;message&quot;:&quot;Updating existing push token&quot;,&quot;type&quot;:&quot;general&quot;,&quot;username&quot;:&quot;testuser&quot;,&quot;deviceType&quot;:&quot;ios&quot;}

{&quot;timestamp&quot;:&quot;2025-12-14T20:04:27.511Z&quot;,&quot;service&quot;:&quot;stockly-api-test&quot;,&quot;level&quot;:&quot;INFO&quot;,&quot;traceId&quot;:&quot;test-trace-id&quot;,&quot;userId&quot;:&quot;user-123&quot;,&quot;path&quot;:&quot;/test&quot;,&quot;message&quot;:&quot;Push token updated successfully&quot;,&quot;type&quot;:&quot;general&quot;,&quot;username&quot;:&quot;testuser&quot;,&quot;deviceType&quot;:&quot;ios&quot;}

            </system-out>
        </testcase>
        <testcase classname="test/api-comprehensive.spec.ts" name="API - Push Token &gt; POST /v1/api/push-token returns 400 for invalid token format" time="0.004">
        </testcase>
        <testcase classname="test/api-comprehensive.spec.ts" name="API - Push Token &gt; GET /v1/api/push-token gets a user&apos;s push token" time="0.002">
        </testcase>
        <testcase classname="test/api-comprehensive.spec.ts" name="API - Push Token &gt; GET /v1/api/push-token returns 404 when token not found" time="0.003">
        </testcase>
        <testcase classname="test/api-comprehensive.spec.ts" name="API - Preferences &gt; GET /v1/api/preferences gets user preferences" time="0.002">
        </testcase>
        <testcase classname="test/api-comprehensive.spec.ts" name="API - Preferences &gt; GET /v1/api/preferences returns default preferences when not found" time="0.003">
        </testcase>
        <testcase classname="test/api-comprehensive.spec.ts" name="API - Preferences &gt; PUT /v1/api/preferences updates user preferences" time="0.003">
        </testcase>
        <testcase classname="test/api-comprehensive.spec.ts" name="API - Settings &gt; GET /v1/api/settings gets user settings" time="0.003">
        </testcase>
        <testcase classname="test/api-comprehensive.spec.ts" name="API - Settings &gt; GET /v1/api/settings returns default settings when not found" time="0.002">
        </testcase>
        <testcase classname="test/api-comprehensive.spec.ts" name="API - Settings &gt; PUT /v1/api/settings updates user settings" time="0.003">
        </testcase>
        <testcase classname="test/api-comprehensive.spec.ts" name="API - Notifications &gt; GET /v1/api/notifications/recent returns recent notifications" time="0.002">
        </testcase>
        <testcase classname="test/api-comprehensive.spec.ts" name="API - Notifications &gt; GET /v1/api/notifications/failed returns failed notifications" time="0.003">
        </testcase>
        <testcase classname="test/api-comprehensive.spec.ts" name="API - Notifications &gt; POST /v1/api/notifications/retry/:logId retries a failed notification" time="0.003">
        </testcase>
        <testcase classname="test/api-comprehensive.spec.ts" name="API - Devices &gt; GET /v1/api/devices returns all devices" time="0.004">
            <system-err>
{&quot;timestamp&quot;:&quot;2025-12-14T20:04:27.557Z&quot;,&quot;service&quot;:&quot;stockly-api-test&quot;,&quot;level&quot;:&quot;WARN&quot;,&quot;traceId&quot;:&quot;test-trace-id&quot;,&quot;userId&quot;:null,&quot;path&quot;:&quot;/test&quot;,&quot;message&quot;:&quot;Found devices with null username&quot;,&quot;type&quot;:&quot;general&quot;,&quot;count&quot;:1,&quot;deviceIds&quot;:[&quot;fcm-token-123...&quot;]}

            </system-err>
        </testcase>
        <testcase classname="test/api-comprehensive.spec.ts" name="API - Devices &gt; DELETE /v1/api/devices deletes a device" time="0.003">
            <system-out>
{&quot;timestamp&quot;:&quot;2025-12-14T20:04:27.561Z&quot;,&quot;service&quot;:&quot;stockly-api-test&quot;,&quot;level&quot;:&quot;INFO&quot;,&quot;traceId&quot;:&quot;test-trace-id&quot;,&quot;userId&quot;:null,&quot;path&quot;:&quot;/test&quot;,&quot;message&quot;:&quot;Device deleted successfully&quot;,&quot;type&quot;:&quot;general&quot;,&quot;deletedPushToken&quot;:&quot;fcm-token-1234567890...&quot;,&quot;deletedUserId&quot;:&quot;user-123&quot;,&quot;deletedBy&quot;:&quot;testuser&quot;,&quot;isAdmin&quot;:true}

            </system-out>
        </testcase>
        <testcase classname="test/api-comprehensive.spec.ts" name="API - Admin Config &gt; GET /config/get returns admin configuration" time="0.002">
        </testcase>
        <testcase classname="test/api-comprehensive.spec.ts" name="API - Admin Config &gt; POST /config/update updates admin configuration" time="0.003">
        </testcase>
        <testcase classname="test/api-comprehensive.spec.ts" name="API - Admin Config &gt; POST /v1/api/simulate-provider-failure enables simulation mode" time="0.002">
        </testcase>
        <testcase classname="test/api-comprehensive.spec.ts" name="API - Admin Config &gt; POST /v1/api/disable-provider-failure disables simulation mode" time="0.002">
        </testcase>
        <testcase classname="test/api-comprehensive.spec.ts" name="API - OpenAPI &gt; GET /openapi.json returns OpenAPI specification" time="0.003">
        </testcase>
    </testsuite>
    <testsuite name="test/api-integration.spec.ts" timestamp="2025-12-14T20:04:38.184Z" hostname="sngvahmed" tests="17" failures="0" errors="0" skipped="0" time="1.396">
        <testcase classname="test/api-integration.spec.ts" name="API Integration - Health Check &gt; health endpoint returns OK status" time="0.029">
        </testcase>
        <testcase classname="test/api-integration.spec.ts" name="API Integration - Get Stock &gt; successfully fetches and returns stock data with all required fields" time="0.023">
            <system-out>
{&quot;timestamp&quot;:&quot;2025-12-14T20:04:26.014Z&quot;,&quot;service&quot;:&quot;stockly-api-test&quot;,&quot;level&quot;:&quot;INFO&quot;,&quot;traceId&quot;:&quot;test-trace-id&quot;,&quot;userId&quot;:null,&quot;path&quot;:&quot;/test&quot;,&quot;message&quot;:&quot;No cache for AAPL&quot;,&quot;type&quot;:&quot;general&quot;,&quot;cacheStatus&quot;:&quot;MISS&quot;}

{&quot;timestamp&quot;:&quot;2025-12-14T20:04:26.015Z&quot;,&quot;service&quot;:&quot;stockly-api-test&quot;,&quot;level&quot;:&quot;DEBUG&quot;,&quot;traceId&quot;:&quot;test-trace-id&quot;,&quot;userId&quot;:null,&quot;path&quot;:&quot;/test&quot;,&quot;message&quot;:&quot;FMP API: GET /quote&quot;,&quot;type&quot;:&quot;api_call&quot;,&quot;apiProvider&quot;:&quot;FMP&quot;,&quot;endpoint&quot;:&quot;/quote&quot;,&quot;method&quot;:&quot;GET&quot;,&quot;latencyMs&quot;:0}

{&quot;timestamp&quot;:&quot;2025-12-14T20:04:26.015Z&quot;,&quot;service&quot;:&quot;stockly-api-test&quot;,&quot;level&quot;:&quot;DEBUG&quot;,&quot;traceId&quot;:&quot;test-trace-id&quot;,&quot;userId&quot;:null,&quot;path&quot;:&quot;/test&quot;,&quot;message&quot;:&quot;FMP API: GET /profile&quot;,&quot;type&quot;:&quot;api_call&quot;,&quot;apiProvider&quot;:&quot;FMP&quot;,&quot;endpoint&quot;:&quot;/profile&quot;,&quot;method&quot;:&quot;GET&quot;,&quot;latencyMs&quot;:0}

{&quot;timestamp&quot;:&quot;2025-12-14T20:04:26.016Z&quot;,&quot;service&quot;:&quot;stockly-api-test&quot;,&quot;level&quot;:&quot;DEBUG&quot;,&quot;traceId&quot;:&quot;test-trace-id&quot;,&quot;userId&quot;:null,&quot;path&quot;:&quot;/test&quot;,&quot;message&quot;:&quot;Profile API response&quot;,&quot;type&quot;:&quot;general&quot;,&quot;endpoint&quot;:&quot;https://financialmodelingprep.com/stable/profile?symbol=AAPL&amp;apikey=z5xjUUlsab7zBKntL5QnMzWyPuq2iWsM&quot;,&quot;responseType&quot;:&quot;array&quot;,&quot;responseLength&quot;:1}
{&quot;timestamp&quot;:&quot;2025-12-14T20:04:26.016Z&quot;,&quot;service&quot;:&quot;stockly-api-test&quot;,&quot;level&quot;:&quot;DEBUG&quot;,&quot;traceId&quot;:&quot;test-trace-id&quot;,&quot;userId&quot;:null,&quot;path&quot;:&quot;/test&quot;,&quot;message&quot;:&quot;Found description from profile&quot;,&quot;type&quot;:&quot;general&quot;,&quot;descriptionLength&quot;:38}
{&quot;timestamp&quot;:&quot;2025-12-14T20:04:26.016Z&quot;,&quot;service&quot;:&quot;stockly-api-test&quot;,&quot;level&quot;:&quot;DEBUG&quot;,&quot;traceId&quot;:&quot;test-trace-id&quot;,&quot;userId&quot;:null,&quot;path&quot;:&quot;/test&quot;,&quot;message&quot;:&quot;Final description resolved&quot;,&quot;type&quot;:&quot;general&quot;,&quot;hasDescription&quot;:true,&quot;descriptionLength&quot;:38,&quot;source&quot;:&quot;profile&quot;}

            </system-out>
        </testcase>
        <testcase classname="test/api-integration.spec.ts" name="API Integration - Get Stock &gt; returns error when symbol is missing" time="0.017">
        </testcase>
        <testcase classname="test/api-integration.spec.ts" name="API Integration - Get Stock &gt; uses cache when available" time="0.02">
            <system-out>
{&quot;timestamp&quot;:&quot;2025-12-14T20:04:26.057Z&quot;,&quot;service&quot;:&quot;stockly-api-test&quot;,&quot;level&quot;:&quot;INFO&quot;,&quot;traceId&quot;:&quot;test-trace-id&quot;,&quot;userId&quot;:null,&quot;path&quot;:&quot;/test&quot;,&quot;message&quot;:&quot;Cache hit for MSFT&quot;,&quot;type&quot;:&quot;general&quot;,&quot;ageSeconds&quot;:0,&quot;pollingIntervalSec&quot;:30,&quot;cacheStatus&quot;:&quot;HIT&quot;}

            </system-out>
        </testcase>
        <testcase classname="test/api-integration.spec.ts" name="API Integration - Get Stocks &gt; successfully fetches multiple stocks with all required fields" time="0.015">
        </testcase>
        <testcase classname="test/api-integration.spec.ts" name="API Integration - Get Stocks &gt; returns error when symbols parameter is missing" time="0.016">
        </testcase>
        <testcase classname="test/api-integration.spec.ts" name="API Integration - Get Stocks &gt; handles empty symbols list" time="0.01">
        </testcase>
        <testcase classname="test/api-integration.spec.ts" name="API Integration - Search Stock &gt; successfully searches and returns matching stocks" time="0.012">
        </testcase>
        <testcase classname="test/api-integration.spec.ts" name="API Integration - Search Stock &gt; returns empty array when query parameter is missing" time="0.007">
        </testcase>
        <testcase classname="test/api-integration.spec.ts" name="API Integration - Get Historical &gt; successfully fetches historical price data" time="1.159">
            <system-out>
[getHistoricalPricesByDateRange] Querying database for AAPL from 2025-06-17 to 2025-12-14

[getHistoricalPricesByDateRange] Found 3 records for AAPL in date range 2025-06-17 to 2025-12-14

[get-historical] Query result for AAPL (2025-06-17 to 2025-12-14): 3 records found in database
{&quot;timestamp&quot;:&quot;2025-12-14T20:04:26.161Z&quot;,&quot;service&quot;:&quot;stockly-api-test&quot;,&quot;level&quot;:&quot;INFO&quot;,&quot;traceId&quot;:&quot;test-trace-id&quot;,&quot;userId&quot;:null,&quot;path&quot;:&quot;/test&quot;,&quot;message&quot;:&quot;No historical data in database for AAPL&quot;,&quot;type&quot;:&quot;general&quot;,&quot;dateRange&quot;:&quot;2025-06-17 to 2025-12-14&quot;,&quot;action&quot;:&quot;fetching from FMP API&quot;}
[fetchAndSaveHistoricalPrice] Starting fetch for AAPL from FMP API
[fetchAndSaveHistoricalPrice] Fetching from: https://financialmodelingprep.com/stable/historical-chart/30min?symbol=AAPL&amp;apikey=***&amp;from=2025-06-17&amp;to=2025-12-14

[fetchAndSaveHistoricalPrice] Received 241 1-hour OHLC records from FMP API
[fetchAndSaveHistoricalPrice] FMP API returned 241 records for AAPL
[fetchAndSaveHistoricalPrice] Sample record structure: {
  date: &apos;2025-12-12 15:30:00&apos;,
  hasOpen: true,
  hasHigh: true,
  hasLow: true,
  hasClose: true,
  hasPrice: false,
  keys: [ &apos;date&apos;, &apos;open&apos;, &apos;low&apos;, &apos;high&apos;, &apos;close&apos;, &apos;volume&apos; ]
}
Saved 19 daily candles (aggregated from 241 1-hour records) for AAPL with OHLC data

[getHistoricalPricesByDateRange] Querying database for AAPL from 2025-06-17 to 2025-12-14

[getHistoricalPricesByDateRange] Found 3 records for AAPL in date range 2025-06-17 to 2025-12-14

{&quot;timestamp&quot;:&quot;2025-12-14T20:04:27.313Z&quot;,&quot;service&quot;:&quot;stockly-api-test&quot;,&quot;level&quot;:&quot;DEBUG&quot;,&quot;traceId&quot;:&quot;test-trace-id&quot;,&quot;userId&quot;:null,&quot;path&quot;:&quot;/test&quot;,&quot;message&quot;:&quot;After FMP fetch, query result for AAPL&quot;,&quot;type&quot;:&quot;general&quot;,&quot;dateRange&quot;:&quot;2025-06-17 to 2025-12-14&quot;,&quot;recordCount&quot;:3}
[get-historical] Successfully fetched 3 historical records for AAPL from FMP API

            </system-out>
            <system-err>
{&quot;timestamp&quot;:&quot;2025-12-14T20:04:26.161Z&quot;,&quot;service&quot;:&quot;stockly-api-test&quot;,&quot;level&quot;:&quot;WARN&quot;,&quot;traceId&quot;:&quot;test-trace-id&quot;,&quot;userId&quot;:null,&quot;path&quot;:&quot;/test&quot;,&quot;message&quot;:&quot;Found 3 records with missing OHLC data&quot;,&quot;type&quot;:&quot;general&quot;,&quot;symbol&quot;:&quot;AAPL&quot;,&quot;recordsWithMissingOHLC&quot;:3,&quot;totalRecords&quot;:3}

[fetchAndSaveHistoricalPrice] Insert with OHLC failed for AAPL on 2025-11-17, trying fallback without OHLC: env.stockly.prepare(...).bind(...).run is not a function
[fetchAndSaveHistoricalPrice] Failed to insert historical record for AAPL on 2025-11-17: env.stockly.prepare(...).bind(...).run is not a function
[fetchAndSaveHistoricalPrice] Insert with OHLC failed for AAPL on 2025-11-18, trying fallback without OHLC: env.stockly.prepare(...).bind(...).run is not a function
[fetchAndSaveHistoricalPrice] Failed to insert historical record for AAPL on 2025-11-18: env.stockly.prepare(...).bind(...).run is not a function
[fetchAndSaveHistoricalPrice] Insert with OHLC failed for AAPL on 2025-11-19, trying fallback without OHLC: env.stockly.prepare(...).bind(...).run is not a function
[fetchAndSaveHistoricalPrice] Failed to insert historical record for AAPL on 2025-11-19: env.stockly.prepare(...).bind(...).run is not a function
[fetchAndSaveHistoricalPrice] Insert with OHLC failed for AAPL on 2025-11-20, trying fallback without OHLC: env.stockly.prepare(...).bind(...).run is not a function
[fetchAndSaveHistoricalPrice] Failed to insert historical record for AAPL on 2025-11-20: env.stockly.prepare(...).bind(...).run is not a function
[fetchAndSaveHistoricalPrice] Insert with OHLC failed for AAPL on 2025-11-21, trying fallback without OHLC: env.stockly.prepare(...).bind(...).run is not a function
[fetchAndSaveHistoricalPrice] Failed to insert historical record for AAPL on 2025-11-21: env.stockly.prepare(...).bind(...).run is not a function
[fetchAndSaveHistoricalPrice] Insert with OHLC failed for AAPL on 2025-11-24, trying fallback without OHLC: env.stockly.prepare(...).bind(...).run is not a function
[fetchAndSaveHistoricalPrice] Failed to insert historical record for AAPL on 2025-11-24: env.stockly.prepare(...).bind(...).run is not a function
[fetchAndSaveHistoricalPrice] Insert with OHLC failed for AAPL on 2025-11-25, trying fallback without OHLC: env.stockly.prepare(...).bind(...).run is not a function
[fetchAndSaveHistoricalPrice] Failed to insert historical record for AAPL on 2025-11-25: env.stockly.prepare(...).bind(...).run is not a function
[fetchAndSaveHistoricalPrice] Insert with OHLC failed for AAPL on 2025-11-26, trying fallback without OHLC: env.stockly.prepare(...).bind(...).run is not a function
[fetchAndSaveHistoricalPrice] Failed to insert historical record for AAPL on 2025-11-26: env.stockly.prepare(...).bind(...).run is not a function
[fetchAndSaveHistoricalPrice] Insert with OHLC failed for AAPL on 2025-11-28, trying fallback without OHLC: env.stockly.prepare(...).bind(...).run is not a function
[fetchAndSaveHistoricalPrice] Failed to insert historical record for AAPL on 2025-11-28: env.stockly.prepare(...).bind(...).run is not a function
[fetchAndSaveHistoricalPrice] Insert with OHLC failed for AAPL on 2025-12-01, trying fallback without OHLC: env.stockly.prepare(...).bind(...).run is not a function
[fetchAndSaveHistoricalPrice] Failed to insert historical record for AAPL on 2025-12-01: env.stockly.prepare(...).bind(...).run is not a function
[fetchAndSaveHistoricalPrice] Insert with OHLC failed for AAPL on 2025-12-02, trying fallback without OHLC: env.stockly.prepare(...).bind(...).run is not a function
[fetchAndSaveHistoricalPrice] Failed to insert historical record for AAPL on 2025-12-02: env.stockly.prepare(...).bind(...).run is not a function
[fetchAndSaveHistoricalPrice] Insert with OHLC failed for AAPL on 2025-12-03, trying fallback without OHLC: env.stockly.prepare(...).bind(...).run is not a function
[fetchAndSaveHistoricalPrice] Failed to insert historical record for AAPL on 2025-12-03: env.stockly.prepare(...).bind(...).run is not a function
[fetchAndSaveHistoricalPrice] Insert with OHLC failed for AAPL on 2025-12-04, trying fallback without OHLC: env.stockly.prepare(...).bind(...).run is not a function
[fetchAndSaveHistoricalPrice] Failed to insert historical record for AAPL on 2025-12-04: env.stockly.prepare(...).bind(...).run is not a function
[fetchAndSaveHistoricalPrice] Insert with OHLC failed for AAPL on 2025-12-05, trying fallback without OHLC: env.stockly.prepare(...).bind(...).run is not a function
[fetchAndSaveHistoricalPrice] Failed to insert historical record for AAPL on 2025-12-05: env.stockly.prepare(...).bind(...).run is not a function
[fetchAndSaveHistoricalPrice] Insert with OHLC failed for AAPL on 2025-12-08, trying fallback without OHLC: env.stockly.prepare(...).bind(...).run is not a function
[fetchAndSaveHistoricalPrice] Failed to insert historical record for AAPL on 2025-12-08: env.stockly.prepare(...).bind(...).run is not a function
[fetchAndSaveHistoricalPrice] Insert with OHLC failed for AAPL on 2025-12-09, trying fallback without OHLC: env.stockly.prepare(...).bind(...).run is not a function
[fetchAndSaveHistoricalPrice] Failed to insert historical record for AAPL on 2025-12-09: env.stockly.prepare(...).bind(...).run is not a function
[fetchAndSaveHistoricalPrice] Insert with OHLC failed for AAPL on 2025-12-10, trying fallback without OHLC: env.stockly.prepare(...).bind(...).run is not a function
[fetchAndSaveHistoricalPrice] Failed to insert historical record for AAPL on 2025-12-10: env.stockly.prepare(...).bind(...).run is not a function
[fetchAndSaveHistoricalPrice] Insert with OHLC failed for AAPL on 2025-12-11, trying fallback without OHLC: env.stockly.prepare(...).bind(...).run is not a function
[fetchAndSaveHistoricalPrice] Failed to insert historical record for AAPL on 2025-12-11: env.stockly.prepare(...).bind(...).run is not a function
[fetchAndSaveHistoricalPrice] Insert with OHLC failed for AAPL on 2025-12-12, trying fallback without OHLC: env.stockly.prepare(...).bind(...).run is not a function
[fetchAndSaveHistoricalPrice] Failed to insert historical record for AAPL on 2025-12-12: env.stockly.prepare(...).bind(...).run is not a function

            </system-err>
        </testcase>
        <testcase classname="test/api-integration.spec.ts" name="API Integration - Get Historical &gt; returns error when symbol is missing" time="0.003">
        </testcase>
        <testcase classname="test/api-integration.spec.ts" name="API Integration - Get Historical &gt; validates days parameter" time="0.003">
        </testcase>
        <testcase classname="test/api-integration.spec.ts" name="API Integration - Alerts &gt; successfully lists all alerts" time="0.004">
            <system-out>
{&quot;timestamp&quot;:&quot;2025-12-14T20:04:27.324Z&quot;,&quot;service&quot;:&quot;stockly-api-test&quot;,&quot;level&quot;:&quot;INFO&quot;,&quot;traceId&quot;:&quot;test-trace-id&quot;,&quot;userId&quot;:null,&quot;path&quot;:&quot;/test&quot;,&quot;message&quot;:&quot;Alerts request authenticated&quot;,&quot;type&quot;:&quot;general&quot;,&quot;username&quot;:&quot;testuser&quot;,&quot;isAdmin&quot;:false,&quot;requestUsername&quot;:&quot;testuser&quot;,&quot;method&quot;:&quot;GET&quot;}

{&quot;timestamp&quot;:&quot;2025-12-14T20:04:27.325Z&quot;,&quot;service&quot;:&quot;stockly-api-test&quot;,&quot;level&quot;:&quot;INFO&quot;,&quot;traceId&quot;:&quot;test-trace-id&quot;,&quot;userId&quot;:null,&quot;path&quot;:&quot;/test&quot;,&quot;message&quot;:&quot;Fetched alerts from D1&quot;,&quot;type&quot;:&quot;general&quot;,&quot;username&quot;:&quot;testuser&quot;,&quot;alertCount&quot;:1,&quot;alertIds&quot;:[&quot;123e4567-e89b-12d3-a456-426614174000&quot;]}

            </system-out>
        </testcase>
        <testcase classname="test/api-integration.spec.ts" name="API Integration - Alerts &gt; successfully creates an alert" time="0.003">
            <system-out>
{&quot;timestamp&quot;:&quot;2025-12-14T20:04:27.328Z&quot;,&quot;service&quot;:&quot;stockly-api-test&quot;,&quot;level&quot;:&quot;INFO&quot;,&quot;traceId&quot;:&quot;test-trace-id&quot;,&quot;userId&quot;:null,&quot;path&quot;:&quot;/test&quot;,&quot;message&quot;:&quot;Alerts request authenticated&quot;,&quot;type&quot;:&quot;general&quot;,&quot;username&quot;:&quot;testuser&quot;,&quot;isAdmin&quot;:false,&quot;requestUsername&quot;:&quot;testuser&quot;,&quot;method&quot;:&quot;POST&quot;}

{&quot;timestamp&quot;:&quot;2025-12-14T20:04:27.328Z&quot;,&quot;service&quot;:&quot;stockly-api-test&quot;,&quot;level&quot;:&quot;INFO&quot;,&quot;traceId&quot;:&quot;test-trace-id&quot;,&quot;userId&quot;:null,&quot;path&quot;:&quot;/test&quot;,&quot;message&quot;:&quot;Creating alert&quot;,&quot;type&quot;:&quot;general&quot;,&quot;username&quot;:&quot;testuser&quot;,&quot;symbol&quot;:&quot;AAPL&quot;,&quot;direction&quot;:&quot;above&quot;,&quot;threshold&quot;:200}

{&quot;timestamp&quot;:&quot;2025-12-14T20:04:27.328Z&quot;,&quot;service&quot;:&quot;stockly-api-test&quot;,&quot;level&quot;:&quot;INFO&quot;,&quot;traceId&quot;:&quot;test-trace-id&quot;,&quot;userId&quot;:null,&quot;path&quot;:&quot;/test&quot;,&quot;message&quot;:&quot;Created alert successfully&quot;,&quot;type&quot;:&quot;general&quot;,&quot;alertId&quot;:&quot;123e4567-e89b-12d3-a456-426614174000&quot;,&quot;username&quot;:&quot;testuser&quot;,&quot;isAdmin&quot;:false}

            </system-out>
            <system-err>
{&quot;timestamp&quot;:&quot;2025-12-14T20:04:27.329Z&quot;,&quot;service&quot;:&quot;stockly-api-test&quot;,&quot;level&quot;:&quot;ERROR&quot;,&quot;traceId&quot;:&quot;test-trace-id&quot;,&quot;userId&quot;:null,&quot;path&quot;:&quot;/test&quot;,&quot;message&quot;:&quot;Alert created with mismatched username&quot;,&quot;type&quot;:&quot;general&quot;,&quot;error&quot;:&quot;[object Object]&quot;}

            </system-err>
        </testcase>
        <testcase classname="test/api-integration.spec.ts" name="API Integration - Alerts &gt; successfully updates an alert" time="0.003">
            <system-out>
{&quot;timestamp&quot;:&quot;2025-12-14T20:04:27.331Z&quot;,&quot;service&quot;:&quot;stockly-api-test&quot;,&quot;level&quot;:&quot;INFO&quot;,&quot;traceId&quot;:&quot;test-trace-id&quot;,&quot;userId&quot;:null,&quot;path&quot;:&quot;/test&quot;,&quot;message&quot;:&quot;Alerts request authenticated&quot;,&quot;type&quot;:&quot;general&quot;,&quot;username&quot;:&quot;testuser&quot;,&quot;isAdmin&quot;:false,&quot;requestUsername&quot;:&quot;testuser&quot;,&quot;method&quot;:&quot;PUT&quot;}

{&quot;timestamp&quot;:&quot;2025-12-14T20:04:27.331Z&quot;,&quot;service&quot;:&quot;stockly-api-test&quot;,&quot;level&quot;:&quot;INFO&quot;,&quot;traceId&quot;:&quot;test-trace-id&quot;,&quot;userId&quot;:null,&quot;path&quot;:&quot;/test&quot;,&quot;message&quot;:&quot;Updated alert&quot;,&quot;type&quot;:&quot;general&quot;,&quot;alertId&quot;:&quot;123e4567-e89b-12d3-a456-426614174000&quot;,&quot;username&quot;:&quot;testuser&quot;}

            </system-out>
        </testcase>
        <testcase classname="test/api-integration.spec.ts" name="API Integration - Alerts &gt; successfully deletes an alert" time="0.002">
            <system-out>
{&quot;timestamp&quot;:&quot;2025-12-14T20:04:27.333Z&quot;,&quot;service&quot;:&quot;stockly-api-test&quot;,&quot;level&quot;:&quot;INFO&quot;,&quot;traceId&quot;:&quot;test-trace-id&quot;,&quot;userId&quot;:null,&quot;path&quot;:&quot;/test&quot;,&quot;message&quot;:&quot;Alerts request authenticated&quot;,&quot;type&quot;:&quot;general&quot;,&quot;username&quot;:&quot;testuser&quot;,&quot;isAdmin&quot;:false,&quot;requestUsername&quot;:&quot;testuser&quot;,&quot;method&quot;:&quot;DELETE&quot;}

{&quot;timestamp&quot;:&quot;2025-12-14T20:04:27.334Z&quot;,&quot;service&quot;:&quot;stockly-api-test&quot;,&quot;level&quot;:&quot;INFO&quot;,&quot;traceId&quot;:&quot;test-trace-id&quot;,&quot;userId&quot;:null,&quot;path&quot;:&quot;/test&quot;,&quot;message&quot;:&quot;Deleted alert&quot;,&quot;type&quot;:&quot;general&quot;,&quot;alertId&quot;:&quot;123e4567-e89b-12d3-a456-426614174000&quot;,&quot;username&quot;:&quot;testuser&quot;}

            </system-out>
        </testcase>
        <testcase classname="test/api-integration.spec.ts" name="API Integration - Alerts &gt; returns 404 when alert not found" time="0.002">
            <system-out>
{&quot;timestamp&quot;:&quot;2025-12-14T20:04:27.336Z&quot;,&quot;service&quot;:&quot;stockly-api-test&quot;,&quot;level&quot;:&quot;INFO&quot;,&quot;traceId&quot;:&quot;test-trace-id&quot;,&quot;userId&quot;:null,&quot;path&quot;:&quot;/test&quot;,&quot;message&quot;:&quot;Alerts request authenticated&quot;,&quot;type&quot;:&quot;general&quot;,&quot;username&quot;:&quot;testuser&quot;,&quot;isAdmin&quot;:false,&quot;requestUsername&quot;:&quot;testuser&quot;,&quot;method&quot;:&quot;GET&quot;}

            </system-out>
        </testcase>
    </testsuite>
    <testsuite name="test/api-schema-validation.spec.ts" timestamp="2025-12-14T20:04:38.187Z" hostname="sngvahmed" tests="16" failures="0" errors="0" skipped="0" time="1.375">
        <testcase classname="test/api-schema-validation.spec.ts" name="API Schema Validation - Health Check &gt; health endpoint returns valid HealthCheckResponse schema" time="0.022">
        </testcase>
        <testcase classname="test/api-schema-validation.spec.ts" name="API Schema Validation - Get Stock &gt; getStock returns valid StockQuoteResponse schema on success" time="0.023">
            <system-out>
{&quot;timestamp&quot;:&quot;2025-12-14T20:04:26.008Z&quot;,&quot;service&quot;:&quot;stockly-api-test&quot;,&quot;level&quot;:&quot;INFO&quot;,&quot;traceId&quot;:&quot;test-trace-id&quot;,&quot;userId&quot;:null,&quot;path&quot;:&quot;/test&quot;,&quot;message&quot;:&quot;No cache for AAPL&quot;,&quot;type&quot;:&quot;general&quot;,&quot;cacheStatus&quot;:&quot;MISS&quot;}

{&quot;timestamp&quot;:&quot;2025-12-14T20:04:26.010Z&quot;,&quot;service&quot;:&quot;stockly-api-test&quot;,&quot;level&quot;:&quot;DEBUG&quot;,&quot;traceId&quot;:&quot;test-trace-id&quot;,&quot;userId&quot;:null,&quot;path&quot;:&quot;/test&quot;,&quot;message&quot;:&quot;FMP API: GET /quote&quot;,&quot;type&quot;:&quot;api_call&quot;,&quot;apiProvider&quot;:&quot;FMP&quot;,&quot;endpoint&quot;:&quot;/quote&quot;,&quot;method&quot;:&quot;GET&quot;,&quot;latencyMs&quot;:1}

{&quot;timestamp&quot;:&quot;2025-12-14T20:04:26.010Z&quot;,&quot;service&quot;:&quot;stockly-api-test&quot;,&quot;level&quot;:&quot;DEBUG&quot;,&quot;traceId&quot;:&quot;test-trace-id&quot;,&quot;userId&quot;:null,&quot;path&quot;:&quot;/test&quot;,&quot;message&quot;:&quot;FMP API: GET /profile&quot;,&quot;type&quot;:&quot;api_call&quot;,&quot;apiProvider&quot;:&quot;FMP&quot;,&quot;endpoint&quot;:&quot;/profile&quot;,&quot;method&quot;:&quot;GET&quot;,&quot;latencyMs&quot;:0}

{&quot;timestamp&quot;:&quot;2025-12-14T20:04:26.010Z&quot;,&quot;service&quot;:&quot;stockly-api-test&quot;,&quot;level&quot;:&quot;DEBUG&quot;,&quot;traceId&quot;:&quot;test-trace-id&quot;,&quot;userId&quot;:null,&quot;path&quot;:&quot;/test&quot;,&quot;message&quot;:&quot;Profile API response&quot;,&quot;type&quot;:&quot;general&quot;,&quot;endpoint&quot;:&quot;https://financialmodelingprep.com/stable/profile?symbol=AAPL&amp;apikey=z5xjUUlsab7zBKntL5QnMzWyPuq2iWsM&quot;,&quot;responseType&quot;:&quot;array&quot;,&quot;responseLength&quot;:1}
{&quot;timestamp&quot;:&quot;2025-12-14T20:04:26.010Z&quot;,&quot;service&quot;:&quot;stockly-api-test&quot;,&quot;level&quot;:&quot;DEBUG&quot;,&quot;traceId&quot;:&quot;test-trace-id&quot;,&quot;userId&quot;:null,&quot;path&quot;:&quot;/test&quot;,&quot;message&quot;:&quot;Found description from profile&quot;,&quot;type&quot;:&quot;general&quot;,&quot;descriptionLength&quot;:38}
{&quot;timestamp&quot;:&quot;2025-12-14T20:04:26.010Z&quot;,&quot;service&quot;:&quot;stockly-api-test&quot;,&quot;level&quot;:&quot;DEBUG&quot;,&quot;traceId&quot;:&quot;test-trace-id&quot;,&quot;userId&quot;:null,&quot;path&quot;:&quot;/test&quot;,&quot;message&quot;:&quot;Final description resolved&quot;,&quot;type&quot;:&quot;general&quot;,&quot;hasDescription&quot;:true,&quot;descriptionLength&quot;:38,&quot;source&quot;:&quot;profile&quot;}

            </system-out>
        </testcase>
        <testcase classname="test/api-schema-validation.spec.ts" name="API Schema Validation - Get Stock &gt; getStock returns valid ErrorResponse schema on error" time="0.019">
        </testcase>
        <testcase classname="test/api-schema-validation.spec.ts" name="API Schema Validation - Get Stocks &gt; getStocks returns valid StockQuotesResponse schema on success" time="0.015">
        </testcase>
        <testcase classname="test/api-schema-validation.spec.ts" name="API Schema Validation - Get Stocks &gt; getStocks returns valid ErrorResponse schema on error" time="0.016">
        </testcase>
        <testcase classname="test/api-schema-validation.spec.ts" name="API Schema Validation - Search Stock &gt; searchStock returns valid SearchStockResponse schema" time="0.013">
        </testcase>
        <testcase classname="test/api-schema-validation.spec.ts" name="API Schema Validation - Get Historical &gt; getHistorical returns valid HistoricalPricesResponse schema" time="1.151">
            <system-out>
[getHistoricalPricesByDateRange] Querying database for AAPL from 2025-06-17 to 2025-12-14

[getHistoricalPricesByDateRange] Found 2 records for AAPL in date range 2025-06-17 to 2025-12-14

[get-historical] Query result for AAPL (2025-06-17 to 2025-12-14): 2 records found in database
{&quot;timestamp&quot;:&quot;2025-12-14T20:04:26.134Z&quot;,&quot;service&quot;:&quot;stockly-api-test&quot;,&quot;level&quot;:&quot;INFO&quot;,&quot;traceId&quot;:&quot;test-trace-id&quot;,&quot;userId&quot;:null,&quot;path&quot;:&quot;/test&quot;,&quot;message&quot;:&quot;No historical data in database for AAPL&quot;,&quot;type&quot;:&quot;general&quot;,&quot;dateRange&quot;:&quot;2025-06-17 to 2025-12-14&quot;,&quot;action&quot;:&quot;fetching from FMP API&quot;}
[fetchAndSaveHistoricalPrice] Starting fetch for AAPL from FMP API
[fetchAndSaveHistoricalPrice] Fetching from: https://financialmodelingprep.com/stable/historical-chart/30min?symbol=AAPL&amp;apikey=***&amp;from=2025-06-17&amp;to=2025-12-14

[fetchAndSaveHistoricalPrice] Received 241 1-hour OHLC records from FMP API
[fetchAndSaveHistoricalPrice] FMP API returned 241 records for AAPL
[fetchAndSaveHistoricalPrice] Sample record structure: {
  date: &apos;2025-12-12 15:30:00&apos;,
  hasOpen: true,
  hasHigh: true,
  hasLow: true,
  hasClose: true,
  hasPrice: false,
  keys: [ &apos;date&apos;, &apos;open&apos;, &apos;low&apos;, &apos;high&apos;, &apos;close&apos;, &apos;volume&apos; ]
}
Saved 19 daily candles (aggregated from 241 1-hour records) for AAPL with OHLC data

[getHistoricalPricesByDateRange] Querying database for AAPL from 2025-06-17 to 2025-12-14

[getHistoricalPricesByDateRange] Found 2 records for AAPL in date range 2025-06-17 to 2025-12-14

{&quot;timestamp&quot;:&quot;2025-12-14T20:04:27.278Z&quot;,&quot;service&quot;:&quot;stockly-api-test&quot;,&quot;level&quot;:&quot;DEBUG&quot;,&quot;traceId&quot;:&quot;test-trace-id&quot;,&quot;userId&quot;:null,&quot;path&quot;:&quot;/test&quot;,&quot;message&quot;:&quot;After FMP fetch, query result for AAPL&quot;,&quot;type&quot;:&quot;general&quot;,&quot;dateRange&quot;:&quot;2025-06-17 to 2025-12-14&quot;,&quot;recordCount&quot;:2}
[get-historical] Successfully fetched 2 historical records for AAPL from FMP API

            </system-out>
            <system-err>
{&quot;timestamp&quot;:&quot;2025-12-14T20:04:26.134Z&quot;,&quot;service&quot;:&quot;stockly-api-test&quot;,&quot;level&quot;:&quot;WARN&quot;,&quot;traceId&quot;:&quot;test-trace-id&quot;,&quot;userId&quot;:null,&quot;path&quot;:&quot;/test&quot;,&quot;message&quot;:&quot;Found 2 records with missing OHLC data&quot;,&quot;type&quot;:&quot;general&quot;,&quot;symbol&quot;:&quot;AAPL&quot;,&quot;recordsWithMissingOHLC&quot;:2,&quot;totalRecords&quot;:2}

[fetchAndSaveHistoricalPrice] Insert with OHLC failed for AAPL on 2025-11-17, trying fallback without OHLC: env.stockly.prepare(...).bind(...).run is not a function
[fetchAndSaveHistoricalPrice] Failed to insert historical record for AAPL on 2025-11-17: env.stockly.prepare(...).bind(...).run is not a function
[fetchAndSaveHistoricalPrice] Insert with OHLC failed for AAPL on 2025-11-18, trying fallback without OHLC: env.stockly.prepare(...).bind(...).run is not a function
[fetchAndSaveHistoricalPrice] Failed to insert historical record for AAPL on 2025-11-18: env.stockly.prepare(...).bind(...).run is not a function
[fetchAndSaveHistoricalPrice] Insert with OHLC failed for AAPL on 2025-11-19, trying fallback without OHLC: env.stockly.prepare(...).bind(...).run is not a function
[fetchAndSaveHistoricalPrice] Failed to insert historical record for AAPL on 2025-11-19: env.stockly.prepare(...).bind(...).run is not a function
[fetchAndSaveHistoricalPrice] Insert with OHLC failed for AAPL on 2025-11-20, trying fallback without OHLC: env.stockly.prepare(...).bind(...).run is not a function
[fetchAndSaveHistoricalPrice] Failed to insert historical record for AAPL on 2025-11-20: env.stockly.prepare(...).bind(...).run is not a function
[fetchAndSaveHistoricalPrice] Insert with OHLC failed for AAPL on 2025-11-21, trying fallback without OHLC: env.stockly.prepare(...).bind(...).run is not a function
[fetchAndSaveHistoricalPrice] Failed to insert historical record for AAPL on 2025-11-21: env.stockly.prepare(...).bind(...).run is not a function
[fetchAndSaveHistoricalPrice] Insert with OHLC failed for AAPL on 2025-11-24, trying fallback without OHLC: env.stockly.prepare(...).bind(...).run is not a function
[fetchAndSaveHistoricalPrice] Failed to insert historical record for AAPL on 2025-11-24: env.stockly.prepare(...).bind(...).run is not a function
[fetchAndSaveHistoricalPrice] Insert with OHLC failed for AAPL on 2025-11-25, trying fallback without OHLC: env.stockly.prepare(...).bind(...).run is not a function
[fetchAndSaveHistoricalPrice] Failed to insert historical record for AAPL on 2025-11-25: env.stockly.prepare(...).bind(...).run is not a function
[fetchAndSaveHistoricalPrice] Insert with OHLC failed for AAPL on 2025-11-26, trying fallback without OHLC: env.stockly.prepare(...).bind(...).run is not a function
[fetchAndSaveHistoricalPrice] Failed to insert historical record for AAPL on 2025-11-26: env.stockly.prepare(...).bind(...).run is not a function
[fetchAndSaveHistoricalPrice] Insert with OHLC failed for AAPL on 2025-11-28, trying fallback without OHLC: env.stockly.prepare(...).bind(...).run is not a function
[fetchAndSaveHistoricalPrice] Failed to insert historical record for AAPL on 2025-11-28: env.stockly.prepare(...).bind(...).run is not a function
[fetchAndSaveHistoricalPrice] Insert with OHLC failed for AAPL on 2025-12-01, trying fallback without OHLC: env.stockly.prepare(...).bind(...).run is not a function
[fetchAndSaveHistoricalPrice] Failed to insert historical record for AAPL on 2025-12-01: env.stockly.prepare(...).bind(...).run is not a function
[fetchAndSaveHistoricalPrice] Insert with OHLC failed for AAPL on 2025-12-02, trying fallback without OHLC: env.stockly.prepare(...).bind(...).run is not a function
[fetchAndSaveHistoricalPrice] Failed to insert historical record for AAPL on 2025-12-02: env.stockly.prepare(...).bind(...).run is not a function
[fetchAndSaveHistoricalPrice] Insert with OHLC failed for AAPL on 2025-12-03, trying fallback without OHLC: env.stockly.prepare(...).bind(...).run is not a function
[fetchAndSaveHistoricalPrice] Failed to insert historical record for AAPL on 2025-12-03: env.stockly.prepare(...).bind(...).run is not a function
[fetchAndSaveHistoricalPrice] Insert with OHLC failed for AAPL on 2025-12-04, trying fallback without OHLC: env.stockly.prepare(...).bind(...).run is not a function
[fetchAndSaveHistoricalPrice] Failed to insert historical record for AAPL on 2025-12-04: env.stockly.prepare(...).bind(...).run is not a function
[fetchAndSaveHistoricalPrice] Insert with OHLC failed for AAPL on 2025-12-05, trying fallback without OHLC: env.stockly.prepare(...).bind(...).run is not a function
[fetchAndSaveHistoricalPrice] Failed to insert historical record for AAPL on 2025-12-05: env.stockly.prepare(...).bind(...).run is not a function
[fetchAndSaveHistoricalPrice] Insert with OHLC failed for AAPL on 2025-12-08, trying fallback without OHLC: env.stockly.prepare(...).bind(...).run is not a function
[fetchAndSaveHistoricalPrice] Failed to insert historical record for AAPL on 2025-12-08: env.stockly.prepare(...).bind(...).run is not a function
[fetchAndSaveHistoricalPrice] Insert with OHLC failed for AAPL on 2025-12-09, trying fallback without OHLC: env.stockly.prepare(...).bind(...).run is not a function
[fetchAndSaveHistoricalPrice] Failed to insert historical record for AAPL on 2025-12-09: env.stockly.prepare(...).bind(...).run is not a function
[fetchAndSaveHistoricalPrice] Insert with OHLC failed for AAPL on 2025-12-10, trying fallback without OHLC: env.stockly.prepare(...).bind(...).run is not a function
[fetchAndSaveHistoricalPrice] Failed to insert historical record for AAPL on 2025-12-10: env.stockly.prepare(...).bind(...).run is not a function
[fetchAndSaveHistoricalPrice] Insert with OHLC failed for AAPL on 2025-12-11, trying fallback without OHLC: env.stockly.prepare(...).bind(...).run is not a function
[fetchAndSaveHistoricalPrice] Failed to insert historical record for AAPL on 2025-12-11: env.stockly.prepare(...).bind(...).run is not a function
[fetchAndSaveHistoricalPrice] Insert with OHLC failed for AAPL on 2025-12-12, trying fallback without OHLC: env.stockly.prepare(...).bind(...).run is not a function
[fetchAndSaveHistoricalPrice] Failed to insert historical record for AAPL on 2025-12-12: env.stockly.prepare(...).bind(...).run is not a function

            </system-err>
        </testcase>
        <testcase classname="test/api-schema-validation.spec.ts" name="API Schema Validation - Get Historical &gt; getHistorical returns valid ErrorResponse schema on error" time="0.004">
        </testcase>
        <testcase classname="test/api-schema-validation.spec.ts" name="API Schema Validation - Alerts &gt; listAlerts returns valid AlertsListResponse schema" time="0.004">
            <system-out>
{&quot;timestamp&quot;:&quot;2025-12-14T20:04:27.287Z&quot;,&quot;service&quot;:&quot;stockly-api-test&quot;,&quot;level&quot;:&quot;INFO&quot;,&quot;traceId&quot;:&quot;test-trace-id&quot;,&quot;userId&quot;:null,&quot;path&quot;:&quot;/test&quot;,&quot;message&quot;:&quot;Alerts request authenticated&quot;,&quot;type&quot;:&quot;general&quot;,&quot;username&quot;:&quot;testuser&quot;,&quot;isAdmin&quot;:false,&quot;requestUsername&quot;:&quot;testuser&quot;,&quot;method&quot;:&quot;GET&quot;}

{&quot;timestamp&quot;:&quot;2025-12-14T20:04:27.287Z&quot;,&quot;service&quot;:&quot;stockly-api-test&quot;,&quot;level&quot;:&quot;INFO&quot;,&quot;traceId&quot;:&quot;test-trace-id&quot;,&quot;userId&quot;:null,&quot;path&quot;:&quot;/test&quot;,&quot;message&quot;:&quot;Fetched alerts from D1&quot;,&quot;type&quot;:&quot;general&quot;,&quot;username&quot;:&quot;testuser&quot;,&quot;alertCount&quot;:1,&quot;alertIds&quot;:[&quot;123e4567-e89b-12d3-a456-426614174000&quot;]}

            </system-out>
        </testcase>
        <testcase classname="test/api-schema-validation.spec.ts" name="API Schema Validation - Alerts &gt; createAlert accepts valid CreateAlertRequest schema" time="0.005">
            <system-out>
{&quot;timestamp&quot;:&quot;2025-12-14T20:04:27.290Z&quot;,&quot;service&quot;:&quot;stockly-api-test&quot;,&quot;level&quot;:&quot;INFO&quot;,&quot;traceId&quot;:&quot;test-trace-id&quot;,&quot;userId&quot;:null,&quot;path&quot;:&quot;/test&quot;,&quot;message&quot;:&quot;Alerts request authenticated&quot;,&quot;type&quot;:&quot;general&quot;,&quot;username&quot;:&quot;testuser&quot;,&quot;isAdmin&quot;:false,&quot;requestUsername&quot;:&quot;testuser&quot;,&quot;method&quot;:&quot;POST&quot;}

{&quot;timestamp&quot;:&quot;2025-12-14T20:04:27.290Z&quot;,&quot;service&quot;:&quot;stockly-api-test&quot;,&quot;level&quot;:&quot;INFO&quot;,&quot;traceId&quot;:&quot;test-trace-id&quot;,&quot;userId&quot;:null,&quot;path&quot;:&quot;/test&quot;,&quot;message&quot;:&quot;Creating alert&quot;,&quot;type&quot;:&quot;general&quot;,&quot;username&quot;:&quot;testuser&quot;,&quot;symbol&quot;:&quot;AAPL&quot;,&quot;direction&quot;:&quot;above&quot;,&quot;threshold&quot;:200}

{&quot;timestamp&quot;:&quot;2025-12-14T20:04:27.291Z&quot;,&quot;service&quot;:&quot;stockly-api-test&quot;,&quot;level&quot;:&quot;INFO&quot;,&quot;traceId&quot;:&quot;test-trace-id&quot;,&quot;userId&quot;:null,&quot;path&quot;:&quot;/test&quot;,&quot;message&quot;:&quot;Created alert successfully&quot;,&quot;type&quot;:&quot;general&quot;,&quot;alertId&quot;:&quot;123e4567-e89b-12d3-a456-426614174000&quot;,&quot;username&quot;:&quot;testuser&quot;,&quot;isAdmin&quot;:false}

            </system-out>
            <system-err>
{&quot;timestamp&quot;:&quot;2025-12-14T20:04:27.291Z&quot;,&quot;service&quot;:&quot;stockly-api-test&quot;,&quot;level&quot;:&quot;ERROR&quot;,&quot;traceId&quot;:&quot;test-trace-id&quot;,&quot;userId&quot;:null,&quot;path&quot;:&quot;/test&quot;,&quot;message&quot;:&quot;Alert created with mismatched username&quot;,&quot;type&quot;:&quot;general&quot;,&quot;error&quot;:&quot;[object Object]&quot;}

            </system-err>
        </testcase>
        <testcase classname="test/api-schema-validation.spec.ts" name="API Schema Validation - Alerts &gt; updateAlert accepts valid UpdateAlertRequest schema" time="0.003">
            <system-out>
{&quot;timestamp&quot;:&quot;2025-12-14T20:04:27.295Z&quot;,&quot;service&quot;:&quot;stockly-api-test&quot;,&quot;level&quot;:&quot;INFO&quot;,&quot;traceId&quot;:&quot;test-trace-id&quot;,&quot;userId&quot;:null,&quot;path&quot;:&quot;/test&quot;,&quot;message&quot;:&quot;Alerts request authenticated&quot;,&quot;type&quot;:&quot;general&quot;,&quot;username&quot;:&quot;testuser&quot;,&quot;isAdmin&quot;:false,&quot;requestUsername&quot;:&quot;testuser&quot;,&quot;method&quot;:&quot;PUT&quot;}

{&quot;timestamp&quot;:&quot;2025-12-14T20:04:27.295Z&quot;,&quot;service&quot;:&quot;stockly-api-test&quot;,&quot;level&quot;:&quot;INFO&quot;,&quot;traceId&quot;:&quot;test-trace-id&quot;,&quot;userId&quot;:null,&quot;path&quot;:&quot;/test&quot;,&quot;message&quot;:&quot;Updated alert&quot;,&quot;type&quot;:&quot;general&quot;,&quot;alertId&quot;:&quot;123&quot;,&quot;username&quot;:&quot;testuser&quot;}

            </system-out>
        </testcase>
        <testcase classname="test/api-schema-validation.spec.ts" name="API Schema Validation - Alerts &gt; getAlert returns valid Alert schema" time="0.003">
            <system-out>
{&quot;timestamp&quot;:&quot;2025-12-14T20:04:27.298Z&quot;,&quot;service&quot;:&quot;stockly-api-test&quot;,&quot;level&quot;:&quot;INFO&quot;,&quot;traceId&quot;:&quot;test-trace-id&quot;,&quot;userId&quot;:null,&quot;path&quot;:&quot;/test&quot;,&quot;message&quot;:&quot;Alerts request authenticated&quot;,&quot;type&quot;:&quot;general&quot;,&quot;username&quot;:&quot;testuser&quot;,&quot;isAdmin&quot;:false,&quot;requestUsername&quot;:&quot;testuser&quot;,&quot;method&quot;:&quot;GET&quot;}

            </system-out>
        </testcase>
        <testcase classname="test/api-schema-validation.spec.ts" name="API Schema Validation - Input Validation &gt; rejects invalid CreateAlertRequest" time="0.002">
        </testcase>
        <testcase classname="test/api-schema-validation.spec.ts" name="API Schema Validation - Input Validation &gt; accepts valid CreateAlertRequest with optional fields" time="0.002">
        </testcase>
        <testcase classname="test/api-schema-validation.spec.ts" name="API Schema Validation - Input Validation &gt; rejects invalid UpdateAlertRequest" time="0.001">
        </testcase>
        <testcase classname="test/api-schema-validation.spec.ts" name="API Schema Validation - Input Validation &gt; accepts partial UpdateAlertRequest" time="0.003">
        </testcase>
    </testsuite>
    <testsuite name="test/cache.spec.ts" timestamp="2025-12-14T20:04:38.190Z" hostname="sngvahmed" tests="2" failures="0" errors="0" skipped="0" time="0.168">
        <testcase classname="test/cache.spec.ts" name="cache helpers &gt; returns cached entries while TTL is valid" time="0.038">
        </testcase>
        <testcase classname="test/cache.spec.ts" name="cache helpers &gt; expires entries once TTL elapses" time="0.029">
        </testcase>
    </testsuite>
    <testsuite name="test/config.spec.ts" timestamp="2025-12-14T20:04:38.191Z" hostname="sngvahmed" tests="10" failures="0" errors="0" skipped="0" time="0.526">
        <testcase classname="test/config.spec.ts" name="Config System &gt; getConfig &gt; returns default config when KV is not available" time="0.041">
            <system-err>
alertsKv not available, using default config

            </system-err>
        </testcase>
        <testcase classname="test/config.spec.ts" name="Config System &gt; getConfig &gt; returns default config when no stored config exists" time="0.026">
        </testcase>
        <testcase classname="test/config.spec.ts" name="Config System &gt; getConfig &gt; returns stored config when available" time="0.05">
        </testcase>
        <testcase classname="test/config.spec.ts" name="Config System &gt; getConfig &gt; merges partial stored config with defaults" time="0.028">
        </testcase>
        <testcase classname="test/config.spec.ts" name="Config System &gt; updateConfig &gt; updates config with new values" time="0.054">
        </testcase>
        <testcase classname="test/config.spec.ts" name="Config System &gt; updateConfig &gt; merges nested objects correctly" time="0.027">
        </testcase>
        <testcase classname="test/config.spec.ts" name="Config System &gt; simulateProviderFailureEndpoint &gt; enables simulation mode" time="0.049">
        </testcase>
        <testcase classname="test/config.spec.ts" name="Config System &gt; simulateProviderFailureEndpoint &gt; persists the config change" time="0.026">
        </testcase>
        <testcase classname="test/config.spec.ts" name="Config System &gt; disableProviderFailureEndpoint &gt; disables simulation mode" time="0.048">
        </testcase>
        <testcase classname="test/config.spec.ts" name="Config System &gt; disableProviderFailureEndpoint &gt; persists the config change" time="0.021">
        </testcase>
    </testsuite>
    <testsuite name="test/devices.spec.ts" timestamp="2025-12-14T20:04:38.192Z" hostname="sngvahmed" tests="9" failures="0" errors="0" skipped="0" time="0.647">
        <testcase classname="test/devices.spec.ts" name="Devices API &gt; getAllDevices &gt; should return list of devices" time="0.056">
            <system-err>
{&quot;timestamp&quot;:&quot;2025-12-14T20:04:25.330Z&quot;,&quot;service&quot;:&quot;stockly-api-test&quot;,&quot;level&quot;:&quot;WARN&quot;,&quot;traceId&quot;:&quot;test-trace-id&quot;,&quot;userId&quot;:null,&quot;path&quot;:&quot;/test&quot;,&quot;message&quot;:&quot;Found devices with null username&quot;,&quot;type&quot;:&quot;general&quot;,&quot;count&quot;:2,&quot;deviceIds&quot;:[&quot;dXXXXXXXXXXXXXXXXXXX...&quot;,&quot;eYYYYYYYYYYYYYYYYYYY...&quot;]}

            </system-err>
        </testcase>
        <testcase classname="test/devices.spec.ts" name="Devices API &gt; getAllDevices &gt; should return empty array when no devices" time="0.091">
        </testcase>
        <testcase classname="test/devices.spec.ts" name="Devices API &gt; getAllDevices &gt; should handle database errors" time="0.096">
            <system-err>
{&quot;timestamp&quot;:&quot;2025-12-14T20:04:25.481Z&quot;,&quot;service&quot;:&quot;stockly-api-test&quot;,&quot;level&quot;:&quot;ERROR&quot;,&quot;traceId&quot;:&quot;test-trace-id&quot;,&quot;userId&quot;:null,&quot;path&quot;:&quot;/test&quot;,&quot;message&quot;:&quot;Failed to get devices&quot;,&quot;type&quot;:&quot;general&quot;,&quot;username&quot;:null,&quot;error&quot;:{&quot;name&quot;:&quot;Error&quot;,&quot;message&quot;:&quot;Database error&quot;,&quot;stack&quot;:&quot;Error: Database error\n    at Object.&lt;anonymous&gt; (/home/sngvahmed/workspace/stockly/api/test/devices.spec.ts:136:42)\n    at Object.mockCall (home/sngvahmed/workspace/stockly/api/node_modules/@vitest/spy/dist/index.js:96:15)\n    at Object.spy [as prepare] (home/sngvahmed/workspace/stockly/api/node_modules/tinyspy/dist/index.js:47:80)\n    at Module.getAllDevices (/home/sngvahmed/workspace/stockly/api/src/api/devices.ts:69:12)\n    at /home/sngvahmed/workspace/stockly/api/test/devices.spec.ts:141:24\n    at home/sngvahmed/workspace/stockly/api/node_modules/@vitest/runner/dist/chunk-hooks.js:752:20&quot;}}

            </system-err>
        </testcase>
        <testcase classname="test/devices.spec.ts" name="Devices API &gt; sendTestNotification &gt; should send test notification successfully" time="0.045">
            <system-out>
{&quot;timestamp&quot;:&quot;2025-12-14T20:04:25.628Z&quot;,&quot;service&quot;:&quot;stockly-api-test&quot;,&quot;level&quot;:&quot;INFO&quot;,&quot;traceId&quot;:&quot;test-trace-id&quot;,&quot;userId&quot;:&quot;user-1&quot;,&quot;path&quot;:&quot;/test&quot;,&quot;message&quot;:&quot;Test notification sent successfully&quot;,&quot;type&quot;:&quot;general&quot;}

            </system-out>
        </testcase>
        <testcase classname="test/devices.spec.ts" name="Devices API &gt; sendTestNotification &gt; should use default message when no custom message provided" time="0.035">
            <system-out>
{&quot;timestamp&quot;:&quot;2025-12-14T20:04:25.673Z&quot;,&quot;service&quot;:&quot;stockly-api-test&quot;,&quot;level&quot;:&quot;INFO&quot;,&quot;traceId&quot;:&quot;test-trace-id&quot;,&quot;userId&quot;:&quot;user-1&quot;,&quot;path&quot;:&quot;/test&quot;,&quot;message&quot;:&quot;Test notification sent successfully&quot;,&quot;type&quot;:&quot;general&quot;}

            </system-out>
        </testcase>
        <testcase classname="test/devices.spec.ts" name="Devices API &gt; sendTestNotification &gt; should return 404 when device not found" time="0.059">
        </testcase>
        <testcase classname="test/devices.spec.ts" name="Devices API &gt; sendTestNotification &gt; should return 400 when userId is missing" time="0.04">
        </testcase>
        <testcase classname="test/devices.spec.ts" name="Devices API &gt; sendTestNotification &gt; should return 405 for non-POST methods" time="0.047">
        </testcase>
        <testcase classname="test/devices.spec.ts" name="Devices API &gt; sendTestNotification &gt; should handle FCM send failures" time="0.036">
            <system-err>
Failed to get Google access token: TypeError: response.text is not a function
    at getGoogleAccessTokenFromJWT (/home/sngvahmed/workspace/stockly/api/src/notifications/jwt-helper.ts:118:38)
    at getGoogleAccessToken (/home/sngvahmed/workspace/stockly/api/src/notifications/fcm-sender.ts:192:25)
    at sendFCMNotificationWithLogs (/home/sngvahmed/workspace/stockly/api/src/notifications/fcm-sender.ts:269:19)
    at sendFCMNotification (/home/sngvahmed/workspace/stockly/api/src/notifications/fcm-sender.ts:474:18)
    at Module.sendTestNotification (/home/sngvahmed/workspace/stockly/api/src/api/devices.ts:497:21)
[...]

            </system-out>
        </testcase>
        <testcase classname="test/logging/logger.spec.ts" name="Logger &gt; logFCMError &gt; should create FCM error log entry" time="0.067">
            <system-err>
{&quot;timestamp&quot;:&quot;2025-12-14T20:04:25.263Z&quot;,&quot;service&quot;:&quot;stockly-api-test&quot;,&quot;level&quot;:&quot;ERROR&quot;,&quot;traceId&quot;:&quot;test-trace-123&quot;,&quot;userId&quot;:&quot;user-456&quot;,&quot;path&quot;:&quot;/v1/api/test&quot;,&quot;message&quot;:&quot;FCM notification failed&quot;,&quot;type&quot;:&quot;fcm_error&quot;,&quot;fcmErrorCode&quot;:&quot;5&quot;,&quot;fcmErrorType&quot;:&quot;NOT_FOUND&quot;,&quot;isPermanent&quot;:true,&quot;shouldCleanupToken&quot;:true,&quot;requestPayload&quot;:{&quot;token&quot;:&quot;fcm-token&quot;,&quot;title&quot;:&quot;Alert&quot;,&quot;body&quot;:&quot;Price alert&quot;},&quot;errorMessage&quot;:&quot;Token not found&quot;}

            </system-err>
        </testcase>
        <testcase classname="test/logging/logger.spec.ts" name="Logger &gt; getLogs &gt; should return copy of log buffer" time="0.079">
            <system-out>
{&quot;timestamp&quot;:&quot;2025-12-14T20:04:25.381Z&quot;,&quot;service&quot;:&quot;stockly-api-test&quot;,&quot;level&quot;:&quot;INFO&quot;,&quot;traceId&quot;:&quot;test-trace-123&quot;,&quot;userId&quot;:&quot;user-456&quot;,&quot;path&quot;:&quot;/v1/api/test&quot;,&quot;message&quot;:&quot;Message 1&quot;,&quot;type&quot;:&quot;general&quot;}
{&quot;timestamp&quot;:&quot;2025-12-14T20:04:25.381Z&quot;,&quot;service&quot;:&quot;stockly-api-test&quot;,&quot;level&quot;:&quot;INFO&quot;,&quot;traceId&quot;:&quot;test-trace-123&quot;,&quot;userId&quot;:&quot;user-456&quot;,&quot;path&quot;:&quot;/v1/api/test&quot;,&quot;message&quot;:&quot;Message 2&quot;,&quot;type&quot;:&quot;general&quot;}

            </system-out>
        </testcase>
        <testcase classname="test/logging/logger.spec.ts" name="Logger &gt; clearLogs &gt; should clear log buffer" time="0.055">
            <system-out>
{&quot;timestamp&quot;:&quot;2025-12-14T20:04:25.504Z&quot;,&quot;service&quot;:&quot;stockly-api-test&quot;,&quot;level&quot;:&quot;INFO&quot;,&quot;traceId&quot;:&quot;test-trace-123&quot;,&quot;userId&quot;:&quot;user-456&quot;,&quot;path&quot;:&quot;/v1/api/test&quot;,&quot;message&quot;:&quot;Message 1&quot;,&quot;type&quot;:&quot;general&quot;}
{&quot;timestamp&quot;:&quot;2025-12-14T20:04:25.504Z&quot;,&quot;service&quot;:&quot;stockly-api-test&quot;,&quot;level&quot;:&quot;INFO&quot;,&quot;traceId&quot;:&quot;test-trace-123&quot;,&quot;userId&quot;:&quot;user-456&quot;,&quot;path&quot;:&quot;/v1/api/test&quot;,&quot;message&quot;:&quot;Message 2&quot;,&quot;type&quot;:&quot;general&quot;}

            </system-out>
        </testcase>
        <testcase classname="test/logging/logger.spec.ts" name="Logger &gt; updateContext &gt; should update context" time="0.042">
        </testcase>
        <testcase classname="test/logging/logger.spec.ts" name="Logger &gt; updateContext &gt; should update multiple context fields" time="0.041">
        </testcase>
        <testcase classname="test/logging/logger.spec.ts" name="Logger &gt; updateContext &gt; should use updated context in new logs" time="0.043">
            <system-out>
{&quot;timestamp&quot;:&quot;2025-12-14T20:04:25.712Z&quot;,&quot;service&quot;:&quot;stockly-api-test&quot;,&quot;level&quot;:&quot;INFO&quot;,&quot;traceId&quot;:&quot;test-trace-123&quot;,&quot;userId&quot;:&quot;updated-user&quot;,&quot;path&quot;:&quot;/v1/api/test&quot;,&quot;message&quot;:&quot;New message&quot;,&quot;type&quot;:&quot;general&quot;}

            </system-out>
        </testcase>
        <testcase classname="test/logging/logger.spec.ts" name="Logger &gt; getContext &gt; should return copy of context" time="0.031">
        </testcase>
        <testcase classname="test/logging/logger.spec.ts" name="Logger &gt; log entry structure &gt; should include all required fields" time="0.032">
            <system-out>
{&quot;timestamp&quot;:&quot;2025-12-14T20:04:25.861Z&quot;,&quot;service&quot;:&quot;stockly-api-test&quot;,&quot;level&quot;:&quot;INFO&quot;,&quot;traceId&quot;:&quot;test-trace-123&quot;,&quot;userId&quot;:&quot;user-456&quot;,&quot;path&quot;:&quot;/v1/api/test&quot;,&quot;message&quot;:&quot;Test message&quot;,&quot;type&quot;:&quot;general&quot;}

            </system-out>
        </testcase>
        <testcase classname="test/logging/logger.spec.ts" name="Logger &gt; log entry structure &gt; should handle null userId" time="0.03">
            <system-out>
{&quot;timestamp&quot;:&quot;2025-12-14T20:04:25.898Z&quot;,&quot;service&quot;:&quot;stockly-api-test&quot;,&quot;level&quot;:&quot;INFO&quot;,&quot;traceId&quot;:&quot;test-trace-123&quot;,&quot;userId&quot;:null,&quot;path&quot;:&quot;/v1/api/test&quot;,&quot;message&quot;:&quot;Test&quot;,&quot;type&quot;:&quot;general&quot;}

            </system-out>
        </testcase>
        <testcase classname="test/logging/logger.spec.ts" name="Logger &gt; log entry structure &gt; should handle undefined userId" time="0.027">
            <system-out>
{&quot;timestamp&quot;:&quot;2025-12-14T20:04:25.923Z&quot;,&quot;service&quot;:&quot;test&quot;,&quot;level&quot;:&quot;INFO&quot;,&quot;traceId&quot;:&quot;test&quot;,&quot;userId&quot;:null,&quot;path&quot;:&quot;/test&quot;,&quot;message&quot;:&quot;Test&quot;,&quot;type&quot;:&quot;general&quot;}

            </system-out>
        </testcase>
        <testcase classname="test/logging/logger.spec.ts" name="extractUserId &gt; should extract userId from push-token path" time="0.022">
        </testcase>
        <testcase classname="test/logging/logger.spec.ts" name="extractUserId &gt; should extract userId from preferences path" time="0.024">
        </testcase>
        <testcase classname="test/logging/logger.spec.ts" name="extractUserId &gt; should extract userId from settings path" time="0.015">
        </testcase>
        <testcase classname="test/logging/logger.spec.ts" name="extractUserId &gt; should extract userId from devices path" time="0.014">
        </testcase>
        <testcase classname="test/logging/logger.spec.ts" name="extractUserId &gt; should return null when userId not in path" time="0.014">
        </testcase>
        <testcase classname="test/logging/logger.spec.ts" name="extractUserId &gt; should return null for paths without userId pattern" time="0.016">
        </testcase>
        <testcase classname="test/logging/logger.spec.ts" name="extractUserId &gt; should extract userId from path with query params" time="0.013">
        </testcase>
    </testsuite>
    <testsuite name="test/logging/loki-shipper.spec.ts" timestamp="2025-12-14T20:04:38.260Z" hostname="sngvahmed" tests="12" failures="0" errors="0" skipped="0" time="0.537">
        <testcase classname="test/logging/loki-shipper.spec.ts" name="Loki Shipper &gt; sendLogsToLoki &gt; should ship logs successfully" time="0.037">
            <system-out>
[Loki Shipper] Successfully shipped 2 log entries

            </system-out>
        </testcase>
        <testcase classname="test/logging/loki-shipper.spec.ts" name="Loki Shipper &gt; sendLogsToLoki &gt; should format timestamps as nanoseconds" time="0.036">
            <system-out>
[Loki Shipper] Successfully shipped 2 log entries

            </system-out>
        </testcase>
        <testcase classname="test/logging/loki-shipper.spec.ts" name="Loki Shipper &gt; sendLogsToLoki &gt; should handle URL with trailing slash" time="0.061">
            <system-out>
[Loki Shipper] Successfully shipped 2 log entries

            </system-out>
        </testcase>
        <testcase classname="test/logging/loki-shipper.spec.ts" name="Loki Shipper &gt; sendLogsToLoki &gt; should include Basic Auth when credentials provided" time="0.035">
            <system-out>
[Loki Shipper] Successfully shipped 2 log entries

            </system-out>
        </testcase>
        <testcase classname="test/logging/loki-shipper.spec.ts" name="Loki Shipper &gt; sendLogsToLoki &gt; should not include Auth when credentials not provided" time="0.046">
            <system-out>
[Loki Shipper] Successfully shipped 2 log entries

            </system-out>
        </testcase>
        <testcase classname="test/logging/loki-shipper.spec.ts" name="Loki Shipper &gt; sendLogsToLoki &gt; should include custom labels" time="0.026">
            <system-out>
[Loki Shipper] Successfully shipped 2 log entries

            </system-out>
        </testcase>
        <testcase classname="test/logging/loki-shipper.spec.ts" name="Loki Shipper &gt; sendLogsToLoki &gt; should return early if no logs" time="0.025">
        </testcase>
        <testcase classname="test/logging/loki-shipper.spec.ts" name="Loki Shipper &gt; sendLogsToLoki &gt; should return early if URL not configured" time="0.03">
        </testcase>
        <testcase classname="test/logging/loki-shipper.spec.ts" name="Loki Shipper &gt; sendLogsToLoki &gt; should handle non-200 response" time="0.042">
        </testcase>
        <testcase classname="test/logging/loki-shipper.spec.ts" name="Loki Shipper &gt; sendLogsToLoki &gt; should handle network errors gracefully" time="0.027">
        </testcase>
        <testcase classname="test/logging/loki-shipper.spec.ts" name="Loki Shipper &gt; sendLogsToLoki &gt; should handle fetch text() error" time="0.028">
        </testcase>
        <testcase classname="test/logging/loki-shipper.spec.ts" name="Loki Shipper &gt; sendLogsToLoki &gt; should format logs correctly with all log types" time="0.052">
            <system-out>
[Loki Shipper] Successfully shipped 3 log entries

            </system-out>
        </testcase>
    </testsuite>
    <testsuite name="test/notifications/fcm-sender.spec.ts" timestamp="2025-12-14T20:04:38.261Z" hostname="sngvahmed" tests="13" failures="0" errors="0" skipped="0" time="0.903">
        <testcase classname="test/notifications/fcm-sender.spec.ts" name="FCM Sender &gt; sendFCMNotificationWithLogs &gt; should reject invalid token format" time="0.026">
        </testcase>
        <testcase classname="test/notifications/fcm-sender.spec.ts" name="FCM Sender &gt; sendFCMNotificationWithLogs &gt; should reject null token" time="0.024">
        </testcase>
        <testcase classname="test/notifications/fcm-sender.spec.ts" name="FCM Sender &gt; sendFCMNotificationWithLogs &gt; should handle missing FCM_SERVICE_ACCOUNT" time="0.037">
        </testcase>
        <testcase classname="test/notifications/fcm-sender.spec.ts" name="FCM Sender &gt; sendFCMNotificationWithLogs &gt; should handle invalid service account JSON" time="0.057">
        </testcase>
        <testcase classname="test/notifications/fcm-sender.spec.ts" name="FCM Sender &gt; sendFCMNotificationWithLogs &gt; should handle JWT generation failure" time="0.052">
            <system-err>
Failed to get Google access token: Error: JWT generation failed
    at /home/sngvahmed/workspace/stockly/api/test/notifications/fcm-sender.spec.ts:116:54
    at home/sngvahmed/workspace/stockly/api/node_modules/@vitest/runner/dist/chunk-hooks.js:155:11
    at home/sngvahmed/workspace/stockly/api/node_modules/@vitest/runner/dist/chunk-hooks.js:752:26
    at home/sngvahmed/workspace/stockly/api/node_modules/@vitest/runner/dist/chunk-hooks.js:1897:20
    at new Promise (&lt;anonymous&gt;)
    at runWithTimeout (home/sngvahmed/workspace/stockly/api/node_modules/@vitest/runner/dist/chunk-hooks.js:1863:10)
    at runTest (home/sngvahmed/workspace/stockly/api/node_modules/@vitest/runner/dist/chunk-hooks.js:1574:12)
    at runSuite (home/sngvahmed/workspace/stockly/api/node_modules/@vitest/runner/dist/chunk-hooks.js:1729:8)
    at runSuite (home/sngvahmed/workspace/stockly/api/node_modules/@vitest/runner/dist/chunk-hooks.js:1729:8)
    at runSuite (home/sngvahmed/workspace/stockly/api/node_modules/@vitest/runner/dist/chunk-hooks.js:1729:8)

            </system-err>
        </testcase>
        <testcase classname="test/notifications/fcm-sender.spec.ts" name="FCM Sender &gt; sendFCMNotificationWithLogs &gt; should handle access token exchange failure" time="0.078">
            <system-err>
Failed to get Google access token: Error: Token exchange failed
    at /home/sngvahmed/workspace/stockly/api/test/notifications/fcm-sender.spec.ts:133:9
    at home/sngvahmed/workspace/stockly/api/node_modules/@vitest/runner/dist/chunk-hooks.js:155:11
    at home/sngvahmed/workspace/stockly/api/node_modules/@vitest/runner/dist/chunk-hooks.js:752:26
    at home/sngvahmed/workspace/stockly/api/node_modules/@vitest/runner/dist/chunk-hooks.js:1897:20
    at new Promise (&lt;anonymous&gt;)
    at runWithTimeout (home/sngvahmed/workspace/stockly/api/node_modules/@vitest/runner/dist/chunk-hooks.js:1863:10)
    at runTest (home/sngvahmed/workspace/stockly/api/node_modules/@vitest/runner/dist/chunk-hooks.js:1574:12)
    at runSuite (home/sngvahmed/workspace/stockly/api/node_modules/@vitest/runner/dist/chunk-hooks.js:1729:8)
    at runSuite (home/sngvahmed/workspace/stockly/api/node_modules/@vitest/runner/dist/chunk-hooks.js:1729:8)
    at runSuite (home/sngvahmed/workspace/stockly/api/node_modules/@vitest/runner/dist/chunk-hooks.js:1729:8)

            </system-err>
        </testcase>
        <testcase classname="test/notifications/fcm-sender.spec.ts" name="FCM Sender &gt; sendFCMNotificationWithLogs &gt; should send notification successfully" time="0.061">
        </testcase>
        <testcase classname="test/notifications/fcm-sender.spec.ts" name="FCM Sender &gt; sendFCMNotificationWithLogs &gt; should retry on temporary errors" time="0.281">
            <system-err>
{&quot;timestamp&quot;:&quot;2025-12-14T20:04:25.507Z&quot;,&quot;service&quot;:&quot;stockly-api-test&quot;,&quot;level&quot;:&quot;ERROR&quot;,&quot;traceId&quot;:&quot;test-trace-id&quot;,&quot;userId&quot;:null,&quot;path&quot;:&quot;/test&quot;,&quot;message&quot;:&quot;FCM push notification failed&quot;,&quot;type&quot;:&quot;fcm_error&quot;,&quot;fcmErrorCode&quot;:&quot;14&quot;,&quot;fcmErrorType&quot;:&quot;UNAVAILABLE&quot;,&quot;isPermanent&quot;:false,&quot;shouldCleanupToken&quot;:false,&quot;requestPayload&quot;:{&quot;token&quot;:&quot;dXXXXXXXXXXXXXXXXXXXXXXXXXXXXX...&quot;,&quot;title&quot;:&quot;Test Title&quot;,&quot;body&quot;:&quot;Test Body&quot;,&quot;dataKeys&quot;:[&quot;alertId&quot;]},&quot;errorMessage&quot;:&quot;Service unavailable&quot;}

            </system-err>
        </testcase>
        <testcase classname="test/notifications/fcm-sender.spec.ts" name="FCM Sender &gt; sendFCMNotificationWithLogs &gt; should not retry on permanent errors" time="0.057">
            <system-err>
{&quot;timestamp&quot;:&quot;2025-12-14T20:04:25.767Z&quot;,&quot;service&quot;:&quot;stockly-api-test&quot;,&quot;level&quot;:&quot;ERROR&quot;,&quot;traceId&quot;:&quot;test-trace-id&quot;,&quot;userId&quot;:null,&quot;path&quot;:&quot;/test&quot;,&quot;message&quot;:&quot;FCM push notification failed&quot;,&quot;type&quot;:&quot;fcm_error&quot;,&quot;fcmErrorCode&quot;:&quot;5&quot;,&quot;fcmErrorType&quot;:&quot;NOT_FOUND&quot;,&quot;isPermanent&quot;:true,&quot;shouldCleanupToken&quot;:true,&quot;requestPayload&quot;:{&quot;token&quot;:&quot;dXXXXXXXXXXXXXXXXXXXXXXXXXXXXX...&quot;,&quot;title&quot;:&quot;Test Title&quot;,&quot;body&quot;:&quot;Test Body&quot;,&quot;dataKeys&quot;:[&quot;alertId&quot;]},&quot;errorMessage&quot;:&quot;Token not found&quot;}

            </system-err>
        </testcase>
        <testcase classname="test/notifications/fcm-sender.spec.ts" name="FCM Sender &gt; sendFCMNotificationWithLogs &gt; should log FCM errors" time="0.034">
            <system-err>
{&quot;timestamp&quot;:&quot;2025-12-14T20:04:25.803Z&quot;,&quot;service&quot;:&quot;stockly-api-test&quot;,&quot;level&quot;:&quot;ERROR&quot;,&quot;traceId&quot;:&quot;test-trace-id&quot;,&quot;userId&quot;:null,&quot;path&quot;:&quot;/test&quot;,&quot;message&quot;:&quot;FCM push notification failed&quot;,&quot;type&quot;:&quot;fcm_error&quot;,&quot;fcmErrorCode&quot;:&quot;3&quot;,&quot;fcmErrorType&quot;:&quot;INVALID_ARGUMENT&quot;,&quot;isPermanent&quot;:true,&quot;shouldCleanupToken&quot;:true,&quot;requestPayload&quot;:{&quot;token&quot;:&quot;dXXXXXXXXXXXXXXXXXXXXXXXXXXXXX...&quot;,&quot;title&quot;:&quot;Test Title&quot;,&quot;body&quot;:&quot;Test Body&quot;,&quot;dataKeys&quot;:[&quot;alertId&quot;]},&quot;errorMessage&quot;:&quot;Invalid token&quot;}

            </system-err>
        </testcase>
        <testcase classname="test/notifications/fcm-sender.spec.ts" name="FCM Sender &gt; sendFCMNotificationWithLogs &gt; should convert data values to strings" time="0.03">
        </testcase>
        <testcase classname="test/notifications/fcm-sender.spec.ts" name="FCM Sender &gt; sendFCMNotification &gt; should return true on success" time="0.025">
        </testcase>
        <testcase classname="test/notifications/fcm-sender.spec.ts" name="FCM Sender &gt; sendFCMNotification &gt; should return false on failure" time="0.024">
            <system-err>
{&quot;timestamp&quot;:&quot;2025-12-14T20:04:25.931Z&quot;,&quot;service&quot;:&quot;stockly-api-test&quot;,&quot;level&quot;:&quot;ERROR&quot;,&quot;traceId&quot;:&quot;test-trace-id&quot;,&quot;userId&quot;:null,&quot;path&quot;:&quot;/test&quot;,&quot;message&quot;:&quot;FCM push notification failed&quot;,&quot;type&quot;:&quot;fcm_error&quot;,&quot;fcmErrorCode&quot;:&quot;3&quot;,&quot;fcmErrorType&quot;:&quot;INVALID_ARGUMENT&quot;,&quot;isPermanent&quot;:true,&quot;shouldCleanupToken&quot;:true,&quot;requestPayload&quot;:{&quot;token&quot;:&quot;dXXXXXXXXXXXXXXXXXXXXXXXXXXXXX...&quot;,&quot;title&quot;:&quot;Title&quot;,&quot;body&quot;:&quot;Body&quot;,&quot;dataKeys&quot;:[]},&quot;errorMessage&quot;:&quot;Invalid token&quot;}

            </system-err>
        </testcase>
    </testsuite>
    <testsuite name="test/notifications/jwt-helper.spec.ts" timestamp="2025-12-14T20:04:38.263Z" hostname="sngvahmed" tests="10" failures="0" errors="0" skipped="0" time="0.547">
        <testcase classname="test/notifications/jwt-helper.spec.ts" name="JWT Helper &gt; generateGoogleJWT &gt; should generate JWT with correct structure" time="0.035">
        </testcase>
        <testcase classname="test/notifications/jwt-helper.spec.ts" name="JWT Helper &gt; generateGoogleJWT &gt; should include correct header" time="0.064">
        </testcase>
        <testcase classname="test/notifications/jwt-helper.spec.ts" name="JWT Helper &gt; generateGoogleJWT &gt; should include correct payload" time="0.03">
        </testcase>
        <testcase classname="test/notifications/jwt-helper.spec.ts" name="JWT Helper &gt; generateGoogleJWT &gt; should use custom scope" time="0.063">
        </testcase>
        <testcase classname="test/notifications/jwt-helper.spec.ts" name="JWT Helper &gt; generateGoogleJWT &gt; should handle PEM key parsing" time="0.024">
        </testcase>
        <testcase classname="test/notifications/jwt-helper.spec.ts" name="JWT Helper &gt; generateGoogleJWT &gt; should sign with RSASSA-PKCS1-v1_5" time="0.028">
        </testcase>
        <testcase classname="test/notifications/jwt-helper.spec.ts" name="JWT Helper &gt; getGoogleAccessTokenFromJWT &gt; should exchange JWT for access token" time="0.034">
        </testcase>
        <testcase classname="test/notifications/jwt-helper.spec.ts" name="JWT Helper &gt; getGoogleAccessTokenFromJWT &gt; should handle non-ok response" time="0.03">
        </testcase>
        <testcase classname="test/notifications/jwt-helper.spec.ts" name="JWT Helper &gt; getGoogleAccessTokenFromJWT &gt; should handle missing access_token in response" time="0.052">
        </testcase>
        <testcase classname="test/notifications/jwt-helper.spec.ts" name="JWT Helper &gt; getGoogleAccessTokenFromJWT &gt; should handle network errors" time="0.026">
        </testcase>
    </testsuite>
</testsuites>
